[    0.000000] Linux version 4.15.0-175-generic (buildd@lcy02-amd64-034) (gcc version 7.5.0 (Ubuntu 7.5.0-3ubuntu1~18.04)) #184-Ubuntu SMP Thu Mar 24 17:48:36 UTC 2022 (Ubuntu 4.15.0-175.184-generic 4.15.18)
[    0.000000] Command line: BOOT_IMAGE=/boot/vmlinuz-4.15.0-175-generic root=UUID=c3410204-d08d-4de1-869a-1ed4cec3f34a ro console=tty1 console=ttyS0
[    0.000000] KERNEL supported cpus:
[    0.000000]   Intel GenuineIntel
[    0.000000]   AMD AuthenticAMD
[    0.000000]   Centaur CentaurHauls
[    0.000000] x86/fpu: Supporting XSAVE feature 0x001: 'x87 floating point registers'
[    0.000000] x86/fpu: Supporting XSAVE feature 0x002: 'SSE registers'
[    0.000000] x86/fpu: Supporting XSAVE feature 0x004: 'AVX registers'
[    0.000000] x86/fpu: xstate_offset[2]:  576, xstate_sizes[2]:  256
[    0.000000] x86/fpu: Enabled xstate features 0x7, context size is 832 bytes, using 'standard' format.
[    0.000000] e820: BIOS-provided physical RAM map:
[    0.000000] BIOS-e820: [mem 0x0000000000000000-0x000000000009fbff] usable
[    0.000000] BIOS-e820: [mem 0x000000000009fc00-0x000000000009ffff] reserved
[    0.000000] BIOS-e820: [mem 0x00000000000f0000-0x00000000000fffff] reserved
[    0.000000] BIOS-e820: [mem 0x0000000000100000-0x000000007ffeffff] usable
[    0.000000] BIOS-e820: [mem 0x000000007fff0000-0x000000007fffffff] ACPI data
[    0.000000] BIOS-e820: [mem 0x00000000fec00000-0x00000000fec00fff] reserved
[    0.000000] BIOS-e820: [mem 0x00000000fee00000-0x00000000fee00fff] reserved
[    0.000000] BIOS-e820: [mem 0x00000000fffc0000-0x00000000ffffffff] reserved
[    0.000000] NX (Execute Disable) protection: active
[    0.000000] SMBIOS 2.5 present.
[    0.000000] DMI: innotek GmbH VirtualBox/VirtualBox, BIOS VirtualBox 12/01/2006
[    0.000000] Hypervisor detected: KVM
[    0.000000] e820: last_pfn = 0x7fff0 max_arch_pfn = 0x400000000
[    0.000000] MTRR: Disabled
[    0.000000] x86/PAT: MTRRs disabled, skipping PAT initialization too.
[    0.000000] CPU MTRRs all blank - virtualized system.
[    0.000000] x86/PAT: Configuration [0-7]: WB  WT  UC- UC  WB  WT  UC- UC  
[    0.000000] found SMP MP-table at [mem 0x0009fff0-0x0009ffff]
[    0.000000] Scanning 1 areas for low memory corruption
[    0.000000] RAMDISK: [mem 0x3581b000-0x36c04fff]
[    0.000000] ACPI: Early table checksum verification disabled
[    0.000000] ACPI: RSDP 0x00000000000E0000 000024 (v02 VBOX  )
[    0.000000] ACPI: XSDT 0x000000007FFF0030 00003C (v01 VBOX   VBOXXSDT 00000001 ASL  00000061)
[    0.000000] ACPI: FACP 0x000000007FFF00F0 0000F4 (v04 VBOX   VBOXFACP 00000001 ASL  00000061)
[    0.000000] ACPI: DSDT 0x000000007FFF0470 002325 (v02 VBOX   VBOXBIOS 00000002 INTL 20100528)
[    0.000000] ACPI: FACS 0x000000007FFF0200 000040
[    0.000000] ACPI: FACS 0x000000007FFF0200 000040
[    0.000000] ACPI: APIC 0x000000007FFF0240 00005C (v02 VBOX   VBOXAPIC 00000001 ASL  00000061)
[    0.000000] ACPI: SSDT 0x000000007FFF02A0 0001CC (v01 VBOX   VBOXCPUT 00000002 INTL 20100528)
[    0.000000] ACPI: Reserving FACP table memory at [mem 0x7fff00f0-0x7fff01e3]
[    0.000000] ACPI: Reserving DSDT table memory at [mem 0x7fff0470-0x7fff2794]
[    0.000000] ACPI: Reserving FACS table memory at [mem 0x7fff0200-0x7fff023f]
[    0.000000] ACPI: Reserving FACS table memory at [mem 0x7fff0200-0x7fff023f]
[    0.000000] ACPI: Reserving APIC table memory at [mem 0x7fff0240-0x7fff029b]
[    0.000000] ACPI: Reserving SSDT table memory at [mem 0x7fff02a0-0x7fff046b]
[    0.000000] No NUMA configuration found
[    0.000000] Faking a node at [mem 0x0000000000000000-0x000000007ffeffff]
[    0.000000] NODE_DATA(0) allocated [mem 0x7ffc5000-0x7ffeffff]
[    0.000000] kvm-clock: cpu 0, msr 0:7ff44001, primary cpu clock
[    0.000000] kvm-clock: Using msrs 4b564d01 and 4b564d00
[    0.000000] kvm-clock: using sched offset of 5583622975 cycles
[    0.000000] clocksource: kvm-clock: mask: 0xffffffffffffffff max_cycles: 0x1cd42e4dffb, max_idle_ns: 881590591483 ns
[    0.000000] Zone ranges:
[    0.000000]   DMA      [mem 0x0000000000001000-0x0000000000ffffff]
[    0.000000]   DMA32    [mem 0x0000000001000000-0x000000007ffeffff]
[    0.000000]   Normal   empty
[    0.000000]   Device   empty
[    0.000000] Movable zone start for each node
[    0.000000] Early memory node ranges
[    0.000000]   node   0: [mem 0x0000000000001000-0x000000000009efff]
[    0.000000]   node   0: [mem 0x0000000000100000-0x000000007ffeffff]
[    0.000000] Reserved but unavailable: 104 pages
[    0.000000] Initmem setup node 0 [mem 0x0000000000001000-0x000000007ffeffff]
[    0.000000] ACPI: PM-Timer IO Port: 0x4008
[    0.000000] IOAPIC[0]: apic_id 2, version 32, address 0xfec00000, GSI 0-23
[    0.000000] ACPI: INT_SRC_OVR (bus 0 bus_irq 0 global_irq 2 dfl dfl)
[    0.000000] ACPI: INT_SRC_OVR (bus 0 bus_irq 9 global_irq 9 low level)
[    0.000000] Using ACPI (MADT) for SMP configuration information
[    0.000000] smpboot: Allowing 2 CPUs, 0 hotplug CPUs
[    0.000000] PM: Registered nosave memory: [mem 0x00000000-0x00000fff]
[    0.000000] PM: Registered nosave memory: [mem 0x0009f000-0x0009ffff]
[    0.000000] PM: Registered nosave memory: [mem 0x000a0000-0x000effff]
[    0.000000] PM: Registered nosave memory: [mem 0x000f0000-0x000fffff]
[    0.000000] e820: [mem 0x80000000-0xfebfffff] available for PCI devices
[    0.000000] Booting paravirtualized kernel on KVM
[    0.000000] clocksource: refined-jiffies: mask: 0xffffffff max_cycles: 0xffffffff, max_idle_ns: 7645519600211568 ns
[    0.000000] random: get_random_bytes called from start_kernel+0x99/0x500 with crng_init=0
[    0.000000] setup_percpu: NR_CPUS:8192 nr_cpumask_bits:2 nr_cpu_ids:2 nr_node_ids:1
[    0.000000] percpu: Embedded 50 pages/cpu s167936 r8192 d28672 u1048576
[    0.000000] PV qspinlock hash table entries: 256 (order: 0, 4096 bytes)
[    0.000000] Built 1 zonelists, mobility grouping on.  Total pages: 515961
[    0.000000] Policy zone: DMA32
[    0.000000] Kernel command line: BOOT_IMAGE=/boot/vmlinuz-4.15.0-175-generic root=UUID=c3410204-d08d-4de1-869a-1ed4cec3f34a ro console=tty1 console=ttyS0
[    0.000000] Memory: 2013976K/2096696K available (12300K kernel code, 2484K rwdata, 4324K rodata, 2468K init, 2724K bss, 82720K reserved, 0K cma-reserved)
[    0.000000] SLUB: HWalign=64, Order=0-3, MinObjects=0, CPUs=2, Nodes=1
[    0.000000] Kernel/User page tables isolation: enabled
[    0.000000] ftrace: allocating 39503 entries in 155 pages
[    0.004000] Hierarchical RCU implementation.
[    0.004000] 	RCU restricting CPUs from NR_CPUS=8192 to nr_cpu_ids=2.
[    0.004000] 	Tasks RCU enabled.
[    0.004000] RCU: Adjusting geometry for rcu_fanout_leaf=16, nr_cpu_ids=2
[    0.004000] NR_IRQS: 524544, nr_irqs: 440, preallocated irqs: 16
[    0.004000] Console: colour VGA+ 80x25
[    0.004000] console [tty1] enabled
[    0.004000] console [ttyS0] enabled
[    0.004000] ACPI: Core revision 20170831
[    0.004000] ACPI: 2 ACPI AML tables successfully acquired and loaded
[    0.004000] APIC: Switch to symmetric I/O mode setup
[    0.004000] x2apic enabled
[    0.004016] Switched APIC routing to physical x2apic.
[    0.008000] ..TIMER: vector=0x30 apic1=0 pin1=2 apic2=-1 pin2=-1
[    0.008009] tsc: Detected 3408.000 MHz processor
[    0.011210] Calibrating delay loop (skipped) preset value.. 6816.00 BogoMIPS (lpj=13632000)
[    0.012009] pid_max: default: 32768 minimum: 301
[    0.016097] Security Framework initialized
[    0.018915] Yama: becoming mindful.
[    0.020053] AppArmor: AppArmor initialized
[    0.024269] Dentry cache hash table entries: 262144 (order: 9, 2097152 bytes)
[    0.028829] Inode-cache hash table entries: 131072 (order: 8, 1048576 bytes)
[    0.032044] Mount-cache hash table entries: 4096 (order: 3, 32768 bytes)
[    0.036018] Mountpoint-cache hash table entries: 4096 (order: 3, 32768 bytes)
[    0.040813] Last level iTLB entries: 4KB 64, 2MB 8, 4MB 8
[    0.044009] Last level dTLB entries: 4KB 64, 2MB 0, 4MB 0, 1GB 4
[    0.048007] Spectre V1 : Mitigation: usercopy/swapgs barriers and __user pointer sanitization
[    0.052010] Spectre V2 : Mitigation: Retpolines
[    0.055070] Spectre V2 : Spectre v2 / SpectreRSB mitigation: Filling RSB on context switch
[    0.056009] Speculative Store Bypass: Vulnerable
[    0.060089] SRBDS: Unknown: Dependent on hypervisor status
[    0.062945] MDS: Mitigation: Clear CPU buffers
[    0.064471] Freeing SMP alternatives memory: 36K
[    0.181560] smpboot: CPU0: Intel(R) Core(TM) i7-6700 CPU @ 3.40GHz (family: 0x6, model: 0x5e, stepping: 0x3)
[    0.184134] Performance Events: unsupported p6 CPU model 94 no PMU driver, software events only.
[    0.188072] Hierarchical SRCU implementation.
[    0.193196] NMI watchdog: Perf event create on CPU 0 failed with -2
[    0.196004] NMI watchdog: Perf NMI watchdog permanently disabled
[    0.200096] smp: Bringing up secondary CPUs ...
[    0.204159] x86: Booting SMP configuration:
[    0.206563] .... node  #0, CPUs:      #1
[    0.004000] kvm-clock: cpu 1, msr 0:7ff44041, secondary cpu clock
[    0.218398] smp: Brought up 1 node, 2 CPUs
[    0.220009] smpboot: Max logical packages: 1
[    0.222266] smpboot: Total of 2 processors activated (13632.00 BogoMIPS)
[    0.224231] devtmpfs: initialized
[    0.228109] x86/mm: Memory block size: 128MB
[    0.230846] evm: security.selinux
[    0.232008] evm: security.SMACK64
[    0.236021] evm: security.SMACK64EXEC
[    0.238747] evm: security.SMACK64TRANSMUTE
[    0.240008] evm: security.SMACK64MMAP
[    0.244009] evm: security.apparmor
[    0.246481] evm: security.ima
[    0.248008] evm: security.capability
[    0.252298] clocksource: jiffies: mask: 0xffffffff max_cycles: 0xffffffff, max_idle_ns: 7645041785100000 ns
[    0.256024] futex hash table entries: 512 (order: 3, 32768 bytes)
[    0.260089] pinctrl core: initialized pinctrl subsystem
[    0.264274] RTC time: 23:52:14, date: 04/15/22
[    0.268333] NET: Registered protocol family 16
[    0.272321] audit: initializing netlink subsys (disabled)
[    0.276067] audit: type=2000 audit(1650066741.700:1): state=initialized audit_enabled=0 res=1
[    0.280019] cpuidle: using governor ladder
[    0.284023] cpuidle: using governor menu
[    0.286497] ACPI: bus type PCI registered
[    0.288007] acpiphp: ACPI Hot Plug PCI Controller Driver version: 0.5
[    0.296176] PCI: Using configuration type 1 for base access
[    0.304097] HugeTLB registered 2.00 MiB page size, pre-allocated 0 pages
[    0.308207] ACPI: Added _OSI(Module Device)
[    0.312019] ACPI: Added _OSI(Processor Device)
[    0.314999] ACPI: Added _OSI(3.0 _SCP Extensions)
[    0.316008] ACPI: Added _OSI(Processor Aggregator Device)
[    0.320008] ACPI: Added _OSI(Linux-Dell-Video)
[    0.324007] ACPI: Added _OSI(Linux-Lenovo-NV-HDMI-Audio)
[    0.327315] ACPI: Added _OSI(Linux-HPI-Hybrid-Graphics)
[    0.328939] ACPI: Executed 1 blocks of module-level executable AML code
[    0.346321] ACPI: Interpreter enabled
[    0.348066] ACPI: (supports S0 S5)
[    0.350350] ACPI: Using IOAPIC for interrupt routing
[    0.356551] PCI: Using host bridge windows from ACPI; if necessary, use "pci=nocrs" and report a bug
[    0.360586] ACPI: Enabled 2 GPEs in block 00 to 07
[    0.387305] ACPI: PCI Root Bridge [PCI0] (domain 0000 [bus 00-ff])
[    0.388017] acpi PNP0A03:00: _OSC: OS supports [ASPM ClockPM Segments MSI]
[    0.396491] acpi PNP0A03:00: _OSC: not requesting OS control; OS requires [ExtendedConfig ASPM ClockPM MSI]
[    0.400034] acpi PNP0A03:00: fail to add MMCONFIG information, can't access extended PCI configuration space under this bridge.
[    0.405352] PCI host bridge to bus 0000:00
[    0.408009] pci_bus 0000:00: root bus resource [io  0x0000-0x0cf7 window]
[    0.412007] pci_bus 0000:00: root bus resource [io  0x0d00-0xffff window]
[    0.416009] pci_bus 0000:00: root bus resource [mem 0x000a0000-0x000bffff window]
[    0.420030] pci_bus 0000:00: root bus resource [mem 0x80000000-0xfdffffff window]
[    0.424010] pci_bus 0000:00: root bus resource [bus 00-ff]
[    0.437621] pci 0000:00:01.1: legacy IDE quirk: reg 0x10: [io  0x01f0-0x01f7]
[    0.440017] pci 0000:00:01.1: legacy IDE quirk: reg 0x14: [io  0x03f6]
[    0.444012] pci 0000:00:01.1: legacy IDE quirk: reg 0x18: [io  0x0170-0x0177]
[    0.448010] pci 0000:00:01.1: legacy IDE quirk: reg 0x1c: [io  0x0376]
[    0.490579] pci 0000:00:07.0: quirk: [io  0x4000-0x403f] claimed by PIIX4 ACPI
[    0.492052] pci 0000:00:07.0: quirk: [io  0x4100-0x410f] claimed by PIIX4 SMB
[    0.527822] ACPI: PCI Interrupt Link [LNKA] (IRQs 5 9 10 *11)
[    0.532701] ACPI: PCI Interrupt Link [LNKB] (IRQs 5 9 *10 11)
[    0.536455] ACPI: PCI Interrupt Link [LNKC] (IRQs 5 *9 10 11)
[    0.540523] ACPI: PCI Interrupt Link [LNKD] (IRQs 5 9 10 *11)
[    0.548032] SCSI subsystem initialized
[    0.550742] pci 0000:00:02.0: vgaarb: setting as boot VGA device
[    0.551140] pci 0000:00:02.0: vgaarb: VGA device added: decodes=io+mem,owns=io+mem,locks=none
[    0.552018] pci 0000:00:02.0: vgaarb: bridge control possible
[    0.556000] vgaarb: loaded
[    0.556145] ACPI: bus type USB registered
[    0.560061] usbcore: registered new interface driver usbfs
[    0.564038] usbcore: registered new interface driver hub
[    0.568027] usbcore: registered new device driver usb
[    0.572148] EDAC MC: Ver: 3.0.0
[    0.576752] PCI: Using ACPI for IRQ routing
[    0.580723] NetLabel: Initializing
[    0.583126] NetLabel:  domain hash size = 128
[    0.584005] NetLabel:  protocols = UNLABELED CIPSOv4 CALIPSO
[    0.588047] NetLabel:  unlabeled traffic allowed by default
[    0.592123] clocksource: Switched to clocksource kvm-clock
[    0.619949] VFS: Disk quotas dquot_6.6.0
[    0.623236] VFS: Dquot-cache hash table entries: 512 (order 0, 4096 bytes)
[    0.628729] AppArmor: AppArmor Filesystem Enabled
[    0.632411] pnp: PnP ACPI init
[    0.639373] pnp: PnP ACPI: found 3 devices
[    0.656477] clocksource: acpi_pm: mask: 0xffffff max_cycles: 0xffffff, max_idle_ns: 2085701024 ns
[    0.663118] NET: Registered protocol family 2
[    0.666681] IP idents hash table entries: 32768 (order: 6, 262144 bytes)
[    0.671867] TCP established hash table entries: 16384 (order: 5, 131072 bytes)
[    0.677429] TCP bind hash table entries: 16384 (order: 6, 262144 bytes)
[    0.683269] TCP: Hash tables configured (established 16384 bind 16384)
[    0.688301] UDP hash table entries: 1024 (order: 3, 32768 bytes)
[    0.692211] UDP-Lite hash table entries: 1024 (order: 3, 32768 bytes)
[    0.697793] NET: Registered protocol family 1
[    0.701892] pci 0000:00:00.0: Limiting direct PCI/PCI transfers
[    0.706329] pci 0000:00:01.0: Activating ISA DMA hang workarounds
[    0.711267] pci 0000:00:02.0: Video device with shadowed ROM at [mem 0x000c0000-0x000dffff]
[    0.719483] Unpacking initramfs...
[    1.438257] Freeing initrd memory: 20392K
[    1.441067] clocksource: tsc: mask: 0xffffffffffffffff max_cycles: 0x311fd3cd494, max_idle_ns: 440795223879 ns
[    1.446730] platform rtc_cmos: registered platform RTC device (no PNP device found)
[    1.451596] Scanning for low memory corruption every 60 seconds
[    1.455696] Initialise system trusted keyrings
[    1.458212] Key type blacklist registered
[    1.460468] workingset: timestamp_bits=36 max_order=19 bucket_order=0
[    1.465945] zbud: loaded
[    1.469576] squashfs: version 4.0 (2009/01/31) Phillip Lougher
[    1.473735] fuse init (API version 7.26)
[    1.479932] Key type asymmetric registered
[    1.483076] Asymmetric key parser 'x509' registered
[    1.486293] Block layer SCSI generic (bsg) driver version 0.4 loaded (major 246)
[    1.491210] io scheduler noop registered
[    1.493481] io scheduler deadline registered
[    1.495614] io scheduler cfq registered (default)
[    1.499796] ACPI: AC Adapter [AC] (on-line)
[    1.502592] input: Power Button as /devices/LNXSYSTM:00/LNXPWRBN:00/input/input0
[    1.508157] ACPI: Power Button [PWRF]
[    1.510959] input: Sleep Button as /devices/LNXSYSTM:00/LNXSLPBN:00/input/input1
[    1.516273] ACPI: Sleep Button [SLPF]
[    1.519673] Serial: 8250/16550 driver, 32 ports, IRQ sharing enabled
[    1.545389] 00:02: ttyS0 at I/O 0x3f8 (irq = 4, base_baud = 115200) is a 16550A
[    1.556219] Linux agpgart interface v0.103
[    1.562629] loop: module loaded
[    1.565771] scsi host0: ata_piix
[    1.568496] scsi host1: ata_piix
[    1.571126] ata1: PATA max UDMA/33 cmd 0x1f0 ctl 0x3f6 bmdma 0xd000 irq 14
[    1.574788] ata2: PATA max UDMA/33 cmd 0x170 ctl 0x376 bmdma 0xd008 irq 15
[    1.580006] tun: Universal TUN/TAP device driver, 1.6
[    1.584820] PPP generic driver version 2.4.2
[    1.587271] ehci_hcd: USB 2.0 'Enhanced' Host Controller (EHCI) Driver
[    1.590978] ehci-pci: EHCI PCI platform driver
[    1.593808] ehci-platform: EHCI generic platform driver
[    1.598018] ohci_hcd: USB 1.1 'Open' Host Controller (OHCI) Driver
[    1.604398] ohci-pci: OHCI PCI platform driver
[    1.608752] ohci-platform: OHCI generic platform driver
[    1.616930] uhci_hcd: USB Universal Host Controller Interface driver
[    1.623537] i8042: PNP: PS/2 Controller [PNP0303:PS2K,PNP0f03:PS2M] at 0x60,0x64 irq 1,12
[    1.631261] serio: i8042 KBD port at 0x60,0x64 irq 1
[    1.634934] serio: i8042 AUX port at 0x60,0x64 irq 12
[    1.640075] mousedev: PS/2 mouse device common for all mice
[    1.645630] input: AT Translated Set 2 keyboard as /devices/platform/i8042/serio0/input/input2
[    1.652090] rtc_cmos rtc_cmos: rtc core: registered rtc_cmos as rtc0
[    1.655242] rtc_cmos rtc_cmos: alarms up to one day, 114 bytes nvram
[    1.658679] i2c /dev entries driver
[    1.661793] device-mapper: uevent: version 1.0.3
[    1.665275] device-mapper: ioctl: 4.37.0-ioctl (2017-09-20) initialised: dm-devel@redhat.com
[    1.670735] ledtrig-cpu: registered to indicate activity on CPUs
[    1.674374] NET: Registered protocol family 10
[    1.686664] Segment Routing with IPv6
[    1.688829] NET: Registered protocol family 17
[    1.691876] Key type dns_resolver registered
[    1.695643] mce: Using 0 MCE banks
[    1.697980] RAS: Correctable Errors collector initialized.
[    1.701597] sched_clock: Marking stable (1701560788, 0)->(2253472558, -551911770)
[    1.707164] registered taskstats version 1
[    1.709625] Loading compiled-in X.509 certificates
[    1.718757] Loaded X.509 cert 'Build time autogenerated kernel key: ea99b1e66d5186ff77dcfb46de385e3fbd0a569c'
[    1.727684] Loaded X.509 cert 'Canonical Ltd. Live Patch Signing: 14df34d1a87cf37625abec039ef2bf521249b969'
[    1.737314] Loaded X.509 cert 'Canonical Ltd. Kernel Module Signing: 88f752e560a1e0737e31163a466ad7b70a850c19'
[    1.743687] blacklist: Loading compiled-in revocation X.509 certificates
[    1.749828] Loaded X.509 cert 'Canonical Ltd. Secure Boot Signing: 61482aa2830d0ab2ad5af10b7250da9033ddcef0'
[    1.760320] zswap: loaded using pool lzo/zbud
[    1.782597] Key type big_key registered
[    1.785363] Key type trusted registered
[    1.793782] Key type encrypted registered
[    1.797386] AppArmor: AppArmor sha1 policy hashing enabled
[    1.802113] ima: No TPM chip found, activating TPM-bypass! (rc=-19)
[    1.807610] ima: Allocated hash algorithm: sha1
[    1.810875] evm: HMAC attrs: 0x1
[    1.814679]   Magic number: 2:894:908
[    1.818526] mem port: hash matches
[    1.822596] rtc_cmos rtc_cmos: setting system clock to 2022-04-15 23:52:15 UTC (1650066735)
[    1.831513] BIOS EDD facility v0.16 2004-Jun-25, 0 devices found
[    1.837828] EDD information not available.
[    1.850350] Freeing unused kernel image memory: 2468K
[    1.880451] Write protecting the kernel read-only data: 20480k
[    1.890306] Freeing unused kernel image memory: 2008K
[    1.896379] Freeing unused kernel image memory: 1820K
[    1.944920] x86/mm: Checked W+X mappings: passed, no W+X pages found.
[    1.951846] x86/mm: Checking user space page tables
[    1.996859] x86/mm: Checked W+X mappings: passed, no W+X pages found.
Loading, please wait...
starting version 237
[    2.351421] e1000: Intel(R) PRO/1000 Network Driver - version 7.3.21-k8-NAPI
[    2.358668] e1000: Copyright (c) 1999-2006 Intel Corporation.
[    2.366149] Fusion MPT base driver 3.04.20
[    2.370351] Copyright (c) 1999-2008 LSI Corporation
[    2.426910] Fusion MPT SPI Host driver 3.04.20
[    2.439920] AVX2 version of gcm_enc/dec engaged.
[    2.448297] AES CTR mode by8 optimization enabled
[    2.871454] input: ImExPS/2 Generic Explorer Mouse as /devices/platform/i8042/serio1/input/input4
[    3.492725] e1000 0000:00:03.0 eth0: (PCI:33MHz:32-bit) 02:3b:ab:4a:a3:42
[    3.497990] e1000 0000:00:03.0 eth0: Intel(R) PRO/1000 Network Connection
[    3.506939] mptbase: ioc0: Initiating bringup
[    3.605525] ioc0: LSI53C1030 A0: Capabilities={Initiator}
[    3.853806] scsi host2: ioc0: LSI53C1030 A0, FwRev=00000000h, Ports=1, MaxQ=256, IRQ=20
[    4.024643] scsi 2:0:0:0: Direct-Access     VBOX     HARDDISK         1.0  PQ: 0 ANSI: 5
[    4.064797] scsi target2:0:0: Beginning Domain Validation
[    4.079198] scsi target2:0:0: Domain Validation skipping write tests
[    4.083345] scsi target2:0:0: Ending Domain Validation
[    4.086882] scsi target2:0:0: asynchronous
[    4.090852] scsi 2:0:1:0: Direct-Access     VBOX     HARDDISK         1.0  PQ: 0 ANSI: 5
[    4.412171] scsi target2:0:1: Beginning Domain Validation
[    4.444914] random: fast init done
[    4.451623] scsi target2:0:1: Domain Validation skipping write tests
[    4.457397] scsi target2:0:1: Ending Domain Validation
[    4.461879] scsi target2:0:1: asynchronous
[    4.481345] random: systemd-udevd: uninitialized urandom read (16 bytes read)
[    4.487483] sd 2:0:0:0: [sda] 83886080 512-byte logical blocks: (42.9 GB/40.0 GiB)
[    4.497965] sd 2:0:0:0: Attached scsi generic sg0 type 0
[    4.509745] random: systemd-udevd: uninitialized urandom read (16 bytes read)
[    4.533721] sd 2:0:0:0: [sda] Write Protect is off
[    4.541149] sd 2:0:0:0: [sda] Incomplete mode parameter data
[    4.546290] sd 2:0:0:0: [sda] Assuming drive cache: write through
[    4.555428] sd 2:0:1:0: Attached scsi generic sg1 type 0
[    4.564422] random: systemd-udevd: uninitialized urandom read (16 bytes read)
[    4.592181] sd 2:0:1:0: [sdb] 20480 512-byte logical blocks: (10.5 MB/10.0 MiB)
[    4.599726] sd 2:0:1:0: [sdb] Write Protect is off
[    4.604440] sd 2:0:1:0: [sdb] Incomplete mode parameter data
[    4.609755] sd 2:0:1:0: [sdb] Assuming drive cache: write through
[    4.615327]  sda: sda1
[    4.622620] sd 2:0:0:0: [sda] Attached SCSI disk
[    4.633144] sd 2:0:1:0: [sdb] Attached SCSI disk
[    5.026076] e1000 0000:00:08.0 eth1: (PCI:33MHz:32-bit) 08:00:27:58:c4:91
[    5.036911] e1000 0000:00:08.0 eth1: Intel(R) PRO/1000 Network Connection
[    5.061239] e1000 0000:00:08.0 enp0s8: renamed from eth1
[    5.326108] e1000 0000:00:03.0 enp0s3: renamed from eth0
Begin: Loading essential drivers ... [    7.752109] raid6: sse2x1   gen()  2705 MB/s
[    7.800173] raid6: sse2x1   xor()  2077 MB/s
[    7.852235] raid6: sse2x2   gen()  3618 MB/s
[    7.904477] raid6: sse2x2   xor()  2556 MB/s
[    7.956136] raid6: sse2x4   gen()  4015 MB/s
[    8.004124] raid6: sse2x4   xor()  2927 MB/s
[    8.052035] raid6: avx2x1   gen()  7481 MB/s
[    8.100102] raid6: avx2x1   xor()  5445 MB/s
[    8.148129] raid6: avx2x2   gen()  9078 MB/s
[    8.196110] raid6: avx2x2   xor()  5611 MB/s
[    8.244034] raid6: avx2x4   gen()  9458 MB/s
[    8.292106] raid6: avx2x4   xor()  6121 MB/s
[    8.295161] raid6: using algorithm avx2x4 gen() 9458 MB/s
[    8.298649] raid6: .... xor() 6121 MB/s, rmw enabled
[    8.301391] raid6: using avx2x2 recovery algorithm
[    8.306015] xor: automatically using best checksumming function   avx       
[    8.312426] async_tx: api initialized (async)
done.
Begin: Running /scripts/init-premount ... done.
Begin: Mounting root file system ... Begin: Running /scripts/local-top ... done.
Begin: Running /scripts/local-premount ... [    8.423320] Btrfs loaded, crc32c=crc32c-intel
Scanning for Btrfs filesystems
done.
Begin: Will now check root file system ... fsck from util-linux 2.31.1
[/sbin/fsck.ext4 (1) -- /dev/sda1] fsck.ext4 -a -C0 /dev/sda1 
cloudimg-rootfs: recovering journal
cloudimg-rootfs: Clearing orphaned inode 2121 (uid=0, gid=0, mode=0100644, size=153984)
cloudimg-rootfs: clean, 115259/5120000 files, 1348498/10485499 blocks
done.
[    8.653192] EXT4-fs (sda1): mounted filesystem with ordered data mode. Opts: (null)
done.
Begin: Running /scripts/local-bottom ... done.
Begin: Running /scripts/init-bottom ... done.
[    9.286870] ip_tables: (C) 2000-2006 Netfilter Core Team
[    9.330999] systemd[1]: systemd 237 running in system mode. (+PAM +AUDIT +SELINUX +IMA +APPARMOR +SMACK +SYSVINIT +UTMP +LIBCRYPTSETUP +GCRYPT +GNUTLS +ACL +XZ +LZ4 +SECCOMP +BLKID +ELFUTILS +KMOD -IDN2 +IDN -PCRE2 default-hierarchy=hybrid)
[    9.337803] systemd[1]: Detected virtualization oracle.
[    9.339579] systemd[1]: Detected architecture x86-64.

Welcome to [1mUbuntu 18.04.6 LTS[0m!

[    9.349999] systemd[1]: Set hostname to <master-node>.
[   10.294549] systemd[1]: Configuration file /lib/systemd/system/kubelet.service is marked world-inaccessible. This has no effect as configuration data is accessible via APIs without restrictions. Proceeding anyway.
[   10.317835] systemd[1]: Configuration file /etc/systemd/system/kubelet.service.d/10-kubeadm.conf is marked world-inaccessible. This has no effect as configuration data is accessible via APIs without restrictions. Proceeding anyway.
[   10.438637] systemd[1]: Reached target System Time Synchronized.
[[0;32m  OK  [0m] Reached target System Time Synchronized.
[   10.462120] systemd[1]: Created slice System Slice.
[[0;32m  OK  [0m] Created slice System Slice.
[   10.466935] systemd[1]: Created slice system-serial\x2dgetty.slice.
[[0;32m  OK  [0m] Created slice system-serial\x2dgetty.slice.
[   10.837381] systemd[1]: Listening on Syslog Socket.
[[0;32m  OK  [0m] Listening on Syslog Socket.
[[0;32m  OK  [0m] Listening on /dev/initctl Compatibility Named Pipe.
[[0;32m  OK  [0m] Listening on Journal Audit Socket.
[[0;32m  OK  [0m] Listening on fsck to fsckd communication Socket.
[[0;32m  OK  [0m] Reached target User and Group Name Lookups.
[[0;32m  OK  [0m] Set up automount Arbitrary Executab…rmats File System Automount Point.
[[0;32m  OK  [0m] Listening on LVM2 metadata daemon socket.
[[0;32m  OK  [0m] Listening on udev Kernel Socket.
[[0;32m  OK  [0m] Created slice User and Session Slice.
[[0;32m  OK  [0m] Reached target Slices.
[[0;32m  OK  [0m] Listening on udev Control Socket.
[[0;32m  OK  [0m] Listening on Journal Socket (/dev/log).
[[0;32m  OK  [0m] Listening on Network Service Netlink Socket.
[[0;32m  OK  [0m] Listening on Journal Socket.
         Mounting Kernel Debug File System...
[   10.889002] random: crng init done
[   10.893632] random: 7 urandom warning(s) missed due to ratelimiting
         Starting Uncomplicated firewall...
         Mounting Huge Pages File System...
         Starting Remount Root and Kernel File Systems...
         Starting Set the console keyboard layout...
         Mounting POSIX Message Queue File System...
[[0;32m  OK  [0m] Started Forward Password Requests to Wall Directory Watch.
[[0;32m  OK  [0m] Reached target Swap.
         Starting Load Kernel Modules...
[[0;32m  OK  [0m] Listening on Device-mapper event daemon FIFOs.
         Starting Monitoring of LVM2 mirrors…ng dmeventd or progress polling...
[   10.962673] EXT4-fs (sda1): re-mounted. Opts: (null)
         Starting Journal Service...
[[0;32m  OK  [0m] Listening on LVM2 poll daemon socket.
         Starting Create list of required st…ce nodes for the current kernel...
         Starting udev Coldplug all Devices...
[[0;32m  OK  [0m] Mounted Kernel Debug File System.
[[0;32m  OK  [0m] Started Uncomplicated firewall.
[[0;32m  OK  [0m] Mounted Huge Pages File System.
[[0;32m  OK  [0m] Started Remount Root and Kernel File Systems.
[[0;32m  OK  [0m] Mounted POSIX Message Queue File System.
         Starting Load/Save Random Seed...
[   11.065311] Loading iSCSI transport class v2.0-870.
[[0;32m  OK  [0m] Started Create list of required sta…vice nodes for the current kernel.
         Starting Create Static Device Nodes in /dev...
[[0;32m  OK  [0m] Started LVM2 metadata daemon.
[[0;32m  OK  [0m] Started Load/Save Random Seed.
[   11.265120] iscsi: registered transport (tcp)
[[0;32m  OK  [0m] Started Journal Service.
         Starting Flush Journal to Persistent Storage...
[[0;32m  OK  [0m] Started udev Coldplug all Devices.
[[0;32m  OK  [0m] Started Create Static Device Nodes in /dev.
         Starting udev Kernel Device Manager...
[   11.418020] systemd-journald[423]: Received request to flush runtime journal from PID 1
[[0;32m  OK  [0m] Started Monitoring of LVM2 mirrors,…sing dmeventd or progress polling.
[   11.644317] systemd-journald[423]: File /var/log/journal/b6844901f87b49bb8c6ef4f383bb7cd8/system.journal corrupted or uncleanly shut down, renaming and replacing.
[[0;32m  OK  [0m] Started udev Kernel Device Manager.
[   11.709091] iscsi: registered transport (iser)
[[0;32m  OK  [0m] Started Load Kernel Modules.
         Mounting Kernel Configuration File System...
         Mounting FUSE Control File System...
         Starting Apply Kernel Variables...
[[0;32m  OK  [0m] Mounted Kernel Configuration File System.
[[0;32m  OK  [0m] Mounted FUSE Control File System.
[[0;32m  OK  [0m] Started Flush Journal to Persistent Storage.
[[0;32m  OK  [0m] Started Apply Kernel Variables.
[[0;32m  OK  [0m] Started Set the console keyboard layout.
[[0;32m  OK  [0m] Started Dispatch Password Requests to Console Directory Watch.
[[0;32m  OK  [0m] Reached target Local Encrypted Volumes.
[[0;32m  OK  [0m] Reached target Local File Systems (Pre).
[[0;32m  OK  [0m] Reached target Local File Systems.
         Starting AppArmor initialization...
         Starting ebtables ruleset management...
         Starting Create Volatile Files and Directories...
         Starting Set console font and keymap...
         Starting Tell Plymouth To Write Out Runtime Data...
[[0;32m  OK  [0m] Started Set console font and keymap.
[[0;32m  OK  [0m] Started Tell Plymouth To Write Out Runtime Data.
[[0;32m  OK  [0m] Started Create Volatile Files and Directories.
         Starting Update UTMP about System Boot/Shutdown...
[[0;32m  OK  [0m] Started ebtables ruleset management.
[[0;32m  OK  [0m] Started Update UTMP about System Boot/Shutdown.
[[0;32m  OK  [0m] Started AppArmor initialization.
         Starting Initial cloud-init job (pre-networking)...
         Starting Load AppArmor profiles managed internally by snapd...
[[0;32m  OK  [0m] Started Load AppArmor profiles managed internally by snapd.
[[0;32m  OK  [0m] Found device /dev/ttyS0.
[[0;32m  OK  [0m] Listening on Load/Save RF Kill Switch Status /dev/rfkill Watch.
[   16.039683] cloud-init[543]: Cloud-init v. 21.4-0ubuntu1~18.04.1 running 'init-local' at Fri, 15 Apr 2022 23:52:29 +0000. Up 15.56 seconds.
[[0;32m  OK  [0m] Started Initial cloud-init job (pre-networking).
[[0;32m  OK  [0m] Reached target Network (Pre).
         Starting Network Service...
[[0;32m  OK  [0m] Started Network Service.
         Starting Network Name Resolution...
         Starting Wait for Network to be Configured...
[[0;32m  OK  [0m] Started Network Name Resolution.
[[0;32m  OK  [0m] Reached target Network.
[[0;32m  OK  [0m] Reached target Host and Network Name Lookups.
[[0;32m  OK  [0m] Started Wait for Network to be Configured.
         Starting Initial cloud-init job (metadata service crawler)...
[   21.345255] cloud-init[698]: Cloud-init v. 21.4-0ubuntu1~18.04.1 running 'init' at Fri, 15 Apr 2022 23:52:33 +0000. Up 19.99 seconds.
[   21.374723] cloud-init[698]: ci-info: ++++++++++++++++++++++++++++++++++++++Net device info+++++++++++++++++++++++++++++++++++++++
[   21.381725] cloud-init[698]: ci-info: +--------+------+-----------------------------+---------------+--------+-------------------+
[   21.387127] cloud-init[698]: ci-info: | Device |  Up  |           Address           |      Mask     | Scope  |     Hw-Address    |
[   21.408356] cloud-init[698]: ci-info: +--------+------+-----------------------------+---------------+--------+-------------------+
[   21.431734] cloud-init[698]: ci-info: | enp0s3 | True |          10.0.2.15          | 255.255.255.0 | global | 02:3b:ab:4a:a3:42 |
[   21.438134] cloud-init[698]: ci-info: | enp0s3 | True |  fe80::3b:abff:fe4a:a342/64 |       .       |  link  | 02:3b:ab:4a:a3:42 |
[   21.455025] cloud-init[698]: ci-info: | enp0s8 | True |        192.168.56.69        | 255.255.255.0 | global | 08:00:27:58:c4:91 |
[   21.473238] cloud-init[698]: ci-info: | enp0s8 | True | fe80::a00:27ff:fe58:c491/64 |       .       |  link  | 08:00:27:58:c4:91 |
[   21.480627] cloud-init[698]: ci-info: |   lo   | True |          127.0.0.1          |   255.0.0.0   |  host  |         .         |
[   21.486038] cloud-init[698]: ci-info: |   lo   | True |           ::1/128           |       .       |  host  |         .         |
[   21.491452] cloud-init[698]: ci-info: +--------+------+-----------------------------+---------------+--------+-------------------+
[   21.498524] cloud-init[698]: ci-info: +++++++++++++++++++++++++++++Route IPv4 info+++++++++++++++++++++++++++++
[   21.512955] cloud-init[698]: ci-info: +-------+--------------+----------+-----------------+-----------+-------+
[   21.521619] cloud-init[698]: ci-info: | Route | Destination  | Gateway  |     Genmask     | Interface | Flags |
[   21.529771] cloud-init[698]: ci-info: +-------+--------------+----------+-----------------+-----------+-------+
[   21.538344] cloud-init[698]: ci-info: |   0   |   0.0.0.0    | 10.0.2.2 |     0.0.0.0     |   enp0s3  |   UG  |
[   21.543872] cloud-init[698]: ci-info: |   1   |   10.0.2.0   | 0.0.0.0  |  255.255.255.0  |   enp0s3  |   U   |
[   21.563975] cloud-init[698]: ci-info: |   2   |   10.0.2.2   | 0.0.0.0  | 255.255.255.255 |   enp0s3  |   UH  |
[   21.570352] cloud-init[698]: ci-info: |   3   | 192.168.56.0 | 0.0.0.0  |  255.255.255.0  |   enp0s8  |   U   |
[   21.574386] cloud-init[698]: ci-info: +-------+--------------+----------+-----------------+-----------+-------+
[   21.581604] cloud-init[698]: ci-info: +++++++++++++++++++Route IPv6 info+++++++++++++++++++
[   21.596981] cloud-init[698]: ci-info: +-------+-------------+---------+-----------+-------+
[   21.612380] cloud-init[698]: ci-info: | Route | Destination | Gateway | Interface | Flags |
[   21.617336] cloud-init[698]: ci-info: +-------+-------------+---------+-----------+-------+
[   21.622525] cloud-init[698]: ci-info: |   1   |  fe80::/64  |    ::   |   enp0s8  |   U   |
[   21.627107] cloud-init[698]: ci-info: |   2   |  fe80::/64  |    ::   |   enp0s3  |   U   |
[   21.632750] cloud-init[698]: ci-info: |   4   |    local    |    ::   |   enp0s3  |   U   |
[   21.637796] cloud-init[698]: ci-info: |   5   |    local    |    ::   |   enp0s8  |   U   |
[   21.643194] cloud-init[698]: ci-info: |   6   |   ff00::/8  |    ::   |   enp0s8  |   U   |
[   21.649715] cloud-init[698]: ci-info: |   7   |   ff00::/8  |    ::   |   enp0s3  |   U   |
[   21.658744] cloud-init[698]: ci-info: +-------+-------------+---------+-----------+-------+
[[0;32m  OK  [0m] Started Initial cloud-init job (metadata service crawler).
[[0;32m  OK  [0m] Reached target Network is Online.
[[0;32m  OK  [0m] Reached target Remote File Systems (Pre).
         Mounting /vagrant...
         Starting Availability of block devices...
[[0;32m  OK  [0m] Reached target System Initialization.
[[0;32m  OK  [0m] Started ACPI Events Check.
[[0;32m  OK  [0m] Listening on Open-iSCSI iscsid Socket.
[[0;32m  OK  [0m] Started Trigger to poll for Ubuntu …(Only enabled on GCP LTS non-pro).
         Starting Docker Socket for the API.
[[0;32m  OK  [0m] Started Message of the Day.
[[0;32m  OK  [0m] Started Daily apt download activities.
[[0;32m  OK  [0m] Started Daily Cleanup of Temporary Directories.
[[0;32m  OK  [0m] Reached target Paths.
         Starting Socket activation for snappy daemon.
         Starting LXD - unix socket.
[[0;32m  OK  [0m] Listening on UUID daemon activation socket.
[[0;32m  OK  [0m] Started Daily apt upgrade and clean activities.
[[0;32m  OK  [0m] Listening on D-Bus System Message Bus Socket.
[[0;32m  OK  [0m] Started Discard unused blocks once a week.
[[0;32m  OK  [0m] Listening on ACPID Listen Socket.
[[0;32m  OK  [0m] Started Ubuntu Advantage Timer for running repeated jobs.
[[0;32m  OK  [0m] Reached target Timers.
[[0;32m  OK  [0m] Listening on cloud-init hotplug hook socket.
[[0;32m  OK  [0m] Reached target Cloud-config availability.
[[0;32m  OK  [0m] Mounted /vagrant.
[[0;32m  OK  [0m] Started Availability of block devices.
[[0;32m  OK  [0m] Listening on Docker Socket for the API.
[[0;32m  OK  [0m] Listening on Socket activation for snappy daemon.
[[0;32m  OK  [0m] Listening on LXD - unix socket.
[[0;32m  OK  [0m] Reached target Sockets.
[[0;32m  OK  [0m] Reached target Basic System.
         Starting LSB: Record successful boot for GRUB...
         Starting Login Service...
         Starting LXD - container startup/shutdown...
         Starting containerd container runtime...
         Starting Accounts Service...
[[0;32m  OK  [0m] Started Deferred execution scheduler.
[[0;32m  OK  [0m] Started D-Bus System Message Bus.
[[0;32m  OK  [0m] Started Login Service.
[[0;32m  OK  [0m] Started Unattended Upgrades Shutdown.
         Starting Message of the Day...
         Starting Dispatcher daemon for systemd-networkd...
[[0;32m  OK  [0m] Started FUSE filesystem for LXC.
         Starting Virtualbox guest utils...
         Starting Snap Daemon...
         Starting OpenBSD Secure Shell server...
         Starting System Logging Service...
[[0;32m  OK  [0m] Started irqbalance daemon.
[[0;32m  OK  [0m] Started Regular background program processing daemon.
[[0;32m  OK  [0m] Started kubelet: The Kubernetes Node Agent.
[[0;32m  OK  [0m] Reached target Remote File Systems.
         Starting LSB: automatic crash report generation...
         Starting Permit User Sessions...
[[0;32m  OK  [0m] Started System Logging Service.
[[0;32m  OK  [0m] Started LXD - container startup/shutdown.
[[0;32m  OK  [0m] Started Permit User Sessions.
[[0;32m  OK  [0m] Started OpenBSD Secure Shell server.
         Starting Authorization Manager...
         Starting Hold until boot process finishes up...
         Starting Terminate Plymouth Boot Screen...
[[0;32m  OK  [0m] Started Hold until boot process finishes up.
[[0;32m  OK  [0m] Started Terminate Plymouth Boot Screen.
         Starting Set console scheme...
[[0;32m  OK  [0m] Started Serial Getty on ttyS0.
[[0;32m  OK  [0m] Started Set console scheme.
[[0;32m  OK  [0m] Created slice system-getty.slice.
[[0;32m  OK  [0m] Started Getty on tty1.
[[0;32m  OK  [0m] Reached target Login Prompts.
[[0;32m  OK  [0m] Started Authorization Manager.
[[0;32m  OK  [0m] Started Accounts Service.
[[0;32m  OK  [0m] Started LSB: Record successful boot for GRUB.
[[0;32m  OK  [0m] Started LSB: automatic crash report generation.
[[0;32m  OK  [0m] Started Virtualbox guest utils.
[[0;32m  OK  [0m] Created slice User Slice of vagrant.
         Starting User Manager for UID 1000...
[[0;32m  OK  [0m] Started Session 1 of user vagrant.
[[0;32m  OK  [0m] Started Dispatcher daemon for systemd-networkd.
[[0;32m  OK  [0m] Started User Manager for UID 1000.
[[0;32m  OK  [0m] Started Snap Daemon.
         Starting Wait until snapd is fully seeded...
         Starting Time & Date Service...
[[0;32m  OK  [0m] Started containerd container runtime.
         Starting Docker Application Container Engine...
[[0;32m  OK  [0m] Started Time & Date Service.
[[0;32m  OK  [0m] Started Wait until snapd is fully seeded.
         Starting Apply the settings specified in cloud-config...
[[0;32m  OK  [0m] Started Message of the Day.

Ubuntu 18.04.6 LTS master-node ttyS0

master-node login: [   32.058691] cloud-init[1178]: Cloud-init v. 21.4-0ubuntu1~18.04.1 running 'modules:config' at Fri, 15 Apr 2022 23:52:44 +0000. Up 30.75 seconds.
[   44.780394] cloud-init[1852]: Cloud-init v. 21.4-0ubuntu1~18.04.1 running 'modules:final' at Fri, 15 Apr 2022 23:52:57 +0000. Up 44.11 seconds.
[   44.780788] cloud-init[1852]: Cloud-init v. 21.4-0ubuntu1~18.04.1 finished at Fri, 15 Apr 2022 23:52:58 +0000. Datasource DataSourceNoCloud [seed=/dev/sdb][dsmode=net].  Up 44.73 seconds
         Stopping libcontainer container 0a8…69f0a3a2e350289f62078e08e69e9fb26.
         Stopping libcontainer container 2bc…1202fdb63bc7aa642835091c44e483e7b.
         Stopping libcontainer container 3ed…73fc0f01b22688437340869b8e46132d6.
[[0;32m  OK  [0m] Closed Load/Save RF Kill Switch Status /dev/rfkill Watch.
         Stopping libcontainer container 07a…6bb7d6d9b45d99f49c27b8c828d63a111.
         Stopping libcontainer container 5b0…2375c2fa9e814459b508d047146b9e1ac.
         Stopping libcontainer container ff0…746bef85cc943fc488e2a5e6e55f4e001.
         Stopping libcontainer container abf…2923c09629c9ae2d6a23fd37b718b2e29.
[[0;32m  OK  [0m] Stopped target Host and Network Name Lookups.
         Stopping libcontainer container 377…a67dc503e05e34c4fc21a70f684e1e7c5.
         Stopping User Manager for UID 1000...
         Stopping Session 4 of user vagrant.
[[0;32m  OK  [0m] Stopped target Graphical Interface.
         Stopping Accounts Service...
         Stopping libcontainer container f38…dbe76b700bb876a3b3687560723f0b59c.
[[0;32m  OK  [0m] Stopped target Cloud-init target.
         Stopping libcontainer container c1b…671f5e195c846d860ac231c191dada17e.
         Stopping libcontainer container 0ce…210c2d0454647c556b71039a74bc46275.
         Stopping Availability of block devices...
         Stopping libcontainer container 9b0…190d094b4fd7e11c0c8df59e8c83af001.
         Stopping libcontainer container 690…94fb1ff818c3d35353b676290bbe97c53.
         Stopping libcontainer container fbe…2e6bcc7100fbfb7f03f9f0186f9dbb94c.
         Stopping Authorization Manager...
         Stopping libcontainer container 2c8…079bfd012909af0af815a4f9fb09d416b.
[[0;32m  OK  [0m] Stopped Execute cloud user/final scripts.
[[0;32m  OK  [0m] Stopped target Multi-User System.
         Stopping Docker Application Container Engine...
         Stopping LXD - container startup/shutdown...
         Stopping Regular background program processing daemon...
         Stopping Unattended Upgrades Shutdown...
         Stopping D-Bus System Message Bus...
         Stopping Dispatcher daemon for systemd-networkd...
         Stopping LSB: automatic crash report generation...
         Stopping Deferred execution scheduler...
         Stopping irqbalance daemon...
         Stopping Virtualbox guest utils...
         Stopping OpenBSD Secure Shell server...
         Stopping LSB: Record successful boot for GRUB...
         Stopping FUSE filesystem for LXC...
[[0;32m  OK  [0m] Stopped Apply the settings specified in cloud-config.
[[0;32m  OK  [0m] Stopped target Cloud-config availability.
[         Stopping libcontainer container 838…a9e80e2c80d7147fb47fb42bf58b414ed.
[[0;32m  OK  [0m] Stopped target Timers.
[[0;32m  OK  [0m] Stopped Daily Cleanup of Temporary Directories.
[[0;32m  OK  [0m] Stopped Daily apt upgrade and clean activities.
[[0;32m  OK  [0m] Stopped Daily apt download activities.
[[0;32m  OK  [0m] Stopped Discard unused blocks once a week.
[[0;32m  OK  [0m] Stopped Message of the Day.
[[0;32m  OK  [0m] Stopped target System Time Synchronized.
[[0;32m  OK  [0m] Stopped Ubuntu Advantage Timer for running repeated jobs.
         Stopping libcontainer container e9c…6be7d01c3bc1606da180306121e80ad1f.
         Stopping libcontainer container 189…cebc2d7b6b8495fe9de6d1d24cd4c6e7e.
         Stopping System Logging Service...
         Stopping kubelet: The Kubernetes Node Agent...
[[0;32m  OK  [0m] Unmounted /var/lib/lxcfs.
[[0;32m  OK  [0m] Stopped Deferred execution scheduler.
[[0;32m  OK  [0m] Stopped Dispatcher daemon for systemd-networkd.
[[0;32m  OK  [0m] Stopped System Logging Service.
[[0;32m  OK  [0m] Stopped irqbalance daemon.
[[0;32m  OK  [0m] Stopped Regular background program processing daemon.
[[0;32m  OK  [0m] Stopped OpenBSD Secure Shell server.
[[0;32m  OK  [0m] Stopped Accounts Service.
[[0;32m  OK  [0m] Stopped Authorization Manager.
[[0;32m  OK  [0m] Stopped Serial Getty on ttyS0.
[[0;32m  OK  [0m] Stopped Getty on tty1.
[[0;32m  OK  [0m] Stopped User Manager for UID 1000.
[[0;32m  OK  [0m] Stopped D-Bus System Message Bus.
[[0;32m  OK  [0m] Stopped libcontainer container e9c8…6be7d01c3bc1606da180306121e80ad1f.
[[0;32m  OK  [0m] Stopped FUSE filesystem for LXC.
[[0;32m  OK  [0m] Stopped libcontainer container 2c81…079bfd012909af0af815a4f9fb09d416b.
[[0;32m  OK  [0m] Stopped kubelet: The Kubernetes Node Agent.
[[0;32m  OK  [0m] Stopped libcontainer container 9b08…190d094b4fd7e11c0c8df59e8c83af001.
[[0;32m  OK  [0m] Stopped Unattended Upgrades Shutdown.
[[0;32m  OK  [0m] Stopped libcontainer container 189b…cebc2d7b6b8495fe9de6d1d24cd4c6e7e.
[[0;32m  OK  [0m] Stopped libcontainer container abf7…2923c09629c9ae2d6a23fd37b718b2e29.
[[0;32m  OK  [0m] Stopped Session 4 of user vagrant.
[[0;32m  OK  [0m] Stopped libcontainer container 07a1…6bb7d6d9b45d99f49c27b8c828d63a111.
[[0;32m  OK  [0m] Stopped libcontainer container f38d…dbe76b700bb876a3b3687560723f0b59c.
[[0;32m  OK  [0m] Stopped libcontainer container 3771…a67dc503e05e34c4fc21a70f684e1e7c5.
[[0;32m  OK  [0m] Stopped libcontainer container 6906…94fb1ff818c3d35353b676290bbe97c53.
[[0;32m  OK  [0m] Stopped libcontainer container 3ed8…73fc0f01b22688437340869b8e46132d6.
[[0;32m  OK  [0m] Stopped libcontainer container c1bf…671f5e195c846d860ac231c191dada17e.
[[0;32m  OK  [0m] Stopped libcontainer container ff07…746bef85cc943fc488e2a5e6e55f4e001.
[[0;32m  OK  [0m] Stopped libcontainer container 5b07…2375c2fa9e814459b508d047146b9e1ac.
[[0;32m  OK  [0m] Stopped libcontainer container 2bc7…1202fdb63bc7aa642835091c44e483e7b.
[[0;32m  OK  [0m] Stopped libcontainer container 0cec…210c2d0454647c556b71039a74bc46275.
[[0;32m  OK  [0m] Stopped Availability of block devices.
[[0;32m  OK  [0m] Stopped LXD - container startup/shutdown.
[[0;32m  OK  [0m] Removed slice libcontainer containe…ebfb_46dc_ae3d_f7925ad8947d.slice.
[[0;32m  OK  [0m] Removed slice libcontainer containe…1a3caef2c9a18d2e655272c7884.slice.
[[0;32m  OK  [0m] Removed slice libcontainer containe…4bde8a7b72adba6a5f0eeb87307.slice.
[[0;32m  OK  [0m] Removed slice libcontainer containe…087d_4576_ad08_dfb3ac2dc96e.slice.
[[0;32m  OK  [0m] Removed slice libcontainer containe…ce55_48f1_896f_42f91d1cfd2c.slice.
[[0;32m  OK  [0m] Removed slice libcontainer container kubepods-besteffort.slice.
[[0;32m  OK  [0m] Removed slice libcontainer containe…a1386137d6b91bab237cb24ff3f.slice.
[[0;32m  OK  [0m] Removed slice User Slice of vagrant.
         Stopping Login Service...
[[0;32m  OK  [0m] Removed slice system-getty.slice.
[[0;32m  OK  [0m] Removed slice system-serial\x2dgetty.slice.
         Stopping Permit User Sessions...
[[0;32m  OK  [0m] Stopped Login Service.
[[0;32m  OK  [0m] Stopped Permit User Sessions.
[[0;32m  OK  [0m] Stopped target User and Group Name Lookups.
[[0;32m  OK  [0m] Stopped LSB: Record successful boot for GRUB.
[[0;32m  OK  [0m] Stopped LSB: automatic crash report generation.
[[0;32m  OK  [0m] Stopped target Remote File Systems.
         Unmounting /vagrant...
[[0;32m  OK  [0m] Unmounted /vagrant.
[[0;32m  OK  [0m] Stopped target Remote File Systems (Pre).
[[0;32m  OK  [0m] Stopped Virtualbox guest utils.
[[0;32m  OK  [0m] Stopped libcontainer container 0a8f…69f0a3a2e350289f62078e08e69e9fb26.
[[0;32m  OK  [0m] Removed slice libcontainer containe…b25ca14e2c742150ae9f7ddb948.slice.
[[0;32m  OK  [0m] Unmounted /var/lib/docker/overlay2/…c255544a6b72771efb5ecbb4d2/merged.
[[0;32m  OK  [0m] Unmounted /var/lib/docker/overlay2/…3395f4b472c6cb342522453911/merged.
[[0;32m  OK  [0m] Unmounted /var/lib/docker/overlay2/…7d2be84ef8b1b4a5c766acc219/merged.
[[0;32m  OK  [0m] Unmounted /var/lib/docker/overlay2/…7ef3b82d9278c387ccea183749/merged.
[[0;32m  OK  [0m] Unmounted /var/lib/docker/container…7aa642835091c44e483e7b/mounts/shm.
[[0;32m  OK  [0m] Unmounted /var/lib/docker/container…14459b508d047146b9e1ac/mounts/shm.
[[0;32m  OK  [0m] Unmounted /var/lib/docker/overlay2/…4f84106abdc5883ffa98b50201/merged.
[[0;32m  OK  [0m] Unmounted /var/lib/docker/overlay2/…4714a613557d1eed95d96082b6/merged.
[[0;32m  OK  [0m] Unmounted /run/docker/netns/6d79f4e46d3c.
[[0;32m  OK  [0m] Unmounted /var/lib/docker/container…46d860ac231c191dada17e/mounts/shm.
[[0;32m  OK  [0m] Unmounted /var/lib/docker/container…3d35353b676290bbe97c53/mounts/shm.
[[0;32m  OK  [0m] Unmounted /var/lib/docker/overlay2/…84e0aacb304bb7580385ea84e4/merged.
[[0;32m  OK  [0m] Unmounted /var/lib/docker/overlay2/…19ffa197b3b820a5754e740ab8/merged.
[[0;32m  OK  [0m] Unmounted /var/lib/docker/overlay2/…37c155cb5b6b309122462bfda5/merged.
[[0;32m  OK  [0m] Unmounted /var/lib/docker/overlay2/…74cdd6a639f15f93f4dea4ee59/merged.
[[0;32m  OK  [0m] Unmounted /var/lib/docker/container…d99f49c27b8c828d63a111/mounts/shm.
[[0;32m  OK  [0m] Unmounted /var/lib/docker/overlay2/…327f10c60f47749e6aab1f4378/merged.
[[0;32m  OK  [0m] Unmounted /var/lib/docker/overlay2/…8c8055ed2b2f68a6efe9f3af0e/merged.
[[0;32m  OK  [0m] Unmounted /var/lib/docker/container…876a3b3687560723f0b59c/mounts/shm.
[[0;32m  OK  [0m] Unmounted /var/lib/docker/overlay2/…422d3c82cb1dd021d0fce5fb8d/merged.
[[0;32m  OK  [0m] Unmounted /var/lib/docker/container…495fe9de6d1d24cd4c6e7e/mounts/shm.
[[0;32m  OK  [0m] Unmounted /run/docker/netns/7fa82e6f08e4.
[[0;32m  OK  [0m] Unmounted /run/docker/netns/568c3b582e1c.
[[0;32m  OK  [0m] Unmounted /var/lib/docker/overlay2/…176a0a8a3cdcca99043cd4c798/merged.
[[0;32m  OK  [0m] Unmounted /var/lib/docker/container…43fc488e2a5e6e55f4e001/mounts/shm.
[[0;32m  OK  [0m] Unmounted /var/lib/docker/container…9ae2d6a23fd37b718b2e29/mounts/shm.
[[0;32m  OK  [0m] Unmounted /var/lib/docker/overlay2/…ea5af59b297dcd397d320291b7/merged.
[[0;32m  OK  [0m] Unmounted /var/lib/docker/overlay2/…8d934aa38aab8f96d8722d2e26/merged.
[[0;32m  OK  [0m] Stopped libcontainer container fbe5…2e6bcc7100fbfb7f03f9f0186f9dbb94c.
[[0;32m  OK  [0m] Removed slice libcontainer containe…42cf_4a8a_a8d5_475d01351710.slice.
[[0;32m  OK  [0m] Stopped libcontainer container 8386…a9e80e2c80d7147fb47fb42bf58b414ed.
[[0;32m  OK  [0m] Removed slice libcontainer containe…6b21_42d5_b0d7_45435a704bff.slice.
[[0;32m  OK  [0m] Removed slice libcontainer container kubepods-burstable.slice.
[[0;32m  OK  [0m] Removed slice libcontainer container kubepods.slice.
[[0;32m  OK  [0m] Unmounted /var/lib/docker/overlay2/…171269b1aae88e452fe6643018/merged.
[[0;32m  OK  [0m] Unmounted /var/lib/docker/overlay2/…12abf21bb62032e4e93acee2a8/merged.
[[0;32m  OK  [0m] Stopped Docker Application Container Engine.
[[0;32m  OK  [0m] Stopped target Network is Online.
         Stopping containerd container runtime...
[[0;32m  OK  [0m] Stopped containerd container runtime.
[[0;32m  OK  [0m] Stopped target Basic System.
[[0;32m  OK  [0m] Stopped target Sockets.
[[0;32m  OK  [0m] Closed LXD - unix socket.
[[0;32m  OK  [0m] Closed cloud-init hotplug hook socket.
[[0;32m  OK  [0m] Closed Docker Socket for the API.
[[0;32m  OK  [0m] Closed ACPID Listen Socket.
[[0;32m  OK  [0m] Closed Syslog Socket.
[[0;32m  OK  [0m] Closed UUID daemon activation socket.
[[0;32m  OK  [0m] Closed Socket activation for snappy daemon.
[[0;32m  OK  [0m] Closed D-Bus System Message Bus Socket.
[[0;32m  OK  [0m] Closed Open-iSCSI iscsid Socket.
[[0;32m  OK  [0m] Stopped target Paths.
[[0;32m  OK  [0m] Stopped Trigger to poll for Ubuntu …(Only enabled on GCP LTS non-pro).
[[0;32m  OK  [0m] Stopped ACPI Events Check.
[[0;32m  OK  [0m] Stopped target Slices.
[[0;32m  OK  [0m] Removed slice User and Session Slice.
[[0;32m  OK  [0m] Stopped target System Initialization.
[[0;32m  OK  [0m] Stopped target Local Encrypted Volumes.
[[0;32m  OK  [0m] Stopped Forward Password Requests to Wall Directory Watch.
[[0;32m  OK  [0m] Stopped Dispatch Password Requests to Console Directory Watch.
         Stopping Load/Save Random Seed...
         Stopping Update UTMP about System Boot/Shutdown...
[[0;32m  OK  [0m] Stopped Initial cloud-init job (metadata service crawler).
[[0;32m  OK  [0m] Stopped target Network.
         Stopping Network Name Resolution...
[[0;32m  OK  [0m] Stopped Load/Save Random Seed.
[[0;32m  OK  [0m] Stopped Network Name Resolution.
         Stopping Network Service...
[[0;32m  OK  [0m] Stopped Update UTMP about System Boot/Shutdown.
[[0;32m  OK  [0m] Stopped Create Volatile Files and Directories.
[[0;32m  OK  [0m] Stopped target Local File Systems.
         Unmounting /var/lib/kubelet/pods/3e…projected/kube-api-access-qs8gd...
         Unmounting /run/user/1000...
         Unmounting /var/lib/kubelet/pods/e2…projected/kube-api-access-p65jt...
         Unmounting /var/lib/kubelet/pods/02…projected/kube-api-access-959g8...
         Unmounting /var/lib/kubelet/pods/3c…projected/kube-api-access-g2xpg...
         Unmounting /var/lib/kubelet/pods/62…projected/kube-api-access-qbsqg...
         Unmounting /run/docker/netns/default...
[[0;32m  OK  [0m] Stopped Network Service.
[[0;32m  OK  [0m] Unmounted /var/lib/kubelet/pods/3e9…o~projected/kube-api-access-qs8gd.
[[0;32m  OK  [0m] Unmounted /run/user/1000.
[[0;32m  OK  [0m] Unmounted /var/lib/kubelet/pods/e26…o~projected/kube-api-access-p65jt.
[[0;32m  OK  [0m] Unmounted /var/lib/kubelet/pods/024…o~projected/kube-api-access-959g8.
[[0;32m  OK  [0m] Unmounted /var/lib/kubelet/pods/3c8…o~projected/kube-api-access-g2xpg.
[[0;32m  OK  [0m] Unmounted /var/lib/kubelet/pods/62e…o~projected/kube-api-access-qbsqg.
[[0;32m  OK  [0m] Unmounted /run/docker/netns/default.
[[0;32m  OK  [0m] Reached target Unmount All Filesystems.
[[0;32m  OK  [0m] Stopped target Swap.
[[0;32m  OK  [0m] Stopped target Local File Systems (Pre).
[[0;32m  OK  [0m] Stopped Create Static Device Nodes in /dev.
         Stopping Monitoring of LVM2 mirrors…ng dmeventd or progress polling...
[[0;32m  OK  [0m] Stopped target Network (Pre).
[[0;32m  OK  [0m] Stopped Initial cloud-init job (pre-networking).
[[0;32m  OK  [0m] Stopped Remount Root and Kernel File Systems.
[[0;32m  OK  [0m] Stopped Apply Kernel Variables.
[[0;32m  OK  [0m] Stopped Load Kernel Modules.
[[0;32m  OK  [0m] Reached target Shutdown.
[[0;32m  OK  [0m] Reached target Final Step.
         Starting Reboot...
[ 6198.488684] reboot: Restarting system with command 'now'
[    0.000000] Linux version 4.15.0-175-generic (buildd@lcy02-amd64-034) (gcc version 7.5.0 (Ubuntu 7.5.0-3ubuntu1~18.04)) #184-Ubuntu SMP Thu Mar 24 17:48:36 UTC 2022 (Ubuntu 4.15.0-175.184-generic 4.15.18)
[    0.000000] Command line: BOOT_IMAGE=/boot/vmlinuz-4.15.0-175-generic root=UUID=c3410204-d08d-4de1-869a-1ed4cec3f34a ro console=tty1 console=ttyS0
[    0.000000] KERNEL supported cpus:
[    0.000000]   Intel GenuineIntel
[    0.000000]   AMD AuthenticAMD
[    0.000000]   Centaur CentaurHauls
[    0.000000] x86/fpu: Supporting XSAVE feature 0x001: 'x87 floating point registers'
[    0.000000] x86/fpu: Supporting XSAVE feature 0x002: 'SSE registers'
[    0.000000] x86/fpu: Supporting XSAVE feature 0x004: 'AVX registers'
[    0.000000] x86/fpu: xstate_offset[2]:  576, xstate_sizes[2]:  256
[    0.000000] x86/fpu: Enabled xstate features 0x7, context size is 832 bytes, using 'standard' format.
[    0.000000] e820: BIOS-provided physical RAM map:
[    0.000000] BIOS-e820: [mem 0x0000000000000000-0x000000000009fbff] usable
[    0.000000] BIOS-e820: [mem 0x000000000009fc00-0x000000000009ffff] reserved
[    0.000000] BIOS-e820: [mem 0x00000000000f0000-0x00000000000fffff] reserved
[    0.000000] BIOS-e820: [mem 0x0000000000100000-0x000000007ffeffff] usable
[    0.000000] BIOS-e820: [mem 0x000000007fff0000-0x000000007fffffff] ACPI data
[    0.000000] BIOS-e820: [mem 0x00000000fec00000-0x00000000fec00fff] reserved
[    0.000000] BIOS-e820: [mem 0x00000000fee00000-0x00000000fee00fff] reserved
[    0.000000] BIOS-e820: [mem 0x00000000fffc0000-0x00000000ffffffff] reserved
[    0.000000] NX (Execute Disable) protection: active
[    0.000000] SMBIOS 2.5 present.
[    0.000000] DMI: innotek GmbH VirtualBox/VirtualBox, BIOS VirtualBox 12/01/2006
[    0.000000] Hypervisor detected: KVM
[    0.000000] e820: last_pfn = 0x7fff0 max_arch_pfn = 0x400000000
[    0.000000] MTRR: Disabled
[    0.000000] x86/PAT: MTRRs disabled, skipping PAT initialization too.
[    0.000000] CPU MTRRs all blank - virtualized system.
[    0.000000] x86/PAT: Configuration [0-7]: WB  WT  UC- UC  WB  WT  UC- UC  
[    0.000000] found SMP MP-table at [mem 0x0009fff0-0x0009ffff]
[    0.000000] Scanning 1 areas for low memory corruption
[    0.000000] RAMDISK: [mem 0x3581b000-0x36c04fff]
[    0.000000] ACPI: Early table checksum verification disabled
[    0.000000] ACPI: RSDP 0x00000000000E0000 000024 (v02 VBOX  )
[    0.000000] ACPI: XSDT 0x000000007FFF0030 00003C (v01 VBOX   VBOXXSDT 00000001 ASL  00000061)
[    0.000000] ACPI: FACP 0x000000007FFF00F0 0000F4 (v04 VBOX   VBOXFACP 00000001 ASL  00000061)
[    0.000000] ACPI: DSDT 0x000000007FFF0470 002325 (v02 VBOX   VBOXBIOS 00000002 INTL 20100528)
[    0.000000] ACPI: FACS 0x000000007FFF0200 000040
[    0.000000] ACPI: FACS 0x000000007FFF0200 000040
[    0.000000] ACPI: APIC 0x000000007FFF0240 00005C (v02 VBOX   VBOXAPIC 00000001 ASL  00000061)
[    0.000000] ACPI: SSDT 0x000000007FFF02A0 0001CC (v01 VBOX   VBOXCPUT 00000002 INTL 20100528)
[    0.000000] ACPI: Reserving FACP table memory at [mem 0x7fff00f0-0x7fff01e3]
[    0.000000] ACPI: Reserving DSDT table memory at [mem 0x7fff0470-0x7fff2794]
[    0.000000] ACPI: Reserving FACS table memory at [mem 0x7fff0200-0x7fff023f]
[    0.000000] ACPI: Reserving FACS table memory at [mem 0x7fff0200-0x7fff023f]
[    0.000000] ACPI: Reserving APIC table memory at [mem 0x7fff0240-0x7fff029b]
[    0.000000] ACPI: Reserving SSDT table memory at [mem 0x7fff02a0-0x7fff046b]
[    0.000000] No NUMA configuration found
[    0.000000] Faking a node at [mem 0x0000000000000000-0x000000007ffeffff]
[    0.000000] NODE_DATA(0) allocated [mem 0x7ffc5000-0x7ffeffff]
[    0.000000] kvm-clock: cpu 0, msr 0:7ff44001, primary cpu clock
[    0.000000] kvm-clock: Using msrs 4b564d01 and 4b564d00
[    0.000000] kvm-clock: using sched offset of 9609910722 cycles
[    0.000000] clocksource: kvm-clock: mask: 0xffffffffffffffff max_cycles: 0x1cd42e4dffb, max_idle_ns: 881590591483 ns
[    0.000000] Zone ranges:
[    0.000000]   DMA      [mem 0x0000000000001000-0x0000000000ffffff]
[    0.000000]   DMA32    [mem 0x0000000001000000-0x000000007ffeffff]
[    0.000000]   Normal   empty
[    0.000000]   Device   empty
[    0.000000] Movable zone start for each node
[    0.000000] Early memory node ranges
[    0.000000]   node   0: [mem 0x0000000000001000-0x000000000009efff]
[    0.000000]   node   0: [mem 0x0000000000100000-0x000000007ffeffff]
[    0.000000] Reserved but unavailable: 104 pages
[    0.000000] Initmem setup node 0 [mem 0x0000000000001000-0x000000007ffeffff]
[    0.000000] ACPI: PM-Timer IO Port: 0x4008
[    0.000000] IOAPIC[0]: apic_id 2, version 32, address 0xfec00000, GSI 0-23
[    0.000000] ACPI: INT_SRC_OVR (bus 0 bus_irq 0 global_irq 2 dfl dfl)
[    0.000000] ACPI: INT_SRC_OVR (bus 0 bus_irq 9 global_irq 9 low level)
[    0.000000] Using ACPI (MADT) for SMP configuration information
[    0.000000] smpboot: Allowing 2 CPUs, 0 hotplug CPUs
[    0.000000] PM: Registered nosave memory: [mem 0x00000000-0x00000fff]
[    0.000000] PM: Registered nosave memory: [mem 0x0009f000-0x0009ffff]
[    0.000000] PM: Registered nosave memory: [mem 0x000a0000-0x000effff]
[    0.000000] PM: Registered nosave memory: [mem 0x000f0000-0x000fffff]
[    0.000000] e820: [mem 0x80000000-0xfebfffff] available for PCI devices
[    0.000000] Booting paravirtualized kernel on KVM
[    0.000000] clocksource: refined-jiffies: mask: 0xffffffff max_cycles: 0xffffffff, max_idle_ns: 7645519600211568 ns
[    0.000000] random: get_random_bytes called from start_kernel+0x99/0x500 with crng_init=0
[    0.000000] setup_percpu: NR_CPUS:8192 nr_cpumask_bits:2 nr_cpu_ids:2 nr_node_ids:1
[    0.000000] percpu: Embedded 50 pages/cpu s167936 r8192 d28672 u1048576
[    0.000000] PV qspinlock hash table entries: 256 (order: 0, 4096 bytes)
[    0.000000] Built 1 zonelists, mobility grouping on.  Total pages: 515961
[    0.000000] Policy zone: DMA32
[    0.000000] Kernel command line: BOOT_IMAGE=/boot/vmlinuz-4.15.0-175-generic root=UUID=c3410204-d08d-4de1-869a-1ed4cec3f34a ro console=tty1 console=ttyS0
[    0.000000] Memory: 2013976K/2096696K available (12300K kernel code, 2484K rwdata, 4324K rodata, 2468K init, 2724K bss, 82720K reserved, 0K cma-reserved)
[    0.000000] SLUB: HWalign=64, Order=0-3, MinObjects=0, CPUs=2, Nodes=1
[    0.000000] Kernel/User page tables isolation: enabled
[    0.000000] ftrace: allocating 39503 entries in 155 pages
[    0.004000] Hierarchical RCU implementation.
[    0.004000] 	RCU restricting CPUs from NR_CPUS=8192 to nr_cpu_ids=2.
[    0.004000] 	Tasks RCU enabled.
[    0.004000] RCU: Adjusting geometry for rcu_fanout_leaf=16, nr_cpu_ids=2
[    0.004000] NR_IRQS: 524544, nr_irqs: 440, preallocated irqs: 16
[    0.004000] Console: colour VGA+ 80x25
[    0.004000] console [tty1] enabled
[    0.004000] console [ttyS0] enabled
[    0.004000] ACPI: Core revision 20170831
[    0.004000] ACPI: 2 ACPI AML tables successfully acquired and loaded
[    0.004000] APIC: Switch to symmetric I/O mode setup
[    0.004000] x2apic enabled
[    0.004016] Switched APIC routing to physical x2apic.
[    0.012000] ..TIMER: vector=0x30 apic1=0 pin1=2 apic2=-1 pin2=-1
[    0.012009] tsc: Detected 3408.000 MHz processor
[    0.016024] Calibrating delay loop (skipped) preset value.. 6816.00 BogoMIPS (lpj=13632000)
[    0.020013] pid_max: default: 32768 minimum: 301
[    0.024112] Security Framework initialized
[    0.028008] Yama: becoming mindful.
[    0.032078] AppArmor: AppArmor initialized
[    0.036755] Dentry cache hash table entries: 262144 (order: 9, 2097152 bytes)
[    0.040374] Inode-cache hash table entries: 131072 (order: 8, 1048576 bytes)
[    0.044061] Mount-cache hash table entries: 4096 (order: 3, 32768 bytes)
[    0.048025] Mountpoint-cache hash table entries: 4096 (order: 3, 32768 bytes)
[    0.053109] Last level iTLB entries: 4KB 64, 2MB 8, 4MB 8
[    0.056011] Last level dTLB entries: 4KB 64, 2MB 0, 4MB 0, 1GB 4
[    0.060012] Spectre V1 : Mitigation: usercopy/swapgs barriers and __user pointer sanitization
[    0.064010] Spectre V2 : Mitigation: Retpolines
[    0.068013] Spectre V2 : Spectre v2 / SpectreRSB mitigation: Filling RSB on context switch
[    0.072011] Speculative Store Bypass: Vulnerable
[    0.076106] SRBDS: Unknown: Dependent on hypervisor status
[    0.080011] MDS: Mitigation: Clear CPU buffers
[    0.088366] Freeing SMP alternatives memory: 36K
[    0.207666] smpboot: CPU0: Intel(R) Core(TM) i7-6700 CPU @ 3.40GHz (family: 0x6, model: 0x5e, stepping: 0x3)
[    0.212065] Performance Events: unsupported p6 CPU model 94 no PMU driver, software events only.
[    0.216127] Hierarchical SRCU implementation.
[    0.221540] NMI watchdog: Perf event create on CPU 0 failed with -2
[    0.224008] NMI watchdog: Perf NMI watchdog permanently disabled
[    0.228122] smp: Bringing up secondary CPUs ...
[    0.232208] x86: Booting SMP configuration:
[    0.236008] .... node  #0, CPUs:      #1
[    0.004000] kvm-clock: cpu 1, msr 0:7ff44041, secondary cpu clock
[    0.248062] smp: Brought up 1 node, 2 CPUs
[    0.251147] smpboot: Max logical packages: 1
[    0.252014] smpboot: Total of 2 processors activated (13632.00 BogoMIPS)
[    0.256345] devtmpfs: initialized
[    0.258878] x86/mm: Memory block size: 128MB
[    0.260826] evm: security.selinux
[    0.262826] evm: security.SMACK64
[    0.264009] evm: security.SMACK64EXEC
[    0.266252] evm: security.SMACK64TRANSMUTE
[    0.268006] evm: security.SMACK64MMAP
[    0.272005] evm: security.apparmor
[    0.274656] evm: security.ima
[    0.276007] evm: security.capability
[    0.280286] clocksource: jiffies: mask: 0xffffffff max_cycles: 0xffffffff, max_idle_ns: 7645041785100000 ns
[    0.284026] futex hash table entries: 512 (order: 3, 32768 bytes)
[    0.288165] pinctrl core: initialized pinctrl subsystem
[    0.292445] RTC time:  1:35:43, date: 04/16/22
[    0.296467] NET: Registered protocol family 16
[    0.300347] audit: initializing netlink subsys (disabled)
[    0.304105] audit: type=2000 audit(1650072954.478:1): state=initialized audit_enabled=0 res=1
[    0.312026] cpuidle: using governor ladder
[    0.316020] cpuidle: using governor menu
[    0.320131] ACPI: bus type PCI registered
[    0.323020] acpiphp: ACPI Hot Plug PCI Controller Driver version: 0.5
[    0.328072] PCI: Using configuration type 1 for base access
[    0.337771] HugeTLB registered 2.00 MiB page size, pre-allocated 0 pages
[    0.344216] ACPI: Added _OSI(Module Device)
[    0.346805] ACPI: Added _OSI(Processor Device)
[    0.348018] ACPI: Added _OSI(3.0 _SCP Extensions)
[    0.352014] ACPI: Added _OSI(Processor Aggregator Device)
[    0.356014] ACPI: Added _OSI(Linux-Dell-Video)
[    0.360010] ACPI: Added _OSI(Linux-Lenovo-NV-HDMI-Audio)
[    0.364018] ACPI: Added _OSI(Linux-HPI-Hybrid-Graphics)
[    0.373076] ACPI: Executed 1 blocks of module-level executable AML code
[    0.391557] ACPI: Interpreter enabled
[    0.392052] ACPI: (supports S0 S5)
[    0.396008] ACPI: Using IOAPIC for interrupt routing
[    0.401079] PCI: Using host bridge windows from ACPI; if necessary, use "pci=nocrs" and report a bug
[    0.404662] ACPI: Enabled 2 GPEs in block 00 to 07
[    0.433511] ACPI: PCI Root Bridge [PCI0] (domain 0000 [bus 00-ff])
[    0.436028] acpi PNP0A03:00: _OSC: OS supports [ASPM ClockPM Segments MSI]
[    0.445518] acpi PNP0A03:00: _OSC: not requesting OS control; OS requires [ExtendedConfig ASPM ClockPM MSI]
[    0.448049] acpi PNP0A03:00: fail to add MMCONFIG information, can't access extended PCI configuration space under this bridge.
[    0.457581] PCI host bridge to bus 0000:00
[    0.460012] pci_bus 0000:00: root bus resource [io  0x0000-0x0cf7 window]
[    0.464015] pci_bus 0000:00: root bus resource [io  0x0d00-0xffff window]
[    0.468014] pci_bus 0000:00: root bus resource [mem 0x000a0000-0x000bffff window]
[    0.472016] pci_bus 0000:00: root bus resource [mem 0x80000000-0xfdffffff window]
[    0.476015] pci_bus 0000:00: root bus resource [bus 00-ff]
[    0.490526] pci 0000:00:01.1: legacy IDE quirk: reg 0x10: [io  0x01f0-0x01f7]
[    0.492012] pci 0000:00:01.1: legacy IDE quirk: reg 0x14: [io  0x03f6]
[    0.496011] pci 0000:00:01.1: legacy IDE quirk: reg 0x18: [io  0x0170-0x0177]
[    0.500009] pci 0000:00:01.1: legacy IDE quirk: reg 0x1c: [io  0x0376]
[    0.553105] pci 0000:00:07.0: quirk: [io  0x4000-0x403f] claimed by PIIX4 ACPI
[    0.556059] pci 0000:00:07.0: quirk: [io  0x4100-0x410f] claimed by PIIX4 SMB
[    0.592986] ACPI: PCI Interrupt Link [LNKA] (IRQs 5 9 10 *11)
[    0.597292] ACPI: PCI Interrupt Link [LNKB] (IRQs 5 9 *10 11)
[    0.600378] ACPI: PCI Interrupt Link [LNKC] (IRQs 5 *9 10 11)
[    0.604378] ACPI: PCI Interrupt Link [LNKD] (IRQs 5 9 10 *11)
[    0.608737] SCSI subsystem initialized
[    0.612152] pci 0000:00:02.0: vgaarb: setting as boot VGA device
[    0.616000] pci 0000:00:02.0: vgaarb: VGA device added: decodes=io+mem,owns=io+mem,locks=none
[    0.616019] pci 0000:00:02.0: vgaarb: bridge control possible
[    0.620010] vgaarb: loaded
[    0.624078] ACPI: bus type USB registered
[    0.628063] usbcore: registered new interface driver usbfs
[    0.632037] usbcore: registered new interface driver hub
[    0.636023] usbcore: registered new device driver usb
[    0.639446] EDAC MC: Ver: 3.0.0
[    0.640933] PCI: Using ACPI for IRQ routing
[    0.644789] NetLabel: Initializing
[    0.648006] NetLabel:  domain hash size = 128
[    0.652005] NetLabel:  protocols = UNLABELED CIPSOv4 CALIPSO
[    0.656068] NetLabel:  unlabeled traffic allowed by default
[    0.660179] clocksource: Switched to clocksource kvm-clock
[    0.685286] VFS: Disk quotas dquot_6.6.0
[    0.687514] VFS: Dquot-cache hash table entries: 512 (order 0, 4096 bytes)
[    0.691310] AppArmor: AppArmor Filesystem Enabled
[    0.693776] pnp: PnP ACPI init
[    0.698591] pnp: PnP ACPI: found 3 devices
[    0.716866] clocksource: acpi_pm: mask: 0xffffff max_cycles: 0xffffff, max_idle_ns: 2085701024 ns
[    0.723042] NET: Registered protocol family 2
[    0.726905] IP idents hash table entries: 32768 (order: 6, 262144 bytes)
[    0.732725] TCP established hash table entries: 16384 (order: 5, 131072 bytes)
[    0.739030] TCP bind hash table entries: 16384 (order: 6, 262144 bytes)
[    0.771800] TCP: Hash tables configured (established 16384 bind 16384)
[    0.785736] UDP hash table entries: 1024 (order: 3, 32768 bytes)
[    0.791133] UDP-Lite hash table entries: 1024 (order: 3, 32768 bytes)
[    0.795392] NET: Registered protocol family 1
[    0.798415] pci 0000:00:00.0: Limiting direct PCI/PCI transfers
[    0.802509] pci 0000:00:01.0: Activating ISA DMA hang workarounds
[    0.806642] pci 0000:00:02.0: Video device with shadowed ROM at [mem 0x000c0000-0x000dffff]
[    0.814003] Unpacking initramfs...
[    1.825523] Freeing initrd memory: 20392K
[    1.828109] clocksource: tsc: mask: 0xffffffffffffffff max_cycles: 0x311fd3cd494, max_idle_ns: 440795223879 ns
[    1.835877] platform rtc_cmos: registered platform RTC device (no PNP device found)
[    1.841489] Scanning for low memory corruption every 60 seconds
[    1.850941] Initialise system trusted keyrings
[    1.854742] Key type blacklist registered
[    1.858132] workingset: timestamp_bits=36 max_order=19 bucket_order=0
[    1.864610] zbud: loaded
[    1.867217] squashfs: version 4.0 (2009/01/31) Phillip Lougher
[    1.870742] fuse init (API version 7.26)
[    1.878084] Key type asymmetric registered
[    1.881766] Asymmetric key parser 'x509' registered
[    1.884916] Block layer SCSI generic (bsg) driver version 0.4 loaded (major 246)
[    1.889389] io scheduler noop registered
[    1.893230] io scheduler deadline registered
[    1.897392] io scheduler cfq registered (default)
[    1.902703] ACPI: AC Adapter [AC] (on-line)
[    1.906532] input: Power Button as /devices/LNXSYSTM:00/LNXPWRBN:00/input/input0
[    1.911664] ACPI: Power Button [PWRF]
[    1.915063] input: Sleep Button as /devices/LNXSYSTM:00/LNXSLPBN:00/input/input1
[    1.921133] ACPI: Sleep Button [SLPF]
[    1.925032] Serial: 8250/16550 driver, 32 ports, IRQ sharing enabled
[    1.952012] 00:02: ttyS0 at I/O 0x3f8 (irq = 4, base_baud = 115200) is a 16550A
[    1.961595] Linux agpgart interface v0.103
[    1.967848] loop: module loaded
[    1.972124] scsi host0: ata_piix
[    1.975239] scsi host1: ata_piix
[    1.977417] ata1: PATA max UDMA/33 cmd 0x1f0 ctl 0x3f6 bmdma 0xd000 irq 14
[    1.981823] ata2: PATA max UDMA/33 cmd 0x170 ctl 0x376 bmdma 0xd008 irq 15
[    1.987827] tun: Universal TUN/TAP device driver, 1.6
[    1.992521] PPP generic driver version 2.4.2
[    1.996615] ehci_hcd: USB 2.0 'Enhanced' Host Controller (EHCI) Driver
[    2.002242] ehci-pci: EHCI PCI platform driver
[    2.006408] ehci-platform: EHCI generic platform driver
[    2.011137] ohci_hcd: USB 1.1 'Open' Host Controller (OHCI) Driver
[    2.017509] ohci-pci: OHCI PCI platform driver
[    2.021876] ohci-platform: OHCI generic platform driver
[    2.025967] uhci_hcd: USB Universal Host Controller Interface driver
[    2.030613] i8042: PNP: PS/2 Controller [PNP0303:PS2K,PNP0f03:PS2M] at 0x60,0x64 irq 1,12
[    2.038474] serio: i8042 KBD port at 0x60,0x64 irq 1
[    2.042227] serio: i8042 AUX port at 0x60,0x64 irq 12
[    2.046595] mousedev: PS/2 mouse device common for all mice
[    2.051902] input: AT Translated Set 2 keyboard as /devices/platform/i8042/serio0/input/input2
[    2.057424] rtc_cmos rtc_cmos: rtc core: registered rtc_cmos as rtc0
[    2.062634] rtc_cmos rtc_cmos: alarms up to one day, 114 bytes nvram
[    2.067835] i2c /dev entries driver
[    2.070923] device-mapper: uevent: version 1.0.3
[    2.075074] device-mapper: ioctl: 4.37.0-ioctl (2017-09-20) initialised: dm-devel@redhat.com
[    2.080807] ledtrig-cpu: registered to indicate activity on CPUs
[    2.085330] NET: Registered protocol family 10
[    2.096197] Segment Routing with IPv6
[    2.098282] NET: Registered protocol family 17
[    2.101944] Key type dns_resolver registered
[    2.105645] mce: Using 0 MCE banks
[    2.108135] RAS: Correctable Errors collector initialized.
[    2.111970] sched_clock: Marking stable (2111918887, 0)->(2950975646, -839056759)
[    2.118402] registered taskstats version 1
[    2.121448] Loading compiled-in X.509 certificates
[    2.132195] Loaded X.509 cert 'Build time autogenerated kernel key: ea99b1e66d5186ff77dcfb46de385e3fbd0a569c'
[    2.142160] Loaded X.509 cert 'Canonical Ltd. Live Patch Signing: 14df34d1a87cf37625abec039ef2bf521249b969'
[    2.151293] Loaded X.509 cert 'Canonical Ltd. Kernel Module Signing: 88f752e560a1e0737e31163a466ad7b70a850c19'
[    2.162206] blacklist: Loading compiled-in revocation X.509 certificates
[    2.168804] Loaded X.509 cert 'Canonical Ltd. Secure Boot Signing: 61482aa2830d0ab2ad5af10b7250da9033ddcef0'
[    2.177533] zswap: loaded using pool lzo/zbud
[    2.191571] Key type big_key registered
[    2.195375] Key type trusted registered
[    2.203579] Key type encrypted registered
[    2.207288] AppArmor: AppArmor sha1 policy hashing enabled
[    2.212538] ima: No TPM chip found, activating TPM-bypass! (rc=-19)
[    2.217229] ima: Allocated hash algorithm: sha1
[    2.222681] evm: HMAC attrs: 0x1
[    2.226276]   Magic number: 2:322:559
[    2.228804] tty ttyS31: hash matches
[    2.232108] rtc_cmos rtc_cmos: setting system clock to 2022-04-16 01:35:45 UTC (1650072945)
[    2.237958] BIOS EDD facility v0.16 2004-Jun-25, 0 devices found
[    2.242860] EDD information not available.
[    2.257005] Freeing unused kernel image memory: 2468K
[    2.276086] Write protecting the kernel read-only data: 20480k
[    2.283185] Freeing unused kernel image memory: 2008K
[    2.288244] Freeing unused kernel image memory: 1820K
[    2.335999] x86/mm: Checked W+X mappings: passed, no W+X pages found.
[    2.341182] x86/mm: Checking user space page tables
[    2.373147] x86/mm: Checked W+X mappings: passed, no W+X pages found.
Loading, please wait...
starting version 237
[    2.583414] e1000: Intel(R) PRO/1000 Network Driver - version 7.3.21-k8-NAPI
[    2.589314] e1000: Copyright (c) 1999-2006 Intel Corporation.
[    2.600857] Fusion MPT base driver 3.04.20
[    2.603901] Copyright (c) 1999-2008 LSI Corporation
[    2.673322] Fusion MPT SPI Host driver 3.04.20
[    2.679583] AVX2 version of gcm_enc/dec engaged.
[    2.683861] AES CTR mode by8 optimization enabled
[    2.902793] input: ImExPS/2 Generic Explorer Mouse as /devices/platform/i8042/serio1/input/input4
[    3.781441] e1000 0000:00:03.0 eth0: (PCI:33MHz:32-bit) 02:3b:ab:4a:a3:42
[    3.786246] e1000 0000:00:03.0 eth0: Intel(R) PRO/1000 Network Connection
[    3.794144] mptbase: ioc0: Initiating bringup
[    3.894160] ioc0: LSI53C1030 A0: Capabilities={Initiator}
[    4.140341] scsi host2: ioc0: LSI53C1030 A0, FwRev=00000000h, Ports=1, MaxQ=256, IRQ=20
[    4.314364] scsi 2:0:0:0: Direct-Access     VBOX     HARDDISK         1.0  PQ: 0 ANSI: 5
[    4.372125] scsi target2:0:0: Beginning Domain Validation
[    4.379537] scsi target2:0:0: Domain Validation skipping write tests
[    4.384209] scsi target2:0:0: Ending Domain Validation
[    4.388357] scsi target2:0:0: asynchronous
[    4.393084] random: fast init done
[    4.396196] scsi 2:0:1:0: Direct-Access     VBOX     HARDDISK         1.0  PQ: 0 ANSI: 5
[    4.752111] scsi target2:0:1: Beginning Domain Validation
[    4.760603] scsi target2:0:1: Domain Validation skipping write tests
[    4.765834] scsi target2:0:1: Ending Domain Validation
[    4.770912] scsi target2:0:1: asynchronous
[    4.785100] random: systemd-udevd: uninitialized urandom read (16 bytes read)
[    4.792877] sd 2:0:0:0: [sda] 83886080 512-byte logical blocks: (42.9 GB/40.0 GiB)
[    4.803750] sd 2:0:0:0: Attached scsi generic sg0 type 0
[    4.808558] sd 2:0:1:0: Attached scsi generic sg1 type 0
[    4.814219] random: systemd-udevd: uninitialized urandom read (16 bytes read)
[    4.821652] sd 2:0:0:0: [sda] Write Protect is off
[    4.826245] sd 2:0:0:0: [sda] Incomplete mode parameter data
[    4.830247] sd 2:0:0:0: [sda] Assuming drive cache: write through
[    4.835269] random: systemd-udevd: uninitialized urandom read (16 bytes read)
[    4.838047] sd 2:0:1:0: [sdb] 20480 512-byte logical blocks: (10.5 MB/10.0 MiB)
[    4.848284] sd 2:0:1:0: [sdb] Write Protect is off
[    4.851612] sd 2:0:1:0: [sdb] Incomplete mode parameter data
[    4.855017] sd 2:0:1:0: [sdb] Assuming drive cache: write through
[    4.913032]  sda: sda1
[    4.916994] sd 2:0:0:0: [sda] Attached SCSI disk
[    4.922271] sd 2:0:1:0: [sdb] Attached SCSI disk
[    4.974903] e1000 0000:00:08.0 eth1: (PCI:33MHz:32-bit) 08:00:27:58:c4:91
[    4.980347] e1000 0000:00:08.0 eth1: Intel(R) PRO/1000 Network Connection
[    4.991114] e1000 0000:00:08.0 enp0s8: renamed from eth1
[    5.016620] e1000 0000:00:03.0 enp0s3: renamed from eth0
Begin: Loading essential drivers ... [    7.480038] raid6: sse2x1   gen()  3786 MB/s
[    7.528143] raid6: sse2x1   xor()  2360 MB/s
[    7.576252] raid6: sse2x2   gen()  3113 MB/s
[    7.628136] raid6: sse2x2   xor()  1739 MB/s
[    7.698485] raid6: sse2x4   gen()  3122 MB/s
[    7.775664] raid6: sse2x4   xor()  2205 MB/s
[    7.856115] raid6: avx2x1   gen()  3026 MB/s
[    7.904141] raid6: avx2x1   xor()  1860 MB/s
[    7.968104] raid6: avx2x2   gen()  6322 MB/s
[    8.016155] raid6: avx2x2   xor()  4286 MB/s
[    8.064129] raid6: avx2x4   gen()  8741 MB/s
[    8.112053] raid6: avx2x4   xor()  6036 MB/s
[    8.115272] raid6: using algorithm avx2x4 gen() 8741 MB/s
[    8.119321] raid6: .... xor() 6036 MB/s, rmw enabled
[    8.123059] raid6: using avx2x2 recovery algorithm
[    8.131188] xor: automatically using best checksumming function   avx       
[    8.139286] async_tx: api initialized (async)
done.
Begin: Running /scripts/init-premount ... done.
Begin: Mounting root file system ... Begin: Running /scripts/local-top ... done.
Begin: Running /scripts/local-premount ... [    8.362826] Btrfs loaded, crc32c=crc32c-intel
Scanning for Btrfs filesystems
done.
Begin: Will now check root file system ... fsck from util-linux 2.31.1
[/sbin/fsck.ext4 (1) -- /dev/sda1] fsck.ext4 -a -C0 /dev/sda1 
cloudimg-rootfs: clean, 115379/5120000 files, 1350351/10485499 blocks
done.
[    8.560275] EXT4-fs (sda1): mounted filesystem with ordered data mode. Opts: (null)
done.
Begin: Running /scripts/local-bottom ... done.
Begin: Running /scripts/init-bottom ... done.
[    9.179983] ip_tables: (C) 2000-2006 Netfilter Core Team
[    9.223377] systemd[1]: systemd 237 running in system mode. (+PAM +AUDIT +SELINUX +IMA +APPARMOR +SMACK +SYSVINIT +UTMP +LIBCRYPTSETUP +GCRYPT +GNUTLS +ACL +XZ +LZ4 +SECCOMP +BLKID +ELFUTILS +KMOD -IDN2 +IDN -PCRE2 default-hierarchy=hybrid)
[    9.235536] systemd[1]: Detected virtualization oracle.
[    9.239335] systemd[1]: Detected architecture x86-64.

Welcome to [1mUbuntu 18.04.6 LTS[0m!

[    9.268559] systemd[1]: Set hostname to <master-node>.
[    9.927506] systemd[1]: Configuration file /lib/systemd/system/kubelet.service is marked world-inaccessible. This has no effect as configuration data is accessible via APIs without restrictions. Proceeding anyway.
[    9.957665] systemd[1]: Configuration file /etc/systemd/system/kubelet.service.d/10-kubeadm.conf is marked world-inaccessible. This has no effect as configuration data is accessible via APIs without restrictions. Proceeding anyway.
[   10.140682] systemd[1]: Set up automount Arbitrary Executable File Formats File System Automount Point.
[[0;32m  OK  [0m] Set up automount Arbitrary Executab…rmats File System Automount Point.
[   10.152977] systemd[1]: Reached target User and Group Name Lookups.
[[0;32m  OK  [0m] Reached target User and Group Name Lookups.
[   10.277929] systemd[1]: Created slice User and Session Slice.
[[0;32m  OK  [0m] Created slice User and Session Slice.
[   10.340548] systemd[1]: Reached target Swap.
[[0;32m  OK  [0m] Reached target Swap.
[[0;32m  OK  [0m] Started Forward Password Requests to Wall Directory Watch.
[[0;32m  OK  [0m] Created slice System Slice.
[[0;32m  OK  [0m] Created slice system-serial\x2dgetty.slice.
[[0;32m  OK  [0m] Listening on Network Service Netlink Socket.
[[0;32m  OK  [0m] Listening on LVM2 metadata daemon socket.
[[0;32m  OK  [0m] Listening on /dev/initctl Compatibility Named Pipe.
[[0;32m  OK  [0m] Listening on fsck to fsckd communication Socket.
[[0;32m  OK  [0m] Listening on Journal Socket.
         Mounting POSIX Message Queue File System...
         Mounting Kernel Debug File System...
         Mounting Huge Pages File System...
         Starting Load Kernel Modules...
         Starting Set the console keyboard layout...
         Starting Uncomplicated firewall...
[[0;32m  OK  [0m] Listening on udev Control Socket.
[[0;32m  OK  [0m] Listening on Journal Socket (/dev/log).
[[0;32m  OK  [0m] Listening on Syslog Socket.
         Starting Create list of required st…c[   10.474430] random: crng init done
e nodes for the current kernel..[   10.478244] random: 7 urandom warning(s) missed due to ratelimiting
.
[[0;32m  OK  [0m] Reached target System Time Synchronized.
[[0;32m  OK  [0m] Listening on LVM2 poll daemon socket.
[[0;32m  OK  [0m] Listening on udev Kernel Socket.
         Starting udev Coldplug all Devices...
         Starting Remount Root and Kernel File Systems...
[[0;32m  OK  [0m] Reached target Slices.
[[0;32m  OK  [0m] Listening on Journal Audit Socket.
[   10.533086] Loading iSCSI transport class v2.0-870.
         Starting Journal Service...
[[0;32m  OK  [0m] Listening on Device-mapper event daemon FIFOs.
         Starting Monitoring of LVM2 mirrors…ng dmeventd or progress polling...
[[0;32m  OK  [0m] Mounted POSIX Message Queue File System.
[[0;32m  OK  [0m] Mounted Kernel Debug File System.
[[0;32m  OK  [0m] Mounted Huge Pages File System.
[[0;32m  OK  [0m] Started Uncomplicated firewall.
[[0;32m  OK  [0m] Started Create list of required sta…vice nodes for the current kernel.
         Starting Create Static Device Nodes in /dev...
[   10.654768] EXT4-fs (sda1): re-mounted. Opts: (null)
[[0;32m  OK  [0m] Started Remount Root and Kernel File Systems.
[[0;32m  OK  [0m] Started LVM2 metadata daemon.
         Starting Load/Save Random Seed...
[   10.774384] iscsi: registered transport (tcp)
[[0;32m  OK  [0m] Started udev Coldplug all Devices.
[[0;32m  OK  [0m] Started Journal Service.
         Starting Flush Journal to Persistent Storage...
[[0;32m  OK  [0m] Started Load/Save Random Seed.
[   10.898531] systemd-journald[419]: Received request to flush runtime journal from PID 1
[[0;32m  OK  [0m] Started Create Static Device Nodes in /dev.
         Starting udev Kernel Device Manager...
[[0;32m  OK  [0m] Started Monitoring of LVM2 mirrors,…sing dmeventd or progress polling.
[[0;32m  OK  [0m] Started Set the console keyboard layout.
[[0;32m  OK  [0m] Started udev Kernel Device Manager.
[[0;32m  OK  [0m] Started Dispatch Password Requests to Console Directory Watch.
[[0;32m  OK  [0m] Reached target Local Encrypted Volumes.
[[0;32m  OK  [0m] Reached target Local File Systems (Pre).
[[0;32m  OK  [0m] Reached target Local File Systems.
         Starting Set console font and keymap...
         Starting ebtables ruleset management...
         Starting AppArmor initialization...
         Starting Tell Plymouth To Write Out Runtime Data...
[[0;32m  OK  [0m] Started Flush Journal to Persistent Storage.
         Starting Create Volatile Files and Directories...
[[0;32m  OK  [0m] Started Set console font and keymap.
[[0;32m  OK  [0m] Started Tell Plymouth To Write Out Runtime Data.
[   11.533917] iscsi: registered transport (iser)
[[0;32m  OK  [0m] Started Load Kernel Modules.
         Mounting FUSE Control File System...
         Mounting Kernel Configuration File System...
         Starting Apply Kernel Variables...
[[0;32m  OK  [0m] Started Create Volatile Files and Directories.
[[0;32m  OK  [0m] Mounted FUSE Control File System.
[[0;32m  OK  [0m] Mounted Kernel Configuration File System.
[[0;32m  OK  [0m] Started Apply Kernel Variables.
         Starting Update UTMP about System Boot/Shutdown...
[[0;32m  OK  [0m] Started ebtables ruleset management.
[[0;32m  OK  [0m] Started Update UTMP about System Boot/Shutdown.
[[0;32m  OK  [0m] Started AppArmor initialization.
         Starting Load AppArmor profiles managed internally by snapd...
         Starting Initial cloud-init job (pre-networking)...
[[0;32m  OK  [0m] Started Load AppArmor profiles managed internally by snapd.
[[0;32m  OK  [0m] Found device /dev/ttyS0.
[[0;32m  OK  [0m] Listening on Load/Save RF Kill Switch Status /dev/rfkill Watch.
[   17.467897] cloud-init[529]: Cloud-init v. 21.4-0ubuntu1~18.04.1 running 'init-local' at Sat, 16 Apr 2022 01:36:00 +0000. Up 16.82 seconds.
[[0;32m  OK  [0m] Started Initial cloud-init job (pre-networking).
[[0;32m  OK  [0m] Reached target Network (Pre).
         Starting Network Service...
[[0;32m  OK  [0m] Started Network Service.
         Starting Wait for Network to be Configured...
         Starting Network Name Resolution...
[[0;32m  OK  [0m] Started Network Name Resolution.
[[0;32m  OK  [0m] Reached target Host and Network Name Lookups.
[[0;32m  OK  [0m] Reached target Network.
[[0;32m  OK  [0m] Started Wait for Network to be Configured.
         Starting Initial cloud-init job (metadata service crawler)...
[   23.119148] cloud-init[680]: Cloud-init v. 21.4-0ubuntu1~18.04.1 running 'init' at Sat, 16 Apr 2022 01:36:05 +0000. Up 22.23 seconds.
[   23.130826] cloud-init[680]: ci-info: ++++++++++++++++++++++++++++++++++++++Net device info+++++++++++++++++++++++++++++++++++++++
[   23.141410] cloud-init[680]: ci-info: +--------+------+-----------------------------+---------------+--------+-------------------+
[   23.147490] cloud-init[680]: ci-info: | Device |  Up  |           Address           |      Mask     | Scope  |     Hw-Address    |
[   23.157768] cloud-init[680]: ci-info: +--------+------+-----------------------------+---------------+--------+-------------------+
[   23.164710] cloud-init[680]: ci-info: | enp0s3 | True |          10.0.2.15          | 255.255.255.0 | global | 02:3b:ab:4a:a3:42 |
[   23.172837] cloud-init[680]: ci-info: | enp0s3 | True |  fe80::3b:abff:fe4a:a342/64 |       .       |  link  | 02:3b:ab:4a:a3:42 |
[   23.183128] cloud-init[680]: ci-info: | enp0s8 | True |        192.168.56.69        | 255.255.255.0 | global | 08:00:27:58:c4:91 |
[   23.188763] cloud-init[680]: ci-info: | enp0s8 | True | fe80::a00:27ff:fe58:c491/64 |       .       |  link  | 08:00:27:58:c4:91 |
[   23.196707] cloud-init[680]: ci-info: |   lo   | True |          127.0.0.1          |   255.0.0.0   |  host  |         .         |
[   23.202925] cloud-init[680]: ci-info: |   lo   | True |           ::1/128           |       .       |  host  |         .         |
[   23.209241] cloud-init[680]: ci-info: +--------+------+-----------------------------+---------------+--------+-------------------+
[   23.217052] cloud-init[680]: ci-info: +++++++++++++++++++++++++++++Route IPv4 info+++++++++++++++++++++++++++++
[   23.222207] cloud-init[680]: ci-info: +-------+--------------+----------+-----------------+-----------+-------+
[   23.230786] cloud-init[680]: ci-info: | Route | Destination  | Gateway  |     Genmask     | Interface | Flags |
[   23.238423] cloud-init[680]: ci-info: +-------+--------------+----------+-----------------+-----------+-------+
[   23.256525] cloud-init[680]: ci-info: |   0   |   0.0.0.0    | 10.0.2.2 |     0.0.0.0     |   enp0s3  |   UG  |
[   23.262209] cloud-init[680]: ci-info: |   1   |   10.0.2.0   | 0.0.0.0  |  255.255.255.0  |   enp0s3  |   U   |
[   23.270828] cloud-init[680]: ci-info: |   2   |   10.0.2.2   | 0.0.0.0  | 255.255.255.255 |   enp0s3  |   UH  |
[   23.316567] cloud-init[680]: ci-info: |   3   | 192.168.56.0 | 0.0.0.0  |  255.255.255.0  |   enp0s8  |   U   |
[   23.332471] cloud-init[680]: ci-info: +-------+--------------+----------+-----------------+-----------+-------+
[   23.338760] cloud-init[680]: ci-info: +++++++++++++++++++Route IPv6 info+++++++++++++++++++
[   23.344977] cloud-init[680]: ci-info: +-------+-------------+---------+-----------+-------+
[   23.350384] cloud-init[680]: ci-info: | Route | Destination | Gateway | Interface | Flags |
[   23.354572] cloud-init[680]: ci-info: +-------+-------------+---------+-----------+-------+
[   23.370385] cloud-init[680]: ci-info: |   1   |  fe80::/64  |    ::   |   enp0s8  |   U   |
[   23.379809] cloud-init[680]: ci-info: |   2   |  fe80::/64  |    ::   |   enp0s3  |   U   |
[   23.397206] cloud-init[680]: ci-info: |   4   |    local    |    ::   |   enp0s3  |   U   |
[   23.403722] cloud-init[680]: ci-info: |   5   |    local    |    ::   |   enp0s8  |   U   |
[   23.408673] cloud-init[680]: ci-info: |   6   |   ff00::/8  |    ::   |   enp0s8  |   U   |
[   23.413547] cloud-init[680]: ci-info: |   7   |   ff00::/8  |    ::   |   enp0s3  |   U   |
[   23.427618] cloud-init[680]: ci-info: +-------+-------------+---------+-----------+-------+
[[0;32m  OK  [0m] Started Initial cloud-init job (metadata service crawler).
[[0;32m  OK  [0m] Reached target System Initialization.
[[0;32m  OK  [0m] Listening on ACPID Listen Socket.
[[0;32m  OK  [0m] Started Discard unused blocks once a week.
         Starting Socket activation for snappy daemon.
[[0;32m  OK  [0m] Listening on cloud-init hotplug hook socket.
[[0;32m  OK  [0m] Started Daily Cleanup of Temporary Directories.
[[0;32m  OK  [0m] Listening on D-Bus System Message Bus Socket.
[[0;32m  OK  [0m] Listening on Open-iSCSI iscsid Socket.
         Starting Docker Socket for the API.
[[0;32m  OK  [0m] Started Message of the Day.
[[0;32m  OK  [0m] Started Daily apt download activities.
[[0;32m  OK  [0m] Started Daily apt upgrade and clean activities.
[[0;32m  OK  [0m] Started Ubuntu Advantage Timer for running repeated jobs.
         Starting LXD - unix socket.
[[0;32m  OK  [0m] Started Trigger to poll for Ubuntu …(Only enabled on GCP LTS non-pro).
[[0;32m  OK  [0m] Reached target Timers.
[[0;32m  OK  [0m] Listening on UUID daemon activation socket.
[[0;32m  OK  [0m] Started ACPI Events Check.
[[0;32m  OK  [0m] Reached target Paths.
[[0;32m  OK  [0m] Reached target Cloud-config availability.
[[0;32m  OK  [0m] Reached target Network is Online.
[[0;32m  OK  [0m] Reached target Remote File Systems (Pre).
         Mounting /vagrant...
         Starting Availability of block devices...
[[0;32m  OK  [0m] Listening on Socket activation for snappy daemon.
[[0;32m  OK  [0m] Listening on Docker Socket for the API.
[[0;32m  OK  [0m] Listening on LXD - unix socket.
[[0;32m  OK  [0m] Started Availability of block devices.
[[0;32m  OK  [0m] Reached target Sockets.
[[0;32m  OK  [0m] Reached target Basic System.
[[0;32m  OK  [0m] Started Regular background program processing daemon.
[[0;32m  OK  [0m] Started kubelet: The Kubernetes Node Agent.
         Starting Accounts Service...
[[0;32m  OK  [0m] Started Deferred execution scheduler.
         Starting System Logging Service...
         Starting LXD - container startup/shutdown...
[[0;32m  OK  [0m] Started D-Bus System Message Bus.
         Starting LSB: Record successful boot for GRUB...
         Starting Snap Daemon...
         Starting Login Service...
         Starting containerd container runtime...
         Starting Dispatcher daemon for systemd-networkd...
         Starting Virtualbox guest utils...
[[0;32m  OK  [0m] Started FUSE filesystem for LXC.
[[0;32m  OK  [0m] Started irqbalance daemon.
         Starting OpenBSD Secure Shell server...
[[0;32m  OK  [0m] Started System Logging Service.
[[0;32m  OK  [0m] Mounted /vagrant.
[[0;32m  OK  [0m] Started Login Service.
[[0;32m  OK  [0m] Started Unattended Upgrades Shutdown.
         Starting Authorization Manager...
[[0;32m  OK  [0m] Reached target Remote File Systems.
         Starting LSB: automatic crash report generation...
         Starting Permit User Sessions...
[[0;32m  OK  [0m] Started Permit User Sessions.
         Starting Terminate Plymouth Boot Screen...
         Starting Hold until boot process finishes up...
[[0;32m  OK  [0m] Started Hold until boot process finishes up.
[[0;32m  OK  [0m] Started Serial Getty on ttyS0.
         Starting Set console scheme...
[[0;32m  OK  [0m] Started Terminate Plymouth Boot Screen.
[[0;32m  OK  [0m] Started Authorization Manager.
[[0;32m  OK  [0m] Started Accounts Service.
[[0;32m  OK  [0m] Started Set console scheme.
[[0;32m  OK  [0m] Created slice system-getty.slice.
[[0;32m  OK  [0m] Started Getty on tty1.
[[0;32m  OK  [0m] Reached target Login Prompts.
[[0;32m  OK  [0m] Started LSB: Record successful boot for GRUB.
[[0;32m  OK  [0m] Started LSB: automatic crash report generation.
[[0;32m  OK  [0m] Started Virtualbox guest utils.
[[0;32m  OK  [0m] Started OpenBSD Secure Shell server.
[[0;32m  OK  [0m] Started LXD - container startup/shutdown.
[[0;32m  OK  [0m] Started Dispatcher daemon for systemd-networkd.
[[0;32m  OK  [0m] Started containerd container runtime.
         Starting Docker Application Container Engine...
[[0;32m  OK  [0m] Started Snap Daemon.
         Starting Wait until snapd is fully seeded...
         Starting Time & Date Service...
[[0;32m  OK  [0m] Started Time & Date Service.
[[0;32m  OK  [0m] Started Wait until snapd is fully seeded.
         Starting Apply the settings specified in cloud-config...

Ubuntu 18.04.6 LTS master-node ttyS0

master-node login: [   35.403242] cloud-init[1161]: Cloud-init v. 21.4-0ubuntu1~18.04.1 running 'modules:config' at Sat, 16 Apr 2022 01:36:17 +0000. Up 34.34 seconds.
[   42.229737] cloud-init[1435]: Cloud-init v. 21.4-0ubuntu1~18.04.1 running 'modules:final' at Sat, 16 Apr 2022 01:36:24 +0000. Up 41.16 seconds.
[   42.246285] cloud-init[1435]: Cloud-init v. 21.4-0ubuntu1~18.04.1 finished at Sat, 16 Apr 2022 01:36:25 +0000. Datasource DataSourceNoCloud [seed=/dev/sdb][dsmode=net].  Up 42.18 seconds
