[    0.000000] Initializing cgroup subsys cpuset
[    0.000000] Initializing cgroup subsys cpu
[    0.000000] Initializing cgroup subsys cpuacct
[    0.000000] Linux version 4.4.0-210-generic (buildd@lgw01-amd64-009) (gcc version 5.4.0 20160609 (Ubuntu 5.4.0-6ubuntu1~16.04.12) ) #242-Ubuntu SMP Fri Apr 16 09:57:56 UTC 2021 (Ubuntu 4.4.0-210.242-generic 4.4.262)
[    0.000000] Command line: BOOT_IMAGE=/boot/vmlinuz-4.4.0-210-generic root=LABEL=cloudimg-rootfs ro console=tty1 console=ttyS0
[    0.000000] KERNEL supported cpus:
[    0.000000]   Intel GenuineIntel
[    0.000000]   AMD AuthenticAMD
[    0.000000]   Centaur CentaurHauls
[    0.000000] x86/fpu: xstate_offset[2]:  576, xstate_sizes[2]:  256
[    0.000000] x86/fpu: Supporting XSAVE feature 0x01: 'x87 floating point registers'
[    0.000000] x86/fpu: Supporting XSAVE feature 0x02: 'SSE registers'
[    0.000000] x86/fpu: Supporting XSAVE feature 0x04: 'AVX registers'
[    0.000000] x86/fpu: Enabled xstate features 0x7, context size is 832 bytes, using 'standard' format.
[    0.000000] e820: BIOS-provided physical RAM map:
[    0.000000] BIOS-e820: [mem 0x0000000000000000-0x000000000009fbff] usable
[    0.000000] BIOS-e820: [mem 0x000000000009fc00-0x000000000009ffff] reserved
[    0.000000] BIOS-e820: [mem 0x00000000000f0000-0x00000000000fffff] reserved
[    0.000000] BIOS-e820: [mem 0x0000000000100000-0x000000003ffeffff] usable
[    0.000000] BIOS-e820: [mem 0x000000003fff0000-0x000000003fffffff] ACPI data
[    0.000000] BIOS-e820: [mem 0x00000000fec00000-0x00000000fec00fff] reserved
[    0.000000] BIOS-e820: [mem 0x00000000fee00000-0x00000000fee00fff] reserved
[    0.000000] BIOS-e820: [mem 0x00000000fffc0000-0x00000000ffffffff] reserved
[    0.000000] NX (Execute Disable) protection: active
[    0.000000] SMBIOS 2.5 present.
[    0.000000] Hypervisor detected: KVM
[    0.000000] e820: last_pfn = 0x3fff0 max_arch_pfn = 0x400000000
[    0.000000] MTRR: Disabled
[    0.000000] x86/PAT: MTRRs disabled, skipping PAT initialization too.
[    0.000000] CPU MTRRs all blank - virtualized system.
[    0.000000] x86/PAT: Configuration [0-7]: WB  WT  UC- UC  WB  WT  UC- UC  
[    0.000000] found SMP MP-table at [mem 0x0009fff0-0x0009ffff] mapped at [ffff88000009fff0]
[    0.000000] Scanning 1 areas for low memory corruption
[    0.000000] RAMDISK: [mem 0x362dc000-0x37165fff]
[    0.000000] ACPI: Early table checksum verification disabled
[    0.000000] ACPI: RSDP 0x00000000000E0000 000024 (v02 VBOX  )
[    0.000000] ACPI: XSDT 0x000000003FFF0030 00003C (v01 VBOX   VBOXXSDT 00000001 ASL  00000061)
[    0.000000] ACPI: FACP 0x000000003FFF00F0 0000F4 (v04 VBOX   VBOXFACP 00000001 ASL  00000061)
[    0.000000] ACPI: DSDT 0x000000003FFF0470 002325 (v02 VBOX   VBOXBIOS 00000002 INTL 20100528)
[    0.000000] ACPI: FACS 0x000000003FFF0200 000040
[    0.000000] ACPI: FACS 0x000000003FFF0200 000040
[    0.000000] ACPI: APIC 0x000000003FFF0240 000054 (v02 VBOX   VBOXAPIC 00000001 ASL  00000061)
[    0.000000] ACPI: SSDT 0x000000003FFF02A0 0001CC (v01 VBOX   VBOXCPUT 00000002 INTL 20100528)
[    0.000000] No NUMA configuration found
[    0.000000] Faking a node at [mem 0x0000000000000000-0x000000003ffeffff]
[    0.000000] NODE_DATA(0) allocated [mem 0x3ffeb000-0x3ffeffff]
[    0.000000] kvm-clock: Using msrs 4b564d01 and 4b564d00
[    0.000000] kvm-clock: cpu 0, msr 0:3ffe3001, primary cpu clock
[    0.000000] kvm-clock: using sched offset of 5325929846 cycles
[    0.000000] clocksource: kvm-clock: mask: 0xffffffffffffffff max_cycles: 0x1cd42e4dffb, max_idle_ns: 881590591483 ns
[    0.000000] Zone ranges:
[    0.000000]   DMA      [mem 0x0000000000001000-0x0000000000ffffff]
[    0.000000]   DMA32    [mem 0x0000000001000000-0x000000003ffeffff]
[    0.000000]   Normal   empty
[    0.000000]   Device   empty
[    0.000000] Movable zone start for each node
[    0.000000] Early memory node ranges
[    0.000000]   node   0: [mem 0x0000000000001000-0x000000000009efff]
[    0.000000]   node   0: [mem 0x0000000000100000-0x000000003ffeffff]
[    0.000000] Initmem setup node 0 [mem 0x0000000000001000-0x000000003ffeffff]
[    0.000000] ACPI: PM-Timer IO Port: 0x4008
[    0.000000] IOAPIC[0]: apic_id 1, version 32, address 0xfec00000, GSI 0-23
[    0.000000] ACPI: INT_SRC_OVR (bus 0 bus_irq 0 global_irq 2 dfl dfl)
[    0.000000] ACPI: INT_SRC_OVR (bus 0 bus_irq 9 global_irq 9 low level)
[    0.000000] Using ACPI (MADT) for SMP configuration information
[    0.000000] smpboot: Allowing 1 CPUs, 0 hotplug CPUs
[    0.000000] PM: Registered nosave memory: [mem 0x00000000-0x00000fff]
[    0.000000] PM: Registered nosave memory: [mem 0x0009f000-0x0009ffff]
[    0.000000] PM: Registered nosave memory: [mem 0x000a0000-0x000effff]
[    0.000000] PM: Registered nosave memory: [mem 0x000f0000-0x000fffff]
[    0.000000] e820: [mem 0x40000000-0xfebfffff] available for PCI devices
[    0.000000] Booting paravirtualized kernel on KVM
[    0.000000] clocksource: refined-jiffies: mask: 0xffffffff max_cycles: 0xffffffff, max_idle_ns: 7645519600211568 ns
[    0.000000] setup_percpu: NR_CPUS:512 nr_cpumask_bits:512 nr_cpu_ids:1 nr_node_ids:1
[    0.000000] PERCPU: Embedded 33 pages/cpu @ffff88003fc00000 s95192 r8192 d31784 u2097152
[    0.000000] Built 1 zonelists in Node order, mobility grouping on.  Total pages: 257912
[    0.000000] Policy zone: DMA32
[    0.000000] Kernel command line: BOOT_IMAGE=/boot/vmlinuz-4.4.0-210-generic root=LABEL=cloudimg-rootfs ro console=tty1 console=ttyS0
[    0.000000] PID hash table entries: 4096 (order: 3, 32768 bytes)
[    0.000000] Memory: 997924K/1048120K available (8644K kernel code, 1332K rwdata, 4044K rodata, 1492K init, 1164K bss, 50196K reserved, 0K cma-reserved)
[    0.000000] SLUB: HWalign=64, Order=0-3, MinObjects=0, CPUs=1, Nodes=1
[    0.000000] Kernel/User page tables isolation: enabled
[    0.000000] Hierarchical RCU implementation.
[    0.000000] 	Build-time adjustment of leaf fanout to 64.
[    0.000000] 	RCU restricting CPUs from NR_CPUS=512 to nr_cpu_ids=1.
[    0.000000] RCU: Adjusting geometry for rcu_fanout_leaf=64, nr_cpu_ids=1
[    0.000000] NR_IRQS:33024 nr_irqs:256 16
[    0.000000] Console: colour VGA+ 80x25
[    0.000000] console [tty1] enabled
[    0.000000] console [ttyS0] enabled
[    0.000000] tsc: Detected 3407.994 MHz processor
[    0.637170] Calibrating delay loop (skipped) preset value.. 6815.98 BogoMIPS (lpj=13631976)
[    0.642188] pid_max: default: 32768 minimum: 301
[    0.645834] ACPI: Core revision 20150930
[    0.653030] ACPI: 2 ACPI AML tables successfully acquired and loaded
[    0.656893] Security Framework initialized
[    0.659437] Yama: becoming mindful.
[    0.662590] AppArmor: AppArmor initialized
[    0.665168] Dentry cache hash table entries: 131072 (order: 8, 1048576 bytes)
[    0.678657] Inode-cache hash table entries: 65536 (order: 7, 524288 bytes)
[    0.683836] Mount-cache hash table entries: 2048 (order: 2, 16384 bytes)
[    0.688437] Mountpoint-cache hash table entries: 2048 (order: 2, 16384 bytes)
[    0.693643] Initializing cgroup subsys io
[    0.696681] Initializing cgroup subsys memory
[    0.700252] Initializing cgroup subsys devices
[    0.703800] Initializing cgroup subsys freezer
[    0.707458] Initializing cgroup subsys net_cls
[    0.711215] Initializing cgroup subsys perf_event
[    0.714924] Initializing cgroup subsys net_prio
[    0.718269] Initializing cgroup subsys hugetlb
[    0.721721] Initializing cgroup subsys pids
[    0.726516] mce: CPU supports 0 MCE banks
[    0.731281] process: using mwait in idle threads
[    0.734520] Last level iTLB entries: 4KB 64, 2MB 8, 4MB 8
[    0.738991] Last level dTLB entries: 4KB 64, 2MB 0, 4MB 0, 1GB 4
[    0.746029] Spectre V1 : Mitigation: usercopy/swapgs barriers and __user pointer sanitization
[    0.751912] Spectre V2 : Mitigation: Full generic retpoline
[    0.755572] Spectre V2 : Spectre v2 / SpectreRSB mitigation: Filling RSB on context switch
[    0.761978] Speculative Store Bypass: Vulnerable
[    0.766388] SRBDS: Unknown: Dependent on hypervisor status
[    0.769833] MDS: Mitigation: Clear CPU buffers
[    0.849277] Freeing SMP alternatives memory: 36K
[    0.868700] ftrace: allocating 32380 entries in 127 pages
[    1.040336] smpboot: APIC(0) Converting physical 0 to logical package 0
[    1.045114] smpboot: Max logical packages: 1
[    1.048638] x2apic enabled
[    1.051370] Switched APIC routing to physical x2apic.
[    1.057635] ..TIMER: vector=0x30 apic1=0 pin1=2 apic2=-1 pin2=-1
[    1.169566] smpboot: CPU0: Intel(R) Core(TM) i7-6700 CPU @ 3.40GHz (family: 0x6, model: 0x5e, stepping: 0x3)
[    1.175125] Performance Events: unsupported p6 CPU model 94 no PMU driver, software events only.
[    1.208594] KVM setup paravirtual spinlock
[    1.213217] x86: Booted up 1 node, 1 CPUs
[    1.216541] smpboot: Total of 1 processors activated (6815.98 BogoMIPS)
[    1.222508] devtmpfs: initialized
[    1.230546] evm: security.selinux
[    1.233302] evm: security.SMACK64
[    1.236168] evm: security.SMACK64EXEC
[    1.239180] evm: security.SMACK64TRANSMUTE
[    1.242440] evm: security.SMACK64MMAP
[    1.245441] evm: security.ima
[    1.247911] evm: security.capability
[    1.250804] clocksource: jiffies: mask: 0xffffffff max_cycles: 0xffffffff, max_idle_ns: 7645041785100000 ns
[    1.257408] futex hash table entries: 256 (order: 2, 16384 bytes)
[    1.261212] pinctrl core: initialized pinctrl subsystem
[    1.265290] RTC time: 11:15:38, date: 04/13/22
[    1.268888] NET: Registered protocol family 16
[    1.272749] cpuidle: using governor ladder
[    1.276013] cpuidle: using governor menu
[    1.278709] PCCT header not found.
[    1.281106] ACPI: bus type PCI registered
[    1.283339] acpiphp: ACPI Hot Plug PCI Controller Driver version: 0.5
[    1.287337] PCI: Using configuration type 1 for base access
[    1.293487] ACPI: Added _OSI(Module Device)
[    1.296063] ACPI: Added _OSI(Processor Device)
[    1.298526] ACPI: Added _OSI(3.0 _SCP Extensions)
[    1.301088] ACPI: Added _OSI(Processor Aggregator Device)
[    1.305834] ACPI: Executed 1 blocks of module-level executable AML code
[    1.316523] ACPI: Interpreter enabled
[    1.319359] ACPI: (supports S0 S5)
[    1.321483] ACPI: Using IOAPIC for interrupt routing
[    1.324723] PCI: Using host bridge windows from ACPI; if necessary, use "pci=nocrs" and report a bug
[    1.340416] ACPI: PCI Root Bridge [PCI0] (domain 0000 [bus 00-ff])
[    1.344036] acpi PNP0A03:00: _OSC: OS supports [ASPM ClockPM Segments MSI]
[    1.349816] acpi PNP0A03:00: _OSC: not requesting OS control; OS requires [ExtendedConfig ASPM ClockPM MSI]
[    1.356538] acpi PNP0A03:00: fail to add MMCONFIG information, can't access extended PCI configuration space under this bridge.
[    1.364580] PCI host bridge to bus 0000:00
[    1.366981] pci_bus 0000:00: root bus resource [io  0x0000-0x0cf7 window]
[    1.370904] pci_bus 0000:00: root bus resource [io  0x0d00-0xffff window]
[    1.374512] pci_bus 0000:00: root bus resource [mem 0x000a0000-0x000bffff window]
[    1.379291] pci_bus 0000:00: root bus resource [mem 0x40000000-0xfdffffff window]
[    1.383596] pci_bus 0000:00: root bus resource [bus 00-ff]
[    1.391603] pci 0000:00:01.1: legacy IDE quirk: reg 0x10: [io  0x01f0-0x01f7]
[    1.395808] pci 0000:00:01.1: legacy IDE quirk: reg 0x14: [io  0x03f6]
[    1.399194] pci 0000:00:01.1: legacy IDE quirk: reg 0x18: [io  0x0170-0x0177]
[    1.403327] pci 0000:00:01.1: legacy IDE quirk: reg 0x1c: [io  0x0376]
[    1.461300] pci 0000:00:07.0: quirk: [io  0x4000-0x403f] claimed by PIIX4 ACPI
[    1.466206] pci 0000:00:07.0: quirk: [io  0x4100-0x410f] claimed by PIIX4 SMB
[    1.485394] ACPI: PCI Interrupt Link [LNKA] (IRQs 5 9 10 *11)
[    1.489648] ACPI: PCI Interrupt Link [LNKB] (IRQs 5 9 *10 11)
[    1.494292] ACPI: PCI Interrupt Link [LNKC] (IRQs 5 *9 10 11)
[    1.498850] ACPI: PCI Interrupt Link [LNKD] (IRQs 5 9 10 *11)
[    1.503156] ACPI: Enabled 2 GPEs in block 00 to 07
[    1.506269] vgaarb: setting as boot device: PCI:0000:00:02.0
[    1.509320] vgaarb: device added: PCI:0000:00:02.0,decodes=io+mem,owns=io+mem,locks=none
[    1.514793] vgaarb: loaded
[    1.516601] vgaarb: bridge control possible 0000:00:02.0
[    1.520467] SCSI subsystem initialized
[    1.522806] ACPI: bus type USB registered
[    1.525608] usbcore: registered new interface driver usbfs
[    1.529320] usbcore: registered new interface driver hub
[    1.532363] usbcore: registered new device driver usb
[    1.535545] PCI: Using ACPI for IRQ routing
[    1.538720] NetLabel: Initializing
[    1.540703] NetLabel:  domain hash size = 128
[    1.543167] NetLabel:  protocols = UNLABELED CIPSOv4
[    1.545955] NetLabel:  unlabeled traffic allowed by default
[    1.549440] amd_nb: Cannot enumerate AMD northbridges
[    1.552274] clocksource: Switched to clocksource kvm-clock
[    1.583869] AppArmor: AppArmor Filesystem Enabled
[    1.587297] pnp: PnP ACPI init
[    1.591519] pnp: PnP ACPI: found 3 devices
[    1.608785] clocksource: acpi_pm: mask: 0xffffff max_cycles: 0xffffff, max_idle_ns: 2085701024 ns
[    1.615132] NET: Registered protocol family 2
[    1.618121] TCP established hash table entries: 8192 (order: 4, 65536 bytes)
[    1.622133] TCP bind hash table entries: 8192 (order: 5, 131072 bytes)
[    1.625750] TCP: Hash tables configured (established 8192 bind 8192)
[    1.629919] UDP hash table entries: 512 (order: 2, 16384 bytes)
[    1.632867] UDP-Lite hash table entries: 512 (order: 2, 16384 bytes)
[    1.636366] NET: Registered protocol family 1
[    1.638661] pci 0000:00:00.0: Limiting direct PCI/PCI transfers
[    1.641571] pci 0000:00:01.0: Activating ISA DMA hang workarounds
[    1.645132] Unpacking initramfs...
[    2.170636] Freeing initrd memory: 14888K
[    2.173219] clocksource: tsc: mask: 0xffffffffffffffff max_cycles: 0x311fcde90a1, max_idle_ns: 440795222066 ns
[    2.177971] platform rtc_cmos: registered platform RTC device (no PNP device found)
[    2.181974] Scanning for low memory corruption every 60 seconds
[    2.186340] audit: initializing netlink subsys (disabled)
[    2.189576] audit: type=2000 audit(1649848545.585:1): initialized
[    2.194066] Initialise system trusted keyring
[    2.197239] HugeTLB registered 2 MB page size, pre-allocated 0 pages
[    2.204229] zbud: loaded
[    2.206964] VFS: Disk quotas dquot_6.6.0
[    2.209624] VFS: Dquot-cache hash table entries: 512 (order 0, 4096 bytes)
[    2.213072] squashfs: version 4.0 (2009/01/31) Phillip Lougher
[    2.216016] fuse init (API version 7.23)
[    2.218246] Key type big_key registered
[    2.220108] Allocating IMA MOK and blacklist keyrings.
[    2.223017] Key type asymmetric registered
[    2.225096] Asymmetric key parser 'x509' registered
[    2.228449] Block layer SCSI generic (bsg) driver version 0.4 loaded (major 249)
[    2.233476] io scheduler noop registered
[    2.236119] io scheduler deadline registered (default)
[    2.239075] io scheduler cfq registered
[    2.241409] pci_hotplug: PCI Hot Plug PCI Core version: 0.5
[    2.244477] pciehp: PCI Express Hot Plug Controller Driver version: 0.4
[    2.247913] ACPI: AC Adapter [AC] (on-line)
[    2.250292] input: Power Button as /devices/LNXSYSTM:00/LNXPWRBN:00/input/input0
[    2.255040] ACPI: Power Button [PWRF]
[    2.257790] input: Sleep Button as /devices/LNXSYSTM:00/LNXSLPBN:00/input/input1
[    2.261981] ACPI: Sleep Button [SLPF]
[    2.264343] GHES: HEST is not enabled!
[    2.266561] Serial: 8250/16550 driver, 32 ports, IRQ sharing enabled
[    2.291319] 00:02: ttyS0 at I/O 0x3f8 (irq = 4, base_baud = 115200) is a 16550A
[    2.297943] Linux agpgart interface v0.103
[    2.302219] loop: module loaded
[    2.305135] scsi host0: ata_piix
[    2.307272] scsi host1: ata_piix
[    2.310319] ata1: PATA max UDMA/33 cmd 0x1f0 ctl 0x3f6 bmdma 0xd000 irq 14
[    2.313841] ata2: PATA max UDMA/33 cmd 0x170 ctl 0x376 bmdma 0xd008 irq 15
[    2.318295] libphy: Fixed MDIO Bus: probed
[    2.320483] tun: Universal TUN/TAP device driver, 1.6
[    2.323299] tun: (C) 1999-2004 Max Krasnyansky <maxk@qualcomm.com>
[    2.326582] PPP generic driver version 2.4.2
[    2.343834] ehci_hcd: USB 2.0 'Enhanced' Host Controller (EHCI) Driver
[    2.347015] ehci-pci: EHCI PCI platform driver
[    2.349706] ehci-platform: EHCI generic platform driver
[    2.352421] ohci_hcd: USB 1.1 'Open' Host Controller (OHCI) Driver
[    2.355396] ohci-pci: OHCI PCI platform driver
[    2.357697] ohci-platform: OHCI generic platform driver
[    2.360263] uhci_hcd: USB Universal Host Controller Interface driver
[    2.363423] i8042: PNP: PS/2 Controller [PNP0303:PS2K,PNP0f03:PS2M] at 0x60,0x64 irq 1,12
[    2.368550] serio: i8042 KBD port at 0x60,0x64 irq 1
[    2.371376] serio: i8042 AUX port at 0x60,0x64 irq 12
[    2.374279] mousedev: PS/2 mouse device common for all mice
[    2.377601] input: AT Translated Set 2 keyboard as /devices/platform/i8042/serio0/input/input2
[    2.383403] rtc_cmos rtc_cmos: rtc core: registered rtc_cmos as rtc0
[    2.387050] rtc_cmos rtc_cmos: alarms up to one day, 114 bytes nvram
[    2.390291] i2c /dev entries driver
[    2.392378] device-mapper: uevent: version 1.0.3
[    2.394914] device-mapper: ioctl: 4.34.0-ioctl (2015-10-28) initialised: dm-devel@redhat.com
[    2.399391] ledtrig-cpu: registered to indicate activity on CPUs
[    2.403864] NET: Registered protocol family 10
[    2.406760] NET: Registered protocol family 17
[    2.409376] Key type dns_resolver registered
[    2.412533] registered taskstats version 1
[    2.414979] Loading compiled-in X.509 certificates
[    2.418812] Loaded X.509 cert 'Build time autogenerated kernel key: cf00e047681d67edb2720680708b7d9498083038'
[    2.424561] zswap: loaded using pool lzo/zbud
[    2.431056] Key type trusted registered
[    2.438907] Key type encrypted registered
[    2.441468] AppArmor: AppArmor sha1 policy hashing enabled
[    2.444833] ima: No TPM chip found, activating TPM-bypass!
[    2.447594] ima: Allocated hash algorithm: sha1
[    2.450033] evm: HMAC attrs: 0x1
[    2.452709]   Magic number: 2:848:276
[    2.455429] tty tty13: hash matches
[    2.458629] rtc_cmos rtc_cmos: setting system clock to 2022-04-13 11:15:39 UTC (1649848539)
[    2.465136] BIOS EDD facility v0.16 2004-Jun-25, 0 devices found
[    2.468420] EDD information not available.
[    2.502376] Freeing unused kernel memory: 1492K
[    2.505643] Write protecting the kernel read-only data: 14336k
[    2.510525] Freeing unused kernel memory: 1584K
[    2.514055] Freeing unused kernel memory: 52K
Loading, please wait...
starting version 229
[    2.549341] random: systemd-udevd: uninitialized urandom read (16 bytes read, 5 bits of entropy available)
[    2.556574] random: udevadm: uninitialized urandom read (16 bytes read, 5 bits of entropy available)
[    2.562634] random: systemd-udevd: uninitialized urandom read (16 bytes read, 5 bits of entropy available)
[    2.568184] random: udevadm: uninitialized urandom read (16 bytes read, 5 bits of entropy available)
[    2.573108] random: systemd-udevd: uninitialized urandom read (16 bytes read, 5 bits of entropy available)
[    2.584487] random: systemd-udevd: uninitialized urandom read (16 bytes read, 5 bits of entropy available)
[    2.600690] random: systemd-udevd: uninitialized urandom read (16 bytes read, 5 bits of entropy available)
[    2.609919] random: systemd-udevd: uninitialized urandom read (16 bytes read, 5 bits of entropy available)
[    2.617458] random: udevadm: uninitialized urandom read (16 bytes read, 5 bits of entropy available)
[    2.623038] random: systemd-udevd: uninitialized urandom read (16 bytes read, 5 bits of entropy available)
[    2.772522] e1000: Intel(R) PRO/1000 Network Driver - version 7.3.21-k8-NAPI
[    2.776135] e1000: Copyright (c) 1999-2006 Intel Corporation.
[    2.791302] Fusion MPT base driver 3.04.20
[    2.794449] Copyright (c) 1999-2008 LSI Corporation
[    2.854621] Fusion MPT SPI Host driver 3.04.20
[    2.926766] AVX2 version of gcm_enc/dec engaged.
[    2.929344] AES CTR mode by8 optimization enabled
[    3.024366] input: ImExPS/2 Generic Explorer Mouse as /devices/platform/i8042/serio1/input/input4
[    3.402594] e1000 0000:00:03.0 eth0: (PCI:33MHz:32-bit) 02:be:82:6b:cc:1d
[    3.406059] e1000 0000:00:03.0 eth0: Intel(R) PRO/1000 Network Connection
[    3.411426] mptbase: ioc0: Initiating bringup
[    3.476820] ioc0: LSI53C1030 A0: Capabilities={Initiator}
[    3.642714] scsi host2: ioc0: LSI53C1030 A0, FwRev=00000000h, Ports=1, MaxQ=256, IRQ=20
[    3.763932] scsi 2:0:0:0: Direct-Access     VBOX     HARDDISK         1.0  PQ: 0 ANSI: 5
[    3.768753] scsi target2:0:0: Beginning Domain Validation
[    3.773904] scsi target2:0:0: Domain Validation skipping write tests
[    3.777801] scsi target2:0:0: Ending Domain Validation
[    3.781801] scsi target2:0:0: asynchronous
[    3.785827] scsi 2:0:1:0: Direct-Access     VBOX     HARDDISK         1.0  PQ: 0 ANSI: 5
[    3.790922] scsi target2:0:1: Beginning Domain Validation
[    3.860923] scsi target2:0:1: Domain Validation skipping write tests
[    3.864795] scsi target2:0:1: Ending Domain Validation
[    3.881347] scsi target2:0:1: asynchronous
[    4.033552] sd 2:0:0:0: Attached scsi generic sg0 type 0
[    4.062710] sd 2:0:0:0: [sda] 83886080 512-byte logical blocks: (42.9 GB/40.0 GiB)
[    4.083282] sd 2:0:0:0: [sda] Write Protect is off
[    4.098747] sd 2:0:0:0: [sda] Incomplete mode parameter data
[    4.101990] sd 2:0:0:0: [sda] Assuming drive cache: write through
[    4.113360] sd 2:0:1:0: [sdb] 20480 512-byte logical blocks: (10.5 MB/10.0 MiB)
[    4.120244] sd 2:0:1:0: Attached scsi generic sg1 type 0
[    4.125168] sd 2:0:1:0: [sdb] Write Protect is off
[    4.129195]  sda: sda1
[    4.135202] sd 2:0:0:0: [sda] Attached SCSI disk
[    4.152700] sd 2:0:1:0: [sdb] Incomplete mode parameter data
[    4.157363] sd 2:0:1:0: [sdb] Assuming drive cache: write through
[    4.200082] sd 2:0:1:0: [sdb] Attached SCSI disk
[    4.428131] e1000 0000:00:08.0 eth1: (PCI:33MHz:32-bit) 08:00:27:29:0c:71
[    4.432054] e1000 0000:00:08.0 eth1: Intel(R) PRO/1000 Network Connection
[    4.438633] e1000 0000:00:08.0 enp0s8: renamed from eth1
[    4.444526] e1000 0000:00:03.0 enp0s3: renamed from eth0
Begin: Loading essential drivers ... [    6.205767] md: linear personality registered for level -1
[    6.215807] md: multipath personality registered for level -4
[    6.226195] md: raid0 personality registered for level 0
[    6.239101] md: raid1 personality registered for level 1
[    6.320366] raid6: sse2x1   gen()  4308 MB/s
[    6.388347] raid6: sse2x1   xor()  3423 MB/s
[    6.456377] raid6: sse2x2   gen()  5767 MB/s
[    6.524352] raid6: sse2x2   xor()  4157 MB/s
[    6.592350] raid6: sse2x4   gen()  6270 MB/s
[    6.660348] raid6: sse2x4   xor()  4512 MB/s
[    6.728408] raid6: avx2x1   gen()  8830 MB/s
[    6.796402] raid6: avx2x2   gen() 10722 MB/s
[    6.864346] raid6: avx2x4   gen() 10049 MB/s
[    6.867309] raid6: using algorithm avx2x2 gen() 10722 MB/s
[    6.870632] raid6: using avx2x2 recovery algorithm
[    6.878816] xor: automatically using best checksumming function:
[    6.920336]    avx       : 10586.000 MB/sec
[    6.926177] async_tx: api initialized (async)
[    6.952355] md: raid6 personality registered for level 6
[    6.955263] md: raid5 personality registered for level 5
[    6.958087] md: raid4 personality registered for level 4
[    6.974388] md: raid10 personality registered for level 10
done.
Begin: Running /scripts/init-premount ... done.
Begin: Mounting root file system ... Begin: Running /scripts/local-top ... done.
Begin: Running /scripts/local-premount ... [    7.057192] Btrfs loaded
Scanning for Btrfs filesystems
done.
Warning: fsck not present, so skipping root file system
[    7.317057] EXT4-fs (sda1): mounted filesystem with ordered data mode. Opts: (null)
done.
Begin: Running /scripts/local-bottom ... done.
Begin: Running /scripts/init-bottom ... done.
[    8.317006] systemd[1]: systemd 229 running in system mode. (+PAM +AUDIT +SELINUX +IMA +APPARMOR +SMACK +SYSVINIT +UTMP +LIBCRYPTSETUP +GCRYPT +GNUTLS +ACL +XZ -LZ4 +SECCOMP +BLKID +ELFUTILS +KMOD -IDN)
[    8.328179] systemd[1]: Detected virtualization oracle.
[    8.331566] systemd[1]: Detected architecture x86-64.

Welcome to [1mUbuntu 16.04.7 LTS[0m!

[    8.384333] systemd[1]: Set hostname to <ubuntu>.
[    8.413242] random: nonblocking pool is initialized
[    8.447597] systemd[1]: Initializing machine ID from random generator.
[    8.451421] systemd[1]: Installed transient /etc/machine-id file.
[    9.467080] systemd[1]: Listening on udev Control Socket.
[[0;32m  OK  [0m] Listening on udev Control Socket.
[    9.475756] systemd[1]: Listening on udev Kernel Socket.
[[0;32m  OK  [0m] Listening on udev Kernel Socket.
[    9.484486] systemd[1]: Created slice System Slice.
[[0;32m  OK  [0m] Created slice System Slice.
[    9.492193] systemd[1]: Created slice system-serial\x2dgetty.slice.
[[0;32m  OK  [0m] Created slice system-serial\x2dgetty.slice.
[    9.499233] systemd[1]: Reached target User and Group Name Lookups.
[[0;32m  OK  [0m] Reached target User and Group Name Lookups.
[    9.505787] systemd[1]: Started Trigger resolvconf update for networkd DNS.
[[0;32m  OK  [0m] Started Trigger resolvconf update for networkd DNS.
[    9.513279] systemd[1]: Listening on fsck to fsckd communication Socket.
[[0;32m  OK  [0m] Listening on fsck to fsckd communication Socket.
[    9.520776] systemd[1]: Listening on Journal Socket.
[[0;32m  OK  [0m] Listening on Journal Socket.
[    9.527833] systemd[1]: Starting Uncomplicated firewall...
         Starting Uncomplicated firewall...
[    9.540575] systemd[1]: Mounting Huge Pages File System...
         Mounting Huge Pages File System...
[    9.553191] systemd[1]: Starting Set console keymap...
         Starting Set console keymap...
[    9.564818] systemd[1]: Listening on Journal Audit Socket.
[[0;32m  OK  [0m] Listening on Journal Audit Socket.
[    9.580617] systemd[1]: Starting File System Check on Root Device...
         Starting File System Check on Root Device...
[    9.603286] systemd[1]: Mounting POSIX Message Queue File System...
         Mounting POSIX Message Queue File System...
[    9.623000] systemd[1]: Starting Nameserver information manager...
         Starting Nameserver information manager...
[    9.645024] systemd[1]: Created slice User and Session Slice.
[[0;32m  OK  [0m] Created slice User and Session Slice.
[    9.664714] systemd[1]: Reached target Slices.
[[0;32m  OK  [0m] Reached target Slices.
[    9.680484] systemd[1]: Reached target Encrypted Volumes.
[[0;32m  OK  [0m] Reached target Encrypted Volumes.
[    9.696530] systemd[1]: Reached target System Time Synchronized.
[[0;32m  OK  [0m] Reached target System Time Synchronized.
[    9.716797] systemd[1]: Listening on /dev/initctl Compatibility Named Pipe.
[[0;32m  OK  [0m] Listening on /dev/initctl Compatibility Named Pipe.
[    9.732419] systemd[1]: Reached target Swap.
[[0;32m  OK  [0m] Reached target Swap.
[    9.753965] systemd[1]: Mounting Debug File System...
         Mounting Debug File System...
[    9.773020] systemd[1]: Starting Create list of required static device nodes for the current kernel...
         Starting Create list of required st... nodes for the current kernel...
[    9.806250] systemd[1]: Starting Load Kernel Modules...
         Starting Load Kernel Modules...
[    9.824520] systemd[1]: Listening on Journal Socket (/dev/log).
[[0;32m  OK  [0m] Listening on Journal Socket (/dev/log).
[    9.843434] systemd[1]: Listening on LVM2 metadata daemon socket.
[[0;32m  OK  [0m] Listening on LVM2 metadata daemon socket.
[    9.862502] systemd[1]: Listening on Device-mapper event daemon FIFOs.
[[0;32m  OK  [0m] Listening on Device-mapper event daemon FIFOs.
[    9.890668] systemd[1]: Starting Monitoring of LVM2 mirrors, snapshots etc. using dmeventd or progress polling...
[    9.900668] Loading iSCSI transport class v2.0-870.
         Starting Monitoring of LVM2 mirrors... dmeventd or progress polling...
[    9.916650] systemd[1]: Listening on Syslog Socket.
[[0;32m  OK  [0m] Listening on Syslog Socket.
[    9.934332] systemd[1]: Starting Journal Service...
         Starting Journal Service...
[    9.950040] systemd[1]: Started Forward Password Requests to Wall Directory Watch.
[[0;32m  OK  [0m] Started Forward Password Requests to Wall Directory Watch.
[    9.972176] systemd[1]: Set up automount Arbitrary Executable File Formats File System Automount Point.
[[0;32m  OK  [0m] Set up automount Arbitrary Executab...ats File System Automount Point.[    9.987031] iscsi: registered transport (tcp)

[    9.992195] systemd[1]: Listening on LVM2 poll daemon socket.
[[0;32m  OK  [0m] Listening on LVM2 poll daemon socket.
[   10.013125] systemd[1]: Mounted Huge Pages File System.
[[0;32m  OK  [0m] Mounted Huge Pages File System.
[   10.027757] systemd[1]: Mounted POSIX Message Queue File System.
[[0;32m  OK  [0m] Mounted POSIX Message Queue File System.
[   10.045403] systemd[1]: Mounted Debug File System.
[[0;32m  OK  [0m] Mounted Debug File System.
[   10.061806] systemd[1]: Started Uncomplicated firewall.
[[0;32m  OK  [0m] Started Uncomplicated firewall.
[   10.083155] systemd[1]: Started File System Check on Root Device.
[[0;32m  OK  [0m] Started File System Check on Root Device.
[   10.103612] systemd[1]: Started Create list of required static device nodes for the current kernel.
[[0;32m  OK  [0m] Started Create list of required sta...ce nodes for the current kernel.
[   10.145941] systemd[1]: Started Nameserver information manager.
[[0;32m  OK  [0m] Started Nameserver information manager.
[   10.182975] systemd[1]: Started LVM2 metadata daemon.
[[0;32m  OK  [0m] Started LVM2 metadata daemon.
[   10.203030] systemd[1]: Started File System Check Daemon to report status.
[[0;32m  OK  [0m] Started File System Check Daemon to report status.
[   10.227659] systemd[1]: Starting Create Static Device Nodes in /dev...
         Starting Create Static Device Nodes in /dev...
[   10.254051] systemd[1]: Starting Remount Root and Kernel File Systems...
         Starting Remount Root and Kernel File Systems...
[   10.278368] systemd[1]: Started Journal Service.
[[0;32m  OK  [0m[   10.306638] EXT4-fs (sda1): re-mounted. Opts: (null)
] Started Journal Service.
[[0;32m  OK  [0m] Started Set console keymap.
[[0;32m  OK  [0m] Started Remount Root and Kernel File Systems.
[   10.376037] iscsi: registered transport (iser)
         Starting Load/Save Random Seed...
         Starting Flush Journal to Persistent Storage...
         Starting udev Coldplug all Devices...
[[0;32m  OK  [0m] Started Load Kernel Modules.
         Mounting FUSE Control File System...
         Starting Apply Kernel Variables...
[[0;32m  OK  [0m] Mounted FUSE Control File System.
[[0;32m  OK  [0m] Started Create Static Device Nodes in /dev.
[[0;32m  OK  [0m] Started Load/Save Random Seed.
         Starting udev Kernel Device Manager...
[[0;32m  OK  [0m] Started Apply Kernel Variables.
[[0;32m  OK  [0m] Started Monitoring of LVM2 mirrors,...ng dmeventd or progress polling.
[[0;32m  OK  [0m] Reached target Local File Systems (Pre).
[[0;32m  OK  [0m] Reached target Local File Systems.
         Starting Tell Plymouth To Write Out Runtime Data...
         Starting Initial cloud-init job (pre-networking)...
         Starting Commit a transient machine-id on disk...
         Starting Set console font and keymap...
         Starting LSB: AppArmor initialization...
[[0;32m  OK  [0m] Started Tell Plymouth To Write Out Runtime Data.
[[0;32m  OK  [0m] Started Commit a transient machine-id on disk.
[[0;32m  OK  [0m] Started Flush Journal to Persistent Storage.
         Starting Create Volatile Files and Directories...
[[0;32m  OK  [0m] Started Create Volatile Files and Directories.
         Starting Update UTMP about System Boot/Shutdown...
[[0;32m  OK  [0m] Started Update UTMP about System Boot/Shutdown.
[[0;32m  OK  [0m] Started udev Kernel Device Manager.
[[0;32m  OK  [0m] Started udev Coldplug all Devices.
[[0;32m  OK  [0m] Started Dispatch Password Requests to Console Directory Watch.
[[0;32m  OK  [0m] Found device /dev/ttyS0.
[[0;32m  OK  [0m] Listening on Load/Save RF Kill Switch Status /dev/rfkill Watch.
[[0;32m  OK  [0m] Started Set console font and keymap.
[[0;32m  OK  [0m] Created slice system-getty.slice.
[   20.570970] cloud-init[473]: Cloud-init v. 21.1-19-gbad84ad4-0ubuntu1~16.04.2 running 'init-local' at Wed, 13 Apr 2022 11:15:56 +0000. Up 18.43 seconds.
[[0;32m  OK  [0m] Started Initial cloud-init job (pre-networking).
[[0;32m  OK  [0m] Reached target Network (Pre).
[[0;32m  OK  [0m] Started LSB: AppArmor initialization.
         Starting Raise network interfaces...
         Starting Load AppArmor profiles managed internally by snapd...
[[0;32m  OK  [0m] Started Load AppArmor profiles managed internally by snapd.
[[0;32m  OK  [0m] Started Raise network interfaces.
[[0;32m  OK  [0m] Reached target Network.
         Starting Initial cloud-init job (metadata service crawler)...
[   27.430285] cloud-init[966]: Cloud-init v. 21.1-19-gbad84ad4-0ubuntu1~16.04.2 running 'init' at Wed, 13 Apr 2022 11:16:02 +0000. Up 24.66 seconds.
[   27.445381] cloud-init[966]: ci-info: ++++++++++++++++++++++++++++++++++++++Net device info+++++++++++++++++++++++++++++++++++++++
[   27.457361] cloud-init[966]: ci-info: +--------+-------+----------------------------+---------------+--------+-------------------+
[   27.477346] cloud-init[966]: ci-info: | Device |   Up  |          Address           |      Mask     | Scope  |     Hw-Address    |
[   27.493447] cloud-init[966]: ci-info: +--------+-------+----------------------------+---------------+--------+-------------------+
[   27.509223] cloud-init[966]: ci-info: | enp0s3 |  True |         10.0.2.15          | 255.255.255.0 | global | 02:be:82:6b:cc:1d |
[   27.521198] cloud-init[966]: ci-info: | enp0s3 |  True | fe80::be:82ff:fe6b:cc1d/64 |       .       |  link  | 02:be:82:6b:cc:1d |
[   27.537300] cloud-init[966]: ci-info: | enp0s8 | False |             .              |       .       |   .    | 08:00:27:29:0c:71 |
[   27.553169] cloud-init[966]: ci-info: |   lo   |  True |         127.0.0.1          |   255.0.0.0   |  host  |         .         |
[   27.569342] cloud-init[966]: ci-info: |   lo   |  True |          ::1/128           |       .       |  host  |         .         |
[   27.589335] cloud-init[966]: ci-info: +--------+-------+----------------------------+---------------+--------+-------------------+
[   27.609086] cloud-init[966]: ci-info: +++++++++++++++++++++++++++Route IPv4 info++++++++++++++++++++++++++++
[   27.617237] cloud-init[966]: ci-info: +-------+-------------+----------+---------------+-----------+-------+
[   27.632697] cloud-init[966]: ci-info: | Route | Destination | Gateway  |    Genmask    | Interface | Flags |
[   27.645338] cloud-init[966]: ci-info: +-------+-------------+----------+---------------+-----------+-------+
[   27.657364] cloud-init[966]: ci-info: |   0   |   0.0.0.0   | 10.0.2.2 |    0.0.0.0    |   enp0s3  |   UG  |
[   27.673324] cloud-init[966]: ci-info: |   1   |   10.0.2.0  | 0.0.0.0  | 255.255.255.0 |   enp0s3  |   U   |
[   27.685257] cloud-init[966]: ci-info: +-------+-------------+----------+---------------+-----------+-------+[[0;32m  OK  [0m
[   27.697340] cloud-init[966]: ci-info: +++++++++++++++++++Route IPv6 info+++++++++++++++++++] Started Initial cloud-init job (metadata service crawler).
[[0;32m  OK  [0m] Reached target Cloud-config availability.
[   27.710634] cloud-init[966]: 
[[0;32m  OK  [0m] Reached target System Initialization.
ci-info: +-------+-------------+---------+-----------+-------+
[   27.720011] cloud-init[966]: ci-info: | Route | Destination | Gateway | Interface | Flags |
[[0;32m  OK  [0m] [   27.732737] cloud-init[966]: ci-info: +-------+-------------+---------+-----------+-------+Started ACPI Events Check.
[[0;32m  OK  [0m] Reached target Paths.

[   27.740811] cloud-init[966]: ci-info: |   0   |  fe80::/64  |    ::   |   enp0s3  |   U   |[[0;32m  OK  [0m] Started Ubuntu Advantage update messaging.
[[0;32m  OK  [0m
[   27.752888] cloud-init[966]: ci-info: |   3   |   ff00::/8  |    ::   |   enp0s3  |   U   |] Started Daily apt download activities.
[[0;32m  OK  [0m] 
[   27.760828] cloud-init[966]: ci-info: +-------+-------------+---------+-----------+-------+Started Daily apt upgrade and clean activities.
[[0;32m  OK  [0m] Listening on D-Bus System Message Bus Socket.
[   27.773284] cloud-init[966]: Generating public/private rsa key pair.

[   27.777384]          Starting LXD - unix socket.cloud-init[966]: Your identification has been saved in /etc/ssh/ssh_host_rsa_key.
[[0;32m  OK  [0m
[   27.788699] cloud-init[966]: Your public key has been saved in /etc/ssh/ssh_host_rsa_key.pub.] Listening on UUID daemon activation socket.
[[0;32m  OK  [0m] Started Message of the Day.
[[0;32m  OK  [0m] 
[   27.801018] cloud-init[966]: The key fingerprint is:
Listening on ACPID Listen Socket.
         Starting Socket activation for snappy daemon.[   27.810678] cloud-init[966]: SHA256:vOzgta///o8SqWJmJUsyw5lElMtbltbwa4Y3MF7QbGo root@ubuntu-xenial
[[0;32m  OK  [0m] Started Daily Cleanup of Temporary Directories.
[   27.822092] cloud-init[966]: The key's randomart image is:
[   27.826234] cloud-init[966]: 
[[0;32m  OK  [0m] Reached target Timers.
[+---[RSA 2048]----+
[   27.833538] cloud-init[966]: |     ... o       |[0;32m  OK  [0m] Reached target Network is Online.

[   27.840861] cloud-init[966]: |      o o +      |
         Starting iSCSI initiator daemon (iscsid)...[   27.848652] cloud-init[966]: |     o . O       |
[   27.851685] 
[[0;32m  OK  [0mcloud-init[966]: |      +.E +      |
] Listening on LXD - unix socket.
[   27.866599] cloud-init[[0;32m  OK  [0m] Listening on Socket activation for snappy daemon.[966]: |     o XS= . .   |
[[0;32m  OK  [0m] Reached target Sockets.
[
[   27.883445] [0;32m  OK  [0m] Reached target Basic System.
cloud-init[966]:          Starting Login Service...
|      O.=.B o    |
[   27.898277] cloud-init[[0;32m  OK  [0m] Started D-Bus System Message Bus.
[966]: |      .=+B o .   |
[   27.944718] cloud-init[966]: |     . +*.. .  . |
[   27.954930] cloud-init[966]: |      .++=ooooo..|
[   27.965909] cloud-init[966]: +----[SHA256]-----+
[   27.972647] cloud-init[966]: Generating public/private dsa key pair.
[   27.979873] cloud-init[966]: Your identification has been saved in /etc/ssh/ssh_host_dsa_key.
[   27.990377] cloud-init[966]: Your public key has been saved in /etc/ssh/ssh_host_dsa_key.pub.
[   27.997949] cloud-init[966]: The key fingerprint is:
[   28.003216] cloud-init[966]: SHA256:gYfJsHvEA/qIYPNGD8SP1NMMTyas6Q+nT/sStFYxFbU root@ubuntu-xenial
[   28.010746] cloud-init[966]: The key's randomart image is:
[   28.017071] cloud-init[966]: +---[DSA 1024]----+         Starting LXD - container startup/shutdown...
[   28.034680] cloud-init[966]: |  ..=o+o.oo.     |
[   28.037821] cloud-init[966]: |  .+ X=O    .    |

         Starting LSB: MD monitoring daemon...
[   28.048523] cloud-init[966]: |.ooo* X.=  E     |
[   28.051219] cloud-init[[0;32m  OK  [0m] Started FUSE filesystem for LXC.
[966]: |o.+*o= + .       |         Starting LSB: Record successful boot for GRUB...
[   28.091759] 
         Starting Snap Daemon...
cloud-init[[0;32m  OK  [0m] Started Deferred execution scheduler.[966]: |. oo+.+ S        |
[   28.150438] cloud-init
         Starting /etc/rc.local Compatibility...
         Starting System Logging Service...
[[0;32m  OK  [0m] Started Regular background program processing daemon.
[[0;32m  OK  [0m] Started ACPI event daemon.
         Starting Accounts Service...
         [966]: Starting Pollinate to seed the pseudo random number generator...
|  .o *           |         Starting Virtualbox guest utils...
[[0;32m  OK  [0m] Started /etc/rc.local Compatibility.
[   28.319846] 
[[0;32m  OK  [0m] Started Login Service.
[[0;32m  OK  [0m] Started Unattended Upgrades Shutdown.
cloud-init[966]: [[0;32m  OK  [0m] Started iSCSI initiator daemon (iscsid).
         Starting Login to default iSCSI targets...
|    *..          |
[   28.455282] cloud-init[966]: |   ..o.          |[[0;32m  OK  [0m] Started System Logging Service.

[[0;32m  OK  [0m] Started Login to default iSCSI targets.[   28.546759] cloud-init[966]: 
[[0;32m  OK  [0m] Reached target Remote File Systems (Pre).
[[0;32m  OK  [0m] Reached target Remote File Systems.
         Starting LSB: daemon to balance interrupts for SMP systems...|    .oo.         |
         Starting LSB: Set the CPU Frequency Scaling governor to "ondemand"...
         Starting Permit User Sessions...
         Starting LSB: automatic crash report generation...
[   28.620668] 
[[0;32m  OK  [0m] Started Permit User Sessions.
         Starting Terminate Plymouth Boot Screen...cloud-init
         Starting Hold until boot process finishes up...
[[0;32m  OK  [0m] Started Terminate Plymouth Boot Screen.
[[0;32m  OK  [0m[966]: +----[SHA256]-----+
] Started Hold until boot process finishes up.
         Starting Set console scheme...
[[0;32m  OK  [0m] Started Serial Getty on ttyS0.
[[0;32m  OK  [0m] Started Getty on tty1.
[[0;32m  OK  [0m] Reached target Login Prompts.
[[0;32m  OK  [0m] Started Set console scheme.
[   28.790874] cloud-init[966]: Generating public/private ecdsa key pair.
[   28.853541] cloud-init[966]: Your identification has been saved in /etc/ssh/ssh_host_ecdsa_key.
         Starting Authenticate and Authorize Users to Run Privileged Tasks...
[[0;32m  OK  [0m] Started LSB: Record successful boot for GRUB.
[   28.954158] cloud-init[[0;32m  OK  [0m] Started LSB: MD monitoring daemon.
[966]: Your public key has been saved in /etc/ssh/ssh_host_ecdsa_key.pub.[[0;32m  OK  [0m] Started LSB: Set the CPU Frequency Scaling governor to "ondemand".

[   29.038880] cloud-init[966]: The key fingerprint is:
[   29.074885] cloud-init[966]: [[0;32m  OK  [0m] Started Authenticate and Authorize Users to Run Privileged Tasks.
[[0;32m  OK  [0mSHA256:MwSAOgBONj2PAjyXtmRENrkJz/e6NcdjtW1zzAFx5ak root@ubuntu-xenial] Started LXD - container startup/shutdown.

[   29.160285] cloud-init[966]: The key's randomart image is:
[[0;32m  OK  [0m] Started Accounts Service.
[   29.222057] cloud-init[966]: +---[ECDSA 256]---+
[   29.260384] cloud-init[966]: |+++*+..      . .o|
[[0;32m  OK  [0m] [   29.300922] Started LSB: daemon to balance interrupts for SMP systems.
cloud-init[966]: |*++X.  .      o..|
[   29.320544] cloud-init[966]: |ooX B   .    . ..|
[   29.338991] cloud-init[966]: |o. B o .      o  |
[   29.377970] cloud-init[966]: | .. . . S  . E . |
[[0;32m  OK  [0m] Started LSB: automatic crash report generation.[   29.402108] cloud-init
[966]: |       ..o. o o .|
[   29.424854] cloud-init[966]: |      .o = . + + |
[   29.452144] cloud-init[966]: |     .. + . . o  |
[   29.473102] cloud-init[966]: |     ..          |
[   29.492167] cloud-init[966]: +----[SHA256]-----+
[   29.517206] cloud-init[966]: Generating public/private ed25519 key pair.
[   29.539249] cloud-init[966]: Your identification has been saved in /etc/ssh/ssh_host_ed25519_key.
[   29.572665] cloud-init[966]: Your public key has been saved in /etc/ssh/ssh_host_ed25519_key.pub.
[   29.620237] cloud-init[966]: The key fingerprint is:
[[0;32m  OK  [0m] Started Virtualbox guest utils.
[   29.654315] cloud-init[966]: SHA256:lBAHu5lhCdB3tsWH/FXNkGTk8GQOjRN+oee59hh3vs8 root@ubuntu-xenial
[   29.695832] cloud-init[966]: The key's randomart image is:
[   29.713281] cloud-init[966]: +--[ED25519 256]--+
[   29.725569] cloud-init[966]: |  .o. +o.o .+*O=o|
[   29.752468] cloud-init[966]: |    ...=o.=.+@+.o|
[   29.761547] cloud-init[966]: |     .=ooo ooo*  |
[   29.786241] cloud-init[966]: |     . *.   .+ . |
[   29.797980] cloud-init[966]: |      + S     o  |
[   29.812304] cloud-init[966]: |               . |
[   29.834103] cloud-init[966]: |              + o|
[   29.848594] cloud-init[966]: |             . B.|
[   29.860560] cloud-init[966]: |              ..E|
[   29.870216] cloud-init[966]: +----[SHA256]-----+
[[0;32m  OK  [0m] Started Snap Daemon.
         Starting Wait until snapd is fully seeded...
[[0;32m  OK  [0m] Started Pollinate to seed the pseudo random number generator.
         Starting OpenBSD Secure Shell server...
[[0;32m  OK  [0m] Started OpenBSD Secure Shell server.
[[0;32m  OK  [0m] Created slice User Slice of vagrant.
[[0;32m  OK  [0m] Started Session 1 of user vagrant.
         Starting User Manager for UID 1000...
[[0;32m  OK  [0m] Started User Manager for UID 1000.
[[0;32m  OK  [0m] Started Wait until snapd is fully seeded.
         Starting Apply the settings specified in cloud-config...
[[0;32m  OK  [0m] Reached target Multi-User System.
[[0;32m  OK  [0m] Reached target Graphical Interface.
         Starting Update UTMP about System Runlevel Changes...
[[0;32m  OK  [0m] Started Update UTMP about System Runlevel Changes.

Ubuntu 16.04.7 LTS ubuntu-xenial ttyS0

ubuntu-xenial login: [   37.160281] cloud-init[1393]: Generating locales (this might take a while)...
[   43.893989] cloud-init[1393]:   en_US.UTF-8... done
[   43.900145] cloud-init[1393]: Generation complete.
[   45.013380] cloud-init[1393]: Cloud-init v. 21.1-19-gbad84ad4-0ubuntu1~16.04.2 running 'modules:config' at Wed, 13 Apr 2022 11:16:13 +0000. Up 36.05 seconds.
ci-info: no authorized SSH keys fingerprints found for user ubuntu.
<14>Apr 13 11:16:25 ec2: 
<14>Apr 13 11:16:25 ec2: #############################################################
<14>Apr 13 11:16:25 ec2: -----BEGIN SSH HOST KEY FINGERPRINTS-----
<14>Apr 13 11:16:25 ec2: 1024 SHA256:gYfJsHvEA/qIYPNGD8SP1NMMTyas6Q+nT/sStFYxFbU root@ubuntu-xenial (DSA)
<14>Apr 13 11:16:25 ec2: 256 SHA256:MwSAOgBONj2PAjyXtmRENrkJz/e6NcdjtW1zzAFx5ak root@ubuntu-xenial (ECDSA)
<14>Apr 13 11:16:25 ec2: 256 SHA256:lBAHu5lhCdB3tsWH/FXNkGTk8GQOjRN+oee59hh3vs8 root@ubuntu-xenial (ED25519)
<14>Apr 13 11:16:25 ec2: 2048 SHA256:vOzgta///o8SqWJmJUsyw5lElMtbltbwa4Y3MF7QbGo root@ubuntu-xenial (RSA)
<14>Apr 13 11:16:25 ec2: -----END SSH HOST KEY FINGERPRINTS-----
<14>Apr 13 11:16:25 ec2: #############################################################
-----BEGIN SSH HOST KEY KEYS-----
ecdsa-sha2-nistp256 AAAAE2VjZHNhLXNoYTItbmlzdHAyNTYAAAAIbmlzdHAyNTYAAABBBGGuvEe3ScMgcdrdh1B8AlcaKjktfq4rKtiIQ3xBLq/L0x5Cttta7ZIN9GCadwefMwgkhk22kNIzh1S8avdyHFA= root@ubuntu-xenial
ssh-ed25519 AAAAC3NzaC1lZDI1NTE5AAAAIETjpiCMdvBMweEoRQnCOHqayLs4jnNXnD6Y9LPj4jPp root@ubuntu-xenial
ssh-rsa AAAAB3NzaC1yc2EAAAADAQABAAABAQDpULzPk70HHNA3tltkSD5QVcq2l97Lld2QpqOiK28Wm6kdISGiEwiyRnpZ+lweR50GrQZtEJhtufAaHO1DM4II1Ml5Ju8MSXfEJgQIT2VgCYtIwoIuLT+MeWSfEHIlE4KdzJjy4BhuQMovvkkLX32LN1WpRHH58uMxXnILtsO2Z5r1RRYxb3wjNbqj5l+kXFCa66z6NIyOfWYz/4AaVMoDi3LU7Tu06svaxSnsB+xPZTy9vsF6k3WrJBkR68p24bMs9x6CzCsBBaaOSshTfdupFJ10KQmIFuapKNSpTAGqdXy9ZlwhelLxaAypgdYiPW43S12ucnVb7fzAjtXVE5j1 root@ubuntu-xenial
-----END SSH HOST KEY KEYS-----
[   47.512246] cloud-init[1590]: Cloud-init v. 21.1-19-gbad84ad4-0ubuntu1~16.04.2 running 'modules:final' at Wed, 13 Apr 2022 11:16:24 +0000. Up 46.82 seconds.
[   47.520670] cloud-init[1590]: ci-info: no authorized SSH keys fingerprints found for user ubuntu.
[   47.528600] cloud-init[1590]: Cloud-init v. 21.1-19-gbad84ad4-0ubuntu1~16.04.2 finished at Wed, 13 Apr 2022 11:16:25 +0000. Datasource DataSourceNoCloud [seed=/dev/sdb][dsmode=net].  Up 47.49 seconds
