[    0.000000] Initializing cgroup subsys cpuset
[    0.000000] Initializing cgroup subsys cpu
[    0.000000] Initializing cgroup subsys cpuacct
[    0.000000] Linux version 4.4.0-210-generic (buildd@lgw01-amd64-009) (gcc version 5.4.0 20160609 (Ubuntu 5.4.0-6ubuntu1~16.04.12) ) #242-Ubuntu SMP Fri Apr 16 09:57:56 UTC 2021 (Ubuntu 4.4.0-210.242-generic 4.4.262)
[    0.000000] Command line: BOOT_IMAGE=/boot/vmlinuz-4.4.0-210-generic root=LABEL=cloudimg-rootfs ro console=tty1 console=ttyS0
[    0.000000] KERNEL supported cpus:
[    0.000000]   Intel GenuineIntel
[    0.000000]   AMD AuthenticAMD
[    0.000000]   Centaur CentaurHauls
[    0.000000] x86/fpu: xstate_offset[2]:  576, xstate_sizes[2]:  256
[    0.000000] x86/fpu: Supporting XSAVE feature 0x01: 'x87 floating point registers'
[    0.000000] x86/fpu: Supporting XSAVE feature 0x02: 'SSE registers'
[    0.000000] x86/fpu: Supporting XSAVE feature 0x04: 'AVX registers'
[    0.000000] x86/fpu: Enabled xstate features 0x7, context size is 832 bytes, using 'standard' format.
[    0.000000] e820: BIOS-provided physical RAM map:
[    0.000000] BIOS-e820: [mem 0x0000000000000000-0x000000000009fbff] usable
[    0.000000] BIOS-e820: [mem 0x000000000009fc00-0x000000000009ffff] reserved
[    0.000000] BIOS-e820: [mem 0x00000000000f0000-0x00000000000fffff] reserved
[    0.000000] BIOS-e820: [mem 0x0000000000100000-0x000000003ffeffff] usable
[    0.000000] BIOS-e820: [mem 0x000000003fff0000-0x000000003fffffff] ACPI data
[    0.000000] BIOS-e820: [mem 0x00000000fec00000-0x00000000fec00fff] reserved
[    0.000000] BIOS-e820: [mem 0x00000000fee00000-0x00000000fee00fff] reserved
[    0.000000] BIOS-e820: [mem 0x00000000fffc0000-0x00000000ffffffff] reserved
[    0.000000] NX (Execute Disable) protection: active
[    0.000000] SMBIOS 2.5 present.
[    0.000000] Hypervisor detected: KVM
[    0.000000] e820: last_pfn = 0x3fff0 max_arch_pfn = 0x400000000
[    0.000000] MTRR: Disabled
[    0.000000] x86/PAT: MTRRs disabled, skipping PAT initialization too.
[    0.000000] CPU MTRRs all blank - virtualized system.
[    0.000000] x86/PAT: Configuration [0-7]: WB  WT  UC- UC  WB  WT  UC- UC  
[    0.000000] found SMP MP-table at [mem 0x0009fff0-0x0009ffff] mapped at [ffff88000009fff0]
[    0.000000] Scanning 1 areas for low memory corruption
[    0.000000] RAMDISK: [mem 0x362dc000-0x37165fff]
[    0.000000] ACPI: Early table checksum verification disabled
[    0.000000] ACPI: RSDP 0x00000000000E0000 000024 (v02 VBOX  )
[    0.000000] ACPI: XSDT 0x000000003FFF0030 00003C (v01 VBOX   VBOXXSDT 00000001 ASL  00000061)
[    0.000000] ACPI: FACP 0x000000003FFF00F0 0000F4 (v04 VBOX   VBOXFACP 00000001 ASL  00000061)
[    0.000000] ACPI: DSDT 0x000000003FFF0470 002325 (v02 VBOX   VBOXBIOS 00000002 INTL 20100528)
[    0.000000] ACPI: FACS 0x000000003FFF0200 000040
[    0.000000] ACPI: FACS 0x000000003FFF0200 000040
[    0.000000] ACPI: APIC 0x000000003FFF0240 000054 (v02 VBOX   VBOXAPIC 00000001 ASL  00000061)
[    0.000000] ACPI: SSDT 0x000000003FFF02A0 0001CC (v01 VBOX   VBOXCPUT 00000002 INTL 20100528)
[    0.000000] No NUMA configuration found
[    0.000000] Faking a node at [mem 0x0000000000000000-0x000000003ffeffff]
[    0.000000] NODE_DATA(0) allocated [mem 0x3ffeb000-0x3ffeffff]
[    0.000000] kvm-clock: Using msrs 4b564d01 and 4b564d00
[    0.000000] kvm-clock: cpu 0, msr 0:3ffe3001, primary cpu clock
[    0.000000] kvm-clock: using sched offset of 6765615980 cycles
[    0.000000] clocksource: kvm-clock: mask: 0xffffffffffffffff max_cycles: 0x1cd42e4dffb, max_idle_ns: 881590591483 ns
[    0.000000] Zone ranges:
[    0.000000]   DMA      [mem 0x0000000000001000-0x0000000000ffffff]
[    0.000000]   DMA32    [mem 0x0000000001000000-0x000000003ffeffff]
[    0.000000]   Normal   empty
[    0.000000]   Device   empty
[    0.000000] Movable zone start for each node
[    0.000000] Early memory node ranges
[    0.000000]   node   0: [mem 0x0000000000001000-0x000000000009efff]
[    0.000000]   node   0: [mem 0x0000000000100000-0x000000003ffeffff]
[    0.000000] Initmem setup node 0 [mem 0x0000000000001000-0x000000003ffeffff]
[    0.000000] ACPI: PM-Timer IO Port: 0x4008
[    0.000000] IOAPIC[0]: apic_id 1, version 32, address 0xfec00000, GSI 0-23
[    0.000000] ACPI: INT_SRC_OVR (bus 0 bus_irq 0 global_irq 2 dfl dfl)
[    0.000000] ACPI: INT_SRC_OVR (bus 0 bus_irq 9 global_irq 9 low level)
[    0.000000] Using ACPI (MADT) for SMP configuration information
[    0.000000] smpboot: Allowing 1 CPUs, 0 hotplug CPUs
[    0.000000] PM: Registered nosave memory: [mem 0x00000000-0x00000fff]
[    0.000000] PM: Registered nosave memory: [mem 0x0009f000-0x0009ffff]
[    0.000000] PM: Registered nosave memory: [mem 0x000a0000-0x000effff]
[    0.000000] PM: Registered nosave memory: [mem 0x000f0000-0x000fffff]
[    0.000000] e820: [mem 0x40000000-0xfebfffff] available for PCI devices
[    0.000000] Booting paravirtualized kernel on KVM
[    0.000000] clocksource: refined-jiffies: mask: 0xffffffff max_cycles: 0xffffffff, max_idle_ns: 7645519600211568 ns
[    0.000000] setup_percpu: NR_CPUS:512 nr_cpumask_bits:512 nr_cpu_ids:1 nr_node_ids:1
[    0.000000] PERCPU: Embedded 33 pages/cpu @ffff88003fc00000 s95192 r8192 d31784 u2097152
[    0.000000] Built 1 zonelists in Node order, mobility grouping on.  Total pages: 257912
[    0.000000] Policy zone: DMA32
[    0.000000] Kernel command line: BOOT_IMAGE=/boot/vmlinuz-4.4.0-210-generic root=LABEL=cloudimg-rootfs ro console=tty1 console=ttyS0
[    0.000000] PID hash table entries: 4096 (order: 3, 32768 bytes)
[    0.000000] Memory: 997924K/1048120K available (8644K kernel code, 1332K rwdata, 4044K rodata, 1492K init, 1164K bss, 50196K reserved, 0K cma-reserved)
[    0.000000] SLUB: HWalign=64, Order=0-3, MinObjects=0, CPUs=1, Nodes=1
[    0.000000] Kernel/User page tables isolation: enabled
[    0.000000] Hierarchical RCU implementation.
[    0.000000] 	Build-time adjustment of leaf fanout to 64.
[    0.000000] 	RCU restricting CPUs from NR_CPUS=512 to nr_cpu_ids=1.
[    0.000000] RCU: Adjusting geometry for rcu_fanout_leaf=64, nr_cpu_ids=1
[    0.000000] NR_IRQS:33024 nr_irqs:256 16
[    0.000000] Console: colour VGA+ 80x25
[    0.000000] console [tty1] enabled
[    0.000000] console [ttyS0] enabled
[    0.000000] tsc: Detected 3407.994 MHz processor
[    0.666884] Calibrating delay loop (skipped) preset value.. 6815.98 BogoMIPS (lpj=13631976)
[    0.674196] pid_max: default: 32768 minimum: 301
[    0.678159] ACPI: Core revision 20150930
[    0.688877] ACPI: 2 ACPI AML tables successfully acquired and loaded
[    0.694618] Security Framework initialized
[    0.698330] Yama: becoming mindful.
[    0.701491] AppArmor: AppArmor initialized
[    0.705889] Dentry cache hash table entries: 131072 (order: 8, 1048576 bytes)
[    0.721670] Inode-cache hash table entries: 65536 (order: 7, 524288 bytes)
[    0.726510] Mount-cache hash table entries: 2048 (order: 2, 16384 bytes)
[    0.730829] Mountpoint-cache hash table entries: 2048 (order: 2, 16384 bytes)
[    0.735623] Initializing cgroup subsys io
[    0.739071] Initializing cgroup subsys memory
[    0.742285] Initializing cgroup subsys devices
[    0.746039] Initializing cgroup subsys freezer
[    0.749427] Initializing cgroup subsys net_cls
[    0.752681] Initializing cgroup subsys perf_event
[    0.757556] Initializing cgroup subsys net_prio
[    0.762480] Initializing cgroup subsys hugetlb
[    0.766680] Initializing cgroup subsys pids
[    0.773079] mce: CPU supports 0 MCE banks
[    0.776834] process: using mwait in idle threads
[    0.780979] Last level iTLB entries: 4KB 64, 2MB 8, 4MB 8
[    0.785729] Last level dTLB entries: 4KB 64, 2MB 0, 4MB 0, 1GB 4
[    0.791700] Spectre V1 : Mitigation: usercopy/swapgs barriers and __user pointer sanitization
[    0.801255] Spectre V2 : Mitigation: Full generic retpoline
[    0.807955] Spectre V2 : Spectre v2 / SpectreRSB mitigation: Filling RSB on context switch
[    0.814870] Speculative Store Bypass: Vulnerable
[    0.818831] SRBDS: Unknown: Dependent on hypervisor status
[    0.823459] MDS: Mitigation: Clear CPU buffers
[    0.905154] Freeing SMP alternatives memory: 36K
[    0.925016] ftrace: allocating 32380 entries in 127 pages
[    1.106610] smpboot: APIC(0) Converting physical 0 to logical package 0
[    1.111307] smpboot: Max logical packages: 1
[    1.115473] x2apic enabled
[    1.118676] Switched APIC routing to physical x2apic.
[    1.125802] ..TIMER: vector=0x30 apic1=0 pin1=2 apic2=-1 pin2=-1
[    1.238176] smpboot: CPU0: Intel(R) Core(TM) i7-6700 CPU @ 3.40GHz (family: 0x6, model: 0x5e, stepping: 0x3)
[    1.245844] Performance Events: unsupported p6 CPU model 94 no PMU driver, software events only.
[    1.278028] KVM setup paravirtual spinlock
[    1.281579] x86: Booted up 1 node, 1 CPUs
[    1.284618] smpboot: Total of 1 processors activated (6815.98 BogoMIPS)
[    1.289709] devtmpfs: initialized
[    1.296177] evm: security.selinux
[    1.298256] evm: security.SMACK64
[    1.300346] evm: security.SMACK64EXEC
[    1.303536] evm: security.SMACK64TRANSMUTE
[    1.305885] evm: security.SMACK64MMAP
[    1.308234] evm: security.ima
[    1.310415] evm: security.capability
[    1.312788] clocksource: jiffies: mask: 0xffffffff max_cycles: 0xffffffff, max_idle_ns: 7645041785100000 ns
[    1.318145] futex hash table entries: 256 (order: 2, 16384 bytes)
[    1.322705] pinctrl core: initialized pinctrl subsystem
[    1.325988] RTC time: 11:16:18, date: 04/13/22
[    1.328631] NET: Registered protocol family 16
[    1.331367] cpuidle: using governor ladder
[    1.333629] cpuidle: using governor menu
[    1.336706] PCCT header not found.
[    1.338793] ACPI: bus type PCI registered
[    1.341045] acpiphp: ACPI Hot Plug PCI Controller Driver version: 0.5
[    1.344748] PCI: Using configuration type 1 for base access
[    1.350149] ACPI: Added _OSI(Module Device)
[    1.352469] ACPI: Added _OSI(Processor Device)
[    1.355531] ACPI: Added _OSI(3.0 _SCP Extensions)
[    1.358182] ACPI: Added _OSI(Processor Aggregator Device)
[    1.362286] ACPI: Executed 1 blocks of module-level executable AML code
[    1.370929] ACPI: Interpreter enabled
[    1.373536] ACPI: (supports S0 S5)
[    1.375439] ACPI: Using IOAPIC for interrupt routing
[    1.378988] PCI: Using host bridge windows from ACPI; if necessary, use "pci=nocrs" and report a bug
[    1.394363] ACPI: PCI Root Bridge [PCI0] (domain 0000 [bus 00-ff])
[    1.398805] acpi PNP0A03:00: _OSC: OS supports [ASPM ClockPM Segments MSI]
[    1.404084] acpi PNP0A03:00: _OSC: not requesting OS control; OS requires [ExtendedConfig ASPM ClockPM MSI]
[    1.411012] acpi PNP0A03:00: fail to add MMCONFIG information, can't access extended PCI configuration space under this bridge.
[    1.418175] PCI host bridge to bus 0000:00
[    1.420876] pci_bus 0000:00: root bus resource [io  0x0000-0x0cf7 window]
[    1.424537] pci_bus 0000:00: root bus resource [io  0x0d00-0xffff window]
[    1.428973] pci_bus 0000:00: root bus resource [mem 0x000a0000-0x000bffff window]
[    1.435564] pci_bus 0000:00: root bus resource [mem 0x40000000-0xfdffffff window]
[    1.441223] pci_bus 0000:00: root bus resource [bus 00-ff]
[    1.450642] pci 0000:00:01.1: legacy IDE quirk: reg 0x10: [io  0x01f0-0x01f7]
[    1.455052] pci 0000:00:01.1: legacy IDE quirk: reg 0x14: [io  0x03f6]
[    1.458296] pci 0000:00:01.1: legacy IDE quirk: reg 0x18: [io  0x0170-0x0177]
[    1.462245] pci 0000:00:01.1: legacy IDE quirk: reg 0x1c: [io  0x0376]
[    1.520140] pci 0000:00:07.0: quirk: [io  0x4000-0x403f] claimed by PIIX4 ACPI
[    1.526783] pci 0000:00:07.0: quirk: [io  0x4100-0x410f] claimed by PIIX4 SMB
[    1.551711] ACPI: PCI Interrupt Link [LNKA] (IRQs 5 9 10 *11)
[    1.558142] ACPI: PCI Interrupt Link [LNKB] (IRQs 5 9 *10 11)
[    1.564369] ACPI: PCI Interrupt Link [LNKC] (IRQs 5 *9 10 11)
[    1.569745] ACPI: PCI Interrupt Link [LNKD] (IRQs 5 9 10 *11)
[    1.575637] ACPI: Enabled 2 GPEs in block 00 to 07
[    1.581008] vgaarb: setting as boot device: PCI:0000:00:02.0
[    1.587636] vgaarb: device added: PCI:0000:00:02.0,decodes=io+mem,owns=io+mem,locks=none
[    1.595570] vgaarb: loaded
[    1.598468] vgaarb: bridge control possible 0000:00:02.0
[    1.604209] SCSI subsystem initialized
[    1.607873] ACPI: bus type USB registered
[    1.612019] usbcore: registered new interface driver usbfs
[    1.616597] usbcore: registered new interface driver hub
[    1.620321] usbcore: registered new device driver usb
[    1.624975] PCI: Using ACPI for IRQ routing
[    1.629466] NetLabel: Initializing
[    1.632716] NetLabel:  domain hash size = 128
[    1.636687] NetLabel:  protocols = UNLABELED CIPSOv4
[    1.640715] NetLabel:  unlabeled traffic allowed by default
[    1.645151] amd_nb: Cannot enumerate AMD northbridges
[    1.649117] clocksource: Switched to clocksource kvm-clock
[    1.690157] AppArmor: AppArmor Filesystem Enabled
[    1.694985] pnp: PnP ACPI init
[    1.701040] pnp: PnP ACPI: found 3 devices
[    1.722236] clocksource: acpi_pm: mask: 0xffffff max_cycles: 0xffffff, max_idle_ns: 2085701024 ns
[    1.728938] NET: Registered protocol family 2
[    1.732294] TCP established hash table entries: 8192 (order: 4, 65536 bytes)
[    1.736680] TCP bind hash table entries: 8192 (order: 5, 131072 bytes)
[    1.741762] TCP: Hash tables configured (established 8192 bind 8192)
[    1.746409] UDP hash table entries: 512 (order: 2, 16384 bytes)
[    1.750270] UDP-Lite hash table entries: 512 (order: 2, 16384 bytes)
[    1.754773] NET: Registered protocol family 1
[    1.758750] pci 0000:00:00.0: Limiting direct PCI/PCI transfers
[    1.763236] pci 0000:00:01.0: Activating ISA DMA hang workarounds
[    1.767818] Unpacking initramfs...
[    2.425028] Freeing initrd memory: 14888K
[    2.428457] clocksource: tsc: mask: 0xffffffffffffffff max_cycles: 0x311fcde90a1, max_idle_ns: 440795222066 ns
[    2.435752] platform rtc_cmos: registered platform RTC device (no PNP device found)
[    2.441867] Scanning for low memory corruption every 60 seconds
[    2.455098] audit: initializing netlink subsys (disabled)
[    2.459175] audit: type=2000 audit(1649848586.900:1): initialized
[    2.464850] Initialise system trusted keyring
[    2.468172] HugeTLB registered 2 MB page size, pre-allocated 0 pages
[    2.476953] zbud: loaded
[    2.480678] VFS: Disk quotas dquot_6.6.0
[    2.484303] VFS: Dquot-cache hash table entries: 512 (order 0, 4096 bytes)
[    2.489458] squashfs: version 4.0 (2009/01/31) Phillip Lougher
[    2.495034] fuse init (API version 7.23)
[    2.499447] Key type big_key registered
[    2.502880] Allocating IMA MOK and blacklist keyrings.
[    2.507423] Key type asymmetric registered
[    2.511033] Asymmetric key parser 'x509' registered
[    2.515087] Block layer SCSI generic (bsg) driver version 0.4 loaded (major 249)
[    2.520622] io scheduler noop registered
[    2.524207] io scheduler deadline registered (default)
[    2.528560] io scheduler cfq registered
[    2.532088] pci_hotplug: PCI Hot Plug PCI Core version: 0.5
[    2.536405] pciehp: PCI Express Hot Plug Controller Driver version: 0.4
[    2.540843] ACPI: AC Adapter [AC] (on-line)
[    2.545293] input: Power Button as /devices/LNXSYSTM:00/LNXPWRBN:00/input/input0
[    2.551925] ACPI: Power Button [PWRF]
[    2.554856] input: Sleep Button as /devices/LNXSYSTM:00/LNXSLPBN:00/input/input1
[    2.560741] ACPI: Sleep Button [SLPF]
[    2.563680] GHES: HEST is not enabled!
[    2.566489] Serial: 8250/16550 driver, 32 ports, IRQ sharing enabled
[    2.593221] 00:02: ttyS0 at I/O 0x3f8 (irq = 4, base_baud = 115200) is a 16550A
[    2.601198] Linux agpgart interface v0.103
[    2.606747] loop: module loaded
[    2.610122] scsi host0: ata_piix
[    2.612362] scsi host1: ata_piix
[    2.614615] ata1: PATA max UDMA/33 cmd 0x1f0 ctl 0x3f6 bmdma 0xd000 irq 14
[    2.618517] ata2: PATA max UDMA/33 cmd 0x170 ctl 0x376 bmdma 0xd008 irq 15
[    2.624075] libphy: Fixed MDIO Bus: probed
[    2.627469] tun: Universal TUN/TAP device driver, 1.6
[    2.631541] tun: (C) 1999-2004 Max Krasnyansky <maxk@qualcomm.com>
[    2.636449] PPP generic driver version 2.4.2
[    2.640335] ehci_hcd: USB 2.0 'Enhanced' Host Controller (EHCI) Driver
[    2.645192] ehci-pci: EHCI PCI platform driver
[    2.648615] ehci-platform: EHCI generic platform driver
[    2.652576] ohci_hcd: USB 1.1 'Open' Host Controller (OHCI) Driver
[    2.657067] ohci-pci: OHCI PCI platform driver
[    2.666201] ohci-platform: OHCI generic platform driver
[    2.671368] uhci_hcd: USB Universal Host Controller Interface driver
[    2.676074] i8042: PNP: PS/2 Controller [PNP0303:PS2K,PNP0f03:PS2M] at 0x60,0x64 irq 1,12
[    2.683619] serio: i8042 KBD port at 0x60,0x64 irq 1
[    2.687782] serio: i8042 AUX port at 0x60,0x64 irq 12
[    2.691671] mousedev: PS/2 mouse device common for all mice
[    2.696033] input: AT Translated Set 2 keyboard as /devices/platform/i8042/serio0/input/input2
[    2.702350] rtc_cmos rtc_cmos: rtc core: registered rtc_cmos as rtc0
[    2.708371] rtc_cmos rtc_cmos: alarms up to one day, 114 bytes nvram
[    2.714001] i2c /dev entries driver
[    2.717423] device-mapper: uevent: version 1.0.3
[    2.720965] device-mapper: ioctl: 4.34.0-ioctl (2015-10-28) initialised: dm-devel@redhat.com
[    2.727705] ledtrig-cpu: registered to indicate activity on CPUs
[    2.732945] NET: Registered protocol family 10
[    2.737087] NET: Registered protocol family 17
[    2.740766] Key type dns_resolver registered
[    2.745064] registered taskstats version 1
[    2.748667] Loading compiled-in X.509 certificates
[    2.753982] Loaded X.509 cert 'Build time autogenerated kernel key: cf00e047681d67edb2720680708b7d9498083038'
[    2.762455] zswap: loaded using pool lzo/zbud
[    2.769876] Key type trusted registered
[    2.813817] Key type encrypted registered
[    2.817546] AppArmor: AppArmor sha1 policy hashing enabled
[    2.821928] ima: No TPM chip found, activating TPM-bypass!
[    2.826257] ima: Allocated hash algorithm: sha1
[    2.830739] evm: HMAC attrs: 0x1
[    2.834284]   Magic number: 2:848:276
[    2.837306] tty tty13: hash matches
[    2.840264] rtc_cmos rtc_cmos: setting system clock to 2022-04-13 11:16:19 UTC (1649848579)
[    2.848874] BIOS EDD facility v0.16 2004-Jun-25, 0 devices found
[    2.858019] EDD information not available.
[    2.865005] Freeing unused kernel memory: 1492K
[    2.870368] Write protecting the kernel read-only data: 14336k
[    2.877409] Freeing unused kernel memory: 1584K
[    2.883529] Freeing unused kernel memory: 52K
Loading, please wait...
starting version 229
[    2.930885] random: systemd-udevd: uninitialized urandom read (16 bytes read, 5 bits of entropy available)
[    2.942636] random: udevadm: uninitialized urandom read (16 bytes read, 5 bits of entropy available)
[    2.951340] random: systemd-udevd: uninitialized urandom read (16 bytes read, 5 bits of entropy available)
[    2.959599] random: udevadm: uninitialized urandom read (16 bytes read, 5 bits of entropy available)
[    2.968095] random: systemd-udevd: uninitialized urandom read (16 bytes read, 5 bits of entropy available)
[    2.985417] random: systemd-udevd: uninitialized urandom read (16 bytes read, 5 bits of entropy available)
[    3.012404] random: systemd-udevd: uninitialized urandom read (16 bytes read, 5 bits of entropy available)
[    3.026937] random: systemd-udevd: uninitialized urandom read (16 bytes read, 5 bits of entropy available)
[    3.037515] random: udevadm: uninitialized urandom read (16 bytes read, 5 bits of entropy available)
[    3.045066] random: systemd-udevd: uninitialized urandom read (16 bytes read, 5 bits of entropy available)
[    3.264626] e1000: Intel(R) PRO/1000 Network Driver - version 7.3.21-k8-NAPI
[    3.269073] e1000: Copyright (c) 1999-2006 Intel Corporation.
[    3.291042] Fusion MPT base driver 3.04.20
[    3.293957] Copyright (c) 1999-2008 LSI Corporation
[    3.406067] Fusion MPT SPI Host driver 3.04.20
[    3.496406] AVX2 version of gcm_enc/dec engaged.
[    3.515701] AES CTR mode by8 optimization enabled
[    3.607250] input: ImExPS/2 Generic Explorer Mouse as /devices/platform/i8042/serio1/input/input4
[    4.252562] e1000 0000:00:03.0 eth0: (PCI:33MHz:32-bit) 02:be:82:6b:cc:1d
[    4.257874] e1000 0000:00:03.0 eth0: Intel(R) PRO/1000 Network Connection
[    4.265138] mptbase: ioc0: Initiating bringup
[    4.330458] ioc0: LSI53C1030 A0: Capabilities={Initiator}
[    4.498448] scsi host2: ioc0: LSI53C1030 A0, FwRev=00000000h, Ports=1, MaxQ=256, IRQ=20
[    4.621774] scsi 2:0:0:0: Direct-Access     VBOX     HARDDISK         1.0  PQ: 0 ANSI: 5
[    4.632378] scsi target2:0:0: Beginning Domain Validation
[    4.643273] scsi target2:0:0: Domain Validation skipping write tests
[    4.649745] scsi target2:0:0: Ending Domain Validation
[    4.655996] scsi target2:0:0: asynchronous
[    4.661658] scsi 2:0:1:0: Direct-Access     VBOX     HARDDISK         1.0  PQ: 0 ANSI: 5
[    4.698065] scsi target2:0:1: Beginning Domain Validation
[    4.790507] scsi target2:0:1: Domain Validation skipping write tests
[    4.798462] scsi target2:0:1: Ending Domain Validation
[    4.812192] scsi target2:0:1: asynchronous
[    5.006725] sd 2:0:0:0: Attached scsi generic sg0 type 0
[    5.047090] sd 2:0:0:0: [sda] 83886080 512-byte logical blocks: (42.9 GB/40.0 GiB)
[    5.071212] sd 2:0:0:0: [sda] Write Protect is off
[    5.076292] sd 2:0:0:0: [sda] Incomplete mode parameter data
[    5.080761] sd 2:0:0:0: [sda] Assuming drive cache: write through
[    5.111373]  sda: sda1
[    5.114588] sd 2:0:1:0: [sdb] 20480 512-byte logical blocks: (10.5 MB/10.0 MiB)
[    5.120940] sd 2:0:0:0: [sda] Attached SCSI disk
[    5.125330] sd 2:0:1:0: Attached scsi generic sg1 type 0
[    5.139841] sd 2:0:1:0: [sdb] Write Protect is off
[    5.158421] sd 2:0:1:0: [sdb] Incomplete mode parameter data
[    5.162583] sd 2:0:1:0: [sdb] Assuming drive cache: write through
[    5.206745] sd 2:0:1:0: [sdb] Attached SCSI disk
[    5.491942] e1000 0000:00:08.0 eth1: (PCI:33MHz:32-bit) 08:00:27:2e:d1:52
[    5.498745] e1000 0000:00:08.0 eth1: Intel(R) PRO/1000 Network Connection
[    5.517651] e1000 0000:00:08.0 enp0s8: renamed from eth1
[    5.525589] e1000 0000:00:03.0 enp0s3: renamed from eth0
Begin: Loading essential drivers ... [    7.705797] md: linear personality registered for level -1
[    7.716645] md: multipath personality registered for level -4
[    7.726821] md: raid0 personality registered for level 0
[    7.739380] md: raid1 personality registered for level 1
[    7.817172] raid6: sse2x1   gen()  4603 MB/s
[    7.885180] raid6: sse2x1   xor()  3401 MB/s
[    7.953216] raid6: sse2x2   gen()  5181 MB/s
[    8.021215] raid6: sse2x2   xor()  3272 MB/s
[    8.089173] raid6: sse2x4   gen()  4633 MB/s
[    8.157216] raid6: sse2x4   xor()  3333 MB/s
[    8.225242] raid6: avx2x1   gen()  8382 MB/s
[    8.293179] raid6: avx2x2   gen() 10067 MB/s
[    8.361188] raid6: avx2x4   gen() 12154 MB/s
[    8.363897] raid6: using algorithm avx2x4 gen() 12154 MB/s
[    8.367156] raid6: using avx2x2 recovery algorithm
[    8.373109] xor: automatically using best checksumming function:
[    8.413199]    avx       : 10179.000 MB/sec
[    8.419263] async_tx: api initialized (async)
[    8.447634] md: raid6 personality registered for level 6
[    8.450438] md: raid5 personality registered for level 5
[    8.453293] md: raid4 personality registered for level 4
[    8.469550] md: raid10 personality registered for level 10
done.
Begin: Running /scripts/init-premount ... done.
Begin: Mounting root file system ... Begin: Running /scripts/local-top ... done.
Begin: Running /scripts/local-premount ... [    8.557474] Btrfs loaded
Scanning for Btrfs filesystems
done.
Warning: fsck not present, so skipping root file system
[    8.724098] EXT4-fs (sda1): mounted filesystem with ordered data mode. Opts: (null)
done.
Begin: Running /scripts/local-bottom ... done.
Begin: Running /scripts/init-bottom ... done.
[    9.540750] systemd[1]: systemd 229 running in system mode. (+PAM +AUDIT +SELINUX +IMA +APPARMOR +SMACK +SYSVINIT +UTMP +LIBCRYPTSETUP +GCRYPT +GNUTLS +ACL +XZ -LZ4 +SECCOMP +BLKID +ELFUTILS +KMOD -IDN)
[    9.565408] systemd[1]: Detected virtualization oracle.
[    9.581425] systemd[1]: Detected architecture x86-64.

Welcome to [1mUbuntu 16.04.7 LTS[0m!

[    9.618981] systemd[1]: Set hostname to <ubuntu>.
[    9.651717] random: nonblocking pool is initialized
[    9.665303] systemd[1]: Initializing machine ID from random generator.
[    9.671650] systemd[1]: Installed transient /etc/machine-id file.
[   10.417234] systemd[1]: Listening on udev Kernel Socket.
[[0;32m  OK  [0m] Listening on udev Kernel Socket.
[   10.425402] systemd[1]: Listening on /dev/initctl Compatibility Named Pipe.
[[0;32m  OK  [0m] Listening on /dev/initctl Compatibility Named Pipe.
[   10.438134] systemd[1]: Listening on Device-mapper event daemon FIFOs.
[[0;32m  OK  [0m] Listening on Device-mapper event daemon FIFOs.
[   10.451013] systemd[1]: Set up automount Arbitrary Executable File Formats File System Automount Point.
[[0;32m  OK  [0m] Set up automount Arbitrary Executab...ats File System Automount Point.
[   10.469600] systemd[1]: Created slice User and Session Slice.
[[0;32m  OK  [0m] Created slice User and Session Slice.
[   10.480641] systemd[1]: Listening on fsck to fsckd communication Socket.
[[0;32m  OK  [0m] Listening on fsck to fsckd communication Socket.
[   10.490751] systemd[1]: Reached target System Time Synchronized.
[[0;32m  OK  [0m] Reached target System Time Synchronized.
[   10.502095] systemd[1]: Listening on Journal Audit Socket.
[[0;32m  OK  [0m] Listening on Journal Audit Socket.
[   10.512483] systemd[1]: Listening on LVM2 metadata daemon socket.
[[0;32m  OK  [0m] Listening on LVM2 metadata daemon socket.
[   10.522986] systemd[1]: Reached target User and Group Name Lookups.
[[0;32m  OK  [0m] Reached target User and Group Name Lookups.
[   10.533952] systemd[1]: Started Forward Password Requests to Wall Directory Watch.
[[0;32m  OK  [0m] Started Forward Password Requests to Wall Directory Watch.
[   10.548402] systemd[1]: Listening on LVM2 poll daemon socket.
[[0;32m  OK  [0m] Listening on LVM2 poll daemon socket.
[   10.558351] systemd[1]: Listening on Syslog Socket.
[[0;32m  OK  [0m] Listening on Syslog Socket.
[   10.568208] systemd[1]: Listening on udev Control Socket.
[[0;32m  OK  [0m] Listening on udev Control Socket.
[   10.579070] systemd[1]: Created slice System Slice.
[[0;32m  OK  [0m] Created slice System Slice.
[   10.588285] systemd[1]: Created slice system-serial\x2dgetty.slice.
[[0;32m  OK  [0m] Created slice system-serial\x2dgetty.slice.
[   10.598049] systemd[1]: Reached target Encrypted Volumes.
[[0;32m  OK  [0m] Reached target Encrypted Volumes.
[   10.607456] systemd[1]: Reached target Swap.
[[0;32m  OK  [0m] Reached target Swap.
[   10.615604] systemd[1]: Listening on Journal Socket.
[[0;32m  OK  [0m] Listening on Journal Socket.
[   10.627032] systemd[1]: Starting Set console keymap...
         Starting Set console keymap...
[   10.645775] systemd[1]: Starting Load Kernel Modules...
         Starting Load Kernel Modules...
[   10.663958] systemd[1]: Starting Create list of required static device nodes for the current kernel...
         Starting Create list of required st... nodes for the current kernel...
[   10.696478] systemd[1]: Mounting POSIX Message Queue File System...
[   10.702652] Loading iSCSI transport class v2.0-870.
         Mounting POSIX Message Queue File System...
[   10.723857] systemd[1]: Mounting Debug File System...
         Mounting Debug File System...
[   10.756431] systemd[1]: Starting Uncomplicated firewall...
         Starting Uncomplicated firewall...
[   10.791454] systemd[1]: Starting Nameserver information manager...
[   10.803617] iscsi: registered transport (tcp)
         Starting Nameserver information manager...
[   10.820481] systemd[1]: Starting File System Check on Root Device...
         Starting File System Check on Root Device...
[   10.853036] systemd[1]: Mounting Huge Pages File System...
         Mounting Huge Pages File System...
[   10.880391] systemd[1]: Starting Monitoring of LVM2 mirrors, snapshots etc. using dmeventd or progress polling...
         Starting Monitoring of LVM2 mirrors... dmeventd or progress polling...
[   10.914256] systemd[1]: Reached target Slices.
[[0;32m  OK  [0m] Reached target Slices.
[   10.930103] systemd[1]: Listening on Journal Socket (/dev/log).
[[0;32m  OK  [0m] Listening on Journal Socket (/dev/log).
[   10.948806] systemd[1]: Starting Journal Service...
         Starting Journal Service...
[   10.971913] systemd[1]: Started Trigger resolvconf update for networkd DNS.
[[0;32m  OK  [0m] Started Trigger resolvconf update for networkd DNS.
[   11.004714] systemd[1]: Mounted Huge Pages File System.
[[0;32m  OK  [0m] Mounted Huge Pages File System.
[   11.035824] systemd[1]: Mounted POSIX Message Queue File System.
[[0;32m  OK  [0m] Mounted POSIX Message Queue File System.
[   11.060897] systemd[1]: Mounted Debug File System.
[[0;32m  OK  [0m] Mounted Debug File System.
[   11.079126] systemd[1]: Started Create list of required static device nodes for the current kernel.
[[0;32m  OK  [0m] Started Create list of required sta...ce nodes for the current kernel.
[   11.111042] systemd[1]: Started Uncomplicated firewall.
[[0;32m  OK  [0m] Started Uncomplicated firewall.
[   11.150558] systemd[1]: Started File System Check on Root Device.
[[0;32m  OK  [0m] Started File System Check on Root Device.
[   11.177760] systemd[1]: Started Nameserver information manager.
[[0;32m  OK  [0m] Started Nameserver information manager.
[   11.218827] systemd[1]: Started LVM2 metadata daemon.
[[0;32m  OK  [0m] Started LVM2 metadata daemon.
[   11.238698] systemd[1]: Started File System Check Daemon to report status.
[   11.248769] iscsi: registered transport (iser)
[[0;32m  OK  [0m] Started File System Check Daemon to report status.
[   11.268484] systemd[1]: Starting Remount Root and Kernel File Systems...
         Starting Remount Root and Kernel File Systems...
[   11.287010] systemd[1]: Starting Create Static Device Nodes in /dev...
         Starting Create Static Device Nodes in /dev...
[   11.312337] systemd[1]: Started Load Kernel Modules.
[   11.319355] EXT4-fs (sda1): re-mounted. Opts: (null)
[[0;32m  OK  [0m] Started Load Kernel Modules.
[   11.333878] systemd[1]: Starting Apply Kernel Variables...
         Starting Apply Kernel Variables...
[   11.351054] systemd[1]: Mounting FUSE Control File System...
         Mounting FUSE Control File System...
[   11.373790] systemd[1]: Started Journal Service.
[[0;32m  OK  [0m] Started Journal Service.
[[0;32m  OK  [0m] Mounted FUSE Control File System.
[[0;32m  OK  [0m] Started Remount Root and Kernel File Systems.
[[0;32m  OK  [0m] Started Apply Kernel Variables.
         Starting Load/Save Random Seed...
         Starting udev Coldplug all Devices...
         Starting Flush Journal to Persistent Storage...
[[0;32m  OK  [0m] Started Create Static Device Nodes in /dev.
[[0;32m  OK  [0m] Started Load/Save Random Seed.
         Starting udev Kernel Device Manager...
[[0;32m  OK  [0m] Started Flush Journal to Persistent Storage.
[[0;32m  OK  [0m] Started udev Kernel Device Manager.
[[0;32m  OK  [0m] Started Monitoring of LVM2 mirrors,...ng dmeventd or progress polling.
[[0;32m  OK  [0m] Started Set console keymap.
[[0;32m  OK  [0m] Reached target Local File Systems (Pre).
[[0;32m  OK  [0m] Reached target Local File Systems.
         Starting Commit a transient machine-id on disk...
         Starting Set console font and keymap...
         Starting Tell Plymouth To Write Out Runtime Data...
         Starting LSB: AppArmor initialization...
         Starting Create Volatile Files and Directories...
         Starting Initial cloud-init job (pre-networking)...
[[0;32m  OK  [0m] Started Commit a transient machine-id on disk.
[[0;32m  OK  [0m] Started Tell Plymouth To Write Out Runtime Data.
[[0;32m  OK  [0m] Started Create Volatile Files and Directories.
         Starting Update UTMP about System Boot/Shutdown...
[[0;32m  OK  [0m] Started udev Coldplug all Devices.
[[0;32m  OK  [0m] Started Dispatch Password Requests to Console Directory Watch.
[[0;32m  OK  [0m] Started Update UTMP about System Boot/Shutdown.
[[0;32m  OK  [0m] Found device /dev/ttyS0.
[[0;32m  OK  [0m] Listening on Load/Save RF Kill Switch Status /dev/rfkill Watch.
[[0;32m  OK  [0m] Started Set console font and keymap.
[[0;32m  OK  [0m] Created slice system-getty.slice.
[   20.119162] cloud-init[507]: Cloud-init v. 21.1-19-gbad84ad4-0ubuntu1~16.04.2 running 'init-local' at Wed, 13 Apr 2022 11:16:35 +0000. Up 17.95 seconds.
[[0;32m  OK  [0m] Started Initial cloud-init job (pre-networking).
[[0;32m  OK  [0m] Reached target Network (Pre).
[[0;32m  OK  [0m] Started LSB: AppArmor initialization.
         Starting Raise network interfaces...
         Starting Load AppArmor profiles managed internally by snapd...
[[0;32m  OK  [0m] Started Load AppArmor profiles managed internally by snapd.
[[0;32m  OK  [0m] Started Raise network interfaces.
[[0;32m  OK  [0m] Reached target Network.
         Starting Initial cloud-init job (metadata service crawler)...
[   27.401061] cloud-init[974]: Cloud-init v. 21.1-19-gbad84ad4-0ubuntu1~16.04.2 running 'init' at Wed, 13 Apr 2022 11:16:42 +0000. Up 24.88 seconds.
[   27.413164] cloud-init[974]: ci-info: ++++++++++++++++++++++++++++++++++++++Net device info+++++++++++++++++++++++++++++++++++++++
[   27.428552] cloud-init[974]: ci-info: +--------+-------+----------------------------+---------------+--------+-------------------+
[   27.437288] cloud-init[974]: ci-info: | Device |   Up  |          Address           |      Mask     | Scope  |     Hw-Address    |
[   27.449271] cloud-init[974]: ci-info: +--------+-------+----------------------------+---------------+--------+-------------------+
[   27.464551] cloud-init[974]: ci-info: | enp0s3 |  True |         10.0.2.15          | 255.255.255.0 | global | 02:be:82:6b:cc:1d |
[   27.477098] cloud-init[974]: ci-info: | enp0s3 |  True | fe80::be:82ff:fe6b:cc1d/64 |       .       |  link  | 02:be:82:6b:cc:1d |
[   27.485027] cloud-init[974]: ci-info: | enp0s8 | False |             .              |       .       |   .    | 08:00:27:2e:d1:52 |
[   27.501013] cloud-init[974]: ci-info: |   lo   |  True |         127.0.0.1          |   255.0.0.0   |  host  |         .         |
[   27.512720] cloud-init[974]: ci-info: |   lo   |  True |          ::1/128           |       .       |  host  |         .         |
[   27.521200] cloud-init[974]: ci-info: +--------+-------+----------------------------+---------------+--------+-------------------+
[   27.532946] cloud-init[974]: ci-info: +++++++++++++++++++++++++++Route IPv4 info++++++++++++++++++++++++++++
[   27.540900] cloud-init[974]: ci-info: +-------+-------------+----------+---------------+-----------+-------+
[   27.553028] cloud-init[974]: ci-info: | Route | Destination | Gateway  |    Genmask    | Interface | Flags |
[   27.560957] cloud-init[974]: ci-info: +-------+-------------+----------+---------------+-----------+-------+
[   27.572926] cloud-init[974]: ci-info: |   0   |   0.0.0.0   | 10.0.2.2 |    0.0.0.0    |   enp0s3  |   UG  |
[   27.585069] cloud-init[974]: ci-info: |   1   |   10.0.2.0  | 0.0.0.0  | 255.255.255.0 |   enp0s3  |   U   |
[   27.596895] cloud-init[974]: ci-info: +-------+-------------+----------+---------------+-----------+-------+
[   27.606175] cloud-init[974]: ci-info: +++++++++++++++++++Route IPv6 info+++++++++++++++++++[[0;32m  OK  [0m
[   27.613684] cloud-init[974]: ci-info: +-------+-------------+---------+-----------+-------+] Started Initial cloud-init job (metadata service crawler).
[[0;32m  OK  [0m] Reached target System Initialization.
         Starting Socket activation for snappy daemon.
[   27.629014] cloud-init[974]: ci-info: | Route | Destination | Gateway | Interface | Flags |

[   27.633314] cloud-init[974]: ci-info: +-------+-------------+---------+-----------+-------+
         Starting LXD - unix socket.[   27.642638] cloud-init[974]: ci-info: |   0   |  fe80::/64  |    ::   |   enp0s3  |   U   |
[[0;32m  OK  [0m] Started Ubuntu Advantage update messaging.
[   27.649221] cloud-init[974]: ci-info: |   3   |   ff00::/8  |    ::   |   enp0s3  |   U   |

[[0;32m  OK  [0m] Listening on ACPID Listen Socket.
[[0;32m  OK  [0m[   27.656677] cloud-init[974]: ci-info: +-------+-------------+---------+-----------+-------+] Started Message of the Day.
[[0;32m  OK  [0m] Started Daily apt download activities.
[   27.664675] cloud-init[974]: Generating public/private rsa key pair.
[   27.667369] cloud-init
[[0;32m  OK  [0m] Started Daily apt upgrade and clean activities.
[[0;32m  OK  [0m] Listening on UUID daemon activation socket.[974]: Your identification has been saved in /etc/ssh/ssh_host_rsa_key.

[   27.676957] cloud-init[974]: Your public key has been saved in /etc/ssh/ssh_host_rsa_key.pub.[[0;32m  OK  [0m] Started Daily Cleanup of Temporary Directories.
[[0;32m  OK  [0m] Reached target Timers.

[   27.687299] [[0;32m  OK  [0m] Started ACPI Events Check.
[[0;32m  OK  [0mcloud-init[974]: The key fingerprint is:
[   27.694267] cloud-init[974]: SHA256:hsFJZvqxsGjPAlH7tfA+yDaIM1tBNloMx8YGvFXCC+s root@ubuntu-xenial] Reached target Paths.
[[0;32m  OK  [0m] Listening on D-Bus System Message Bus Socket.
[[0;32m  OK  [0m] Reached target Cloud-config availability.
[   27.704899] cloud-init[974]: The key's randomart image is:

[[0;32m  OK  [0m] Reached target Network is Online.
[   27.712565] cloud-init[974]: +---[RSA 2048]----+
         Starting iSCSI initiator daemon (iscsid)...
[   27.720407] cloud-init[974]: |+++...+          |
[   27.722440] cloud-init[974]: | B=+.* .         |
[[0;32m  OK  [0m] Listening on Socket activation for snappy daemon.
[[0;32m  OK  [0m[   27.726913] cloud-init[974]: |.o% = *          |
[   27.739602] ] Listening on LXD - unix socket.
[[0;32m  OK  [0m] Reached target Sockets.
[[0;32m  OK  [0mcloud-init[974]: | O = B *         |
[   27.747980] ] Reached target Basic System.
         Starting LSB: Record successful boot for GRUB...cloud-init[974]: |+ + o * S        |

         Starting /etc/rc.local Compatibility...
         Starting System Logging Service...[   27.773425] cloud-init[974]: 
| E * o .         |
         [   27.808939] cloud-init[974]: Starting LSB: MD monitoring daemon...
         Starting Accounts Service...
|+ + B o          |
[   27.823225] cloud-init[[0;32m  OK  [0m] Started D-Bus System Message Bus.
[974]: | = o . .         |
[   27.862390] cloud-init[974]: |.                |
[   27.881414] cloud-init[974]: +----[SHA256]-----+
[   27.895839] cloud-init[974]: Generating public/private dsa key pair.
[   27.908316] cloud-init[974]: Your identification has been saved in /etc/ssh/ssh_host_dsa_key.
[   27.915624] cloud-init[974]: Your public key has been saved in /etc/ssh/ssh_host_dsa_key.pub.
[   27.922230] cloud-init[974]:          Starting Virtualbox guest utils...The key fingerprint is:
         Starting Login Service...

[[0;32m  OK  [0m[   27.981278] cloud-init[974]: SHA256:KUBJkZ+nMPoljPK20zCUoqSY0N4A8aYbV8/gl5XSLJ8 root@ubuntu-xenial] Started FUSE filesystem for LXC.
[[0;32m  OK  [0m] Started Regular background program processing daemon.
[[0;32m  OK  [0m] Started Deferred execution scheduler.
[[0;32m  OK  [0m] Started ACPI event daemon.
         Starting LXD - container startup/shutdown...
         Starting Pollinate to seed the pseudo random number generator...
         Starting Snap Daemon...
[[0;32m  OK  [0m] Started System Logging Service.

[[0;32m  OK  [0m] Started /etc/rc.local Compatibility.
[   28.146907] [[0;32m  OK  [0m] Started iSCSI initiator daemon (iscsid).cloud-init
[974]: The key's randomart image is:
         Starting Login to default iSCSI targets...
[[0;32m  OK  [0m] Started Login Service.
[[0;32m  OK  [0m] Started Unattended Upgrades Shutdown.
[   28.293326]          Starting Authenticate and Authorize Users to Run Privileged Tasks...
cloud-init[974]: +---[DSA 1024]----+
[   28.385021] cloud-init[[0;32m  OK  [0m] Started Login to default iSCSI targets.
[[0;32m  OK  [0m] Reached target Remote File Systems (Pre).[974]: |.. .++           |

[[0;32m  OK  [0m] Reached target Remote File Systems.
         Starting LSB: daemon to balance interrupts for SMP systems...[   28.437564] 
         Starting LSB: automatic crash report generation...
         Starting Permit User Sessions...
         Starting LSB: Set the CPU Frequency Scaling governor to "ondemand"...cloud-init[974]: |.. .o  o .       |
[[0;32m  OK  [0m] Started LSB: Record successful boot for GRUB.
[[0;32m  OK  [0m] Started Permit User Sessions.
         Starting Hold until boot process finishes up...
         Starting Terminate Plymouth Boot Screen...
[[0;32m  OK  [0m] Started Hold until boot process finishes up.

[[0;32m  OK  [0m] Started Terminate Plymouth Boot Screen.
[[0;32m  OK  [0m] Started Serial Getty on ttyS0.
[[0;32m  OK  [0m] Started Getty on tty1.
[[0;32m  OK  [0m] Reached target Login Prompts.
[   28.595240] cloud-init         Starting Set console scheme...
[[0;32m  OK  [0m] Started Set console scheme.
[974]: | oo.+.o.=        |
[   28.675359] cloud-init[974]: |o+=oo=o*.o       |
[[0;32m  OK  [0m] Started Authenticate and Authorize Users to Run Privileged Tasks.[   28.728667] cloud-init
[[0;32m  OK  [0m] Started Accounts Service.[974]: |O=.*.o*oE        |
[[0;32m  OK  [0m] Started LSB: MD monitoring daemon.

[   28.772133] cloud-init[974]: |*+* +.o.         |
[   28.794641] cloud-init[[0;32m  OK  [0m] Started LSB: Set the CPU Frequency Scaling governor to "ondemand".
[974]: |.o = o           |
[   28.829882] cloud-init[974]: |  + o            |[[0;32m  OK  [0m] Started LSB: automatic crash report generation.
[[0;32m  OK  [0m] Started LSB: daemon to balance interrupts for SMP systems.

[   28.854743] cloud-init[974]: | ..o             |
[   28.883063] cloud-init[974]: +----[SHA256]-----+
[   28.894442] cloud-init[974]: Generating public/private ecdsa key pair.
[   28.920590] [[0;32m  OK  [0m] Started LXD - container startup/shutdown.
cloud-init[974]: Your identification has been saved in /etc/ssh/ssh_host_ecdsa_key.
[   28.969912] cloud-init[974]: Your public key has been saved in /etc/ssh/ssh_host_ecdsa_key.pub.
[   29.000862] cloud-init[974]: The key fingerprint is:
[   29.017800] cloud-init[974]: SHA256:BxYoaBZLX5ZAsMUhJOC+PBQwzrwpz2Lw/ZHZSAt3dT0 root@ubuntu-xenial
[   29.043044] cloud-init[974]: The key's randomart image is:
[   29.064008] cloud-init[974]: +---[ECDSA 256]---+
[   29.071932] cloud-init[974]: |*.**=ooo.        |
[   29.090777] cloud-init[974]: |*++*ooo  .   .   |
[   29.101390] cloud-init[974]: | Oo ..  o . . E  |
[   29.117845] cloud-init[974]: |. +    . o .   . |
[   29.130799] cloud-init[974]: |o=  . o S .      |
[   29.152042] cloud-init[974]: |=+.. + B .       |
[   29.168107] cloud-init[974]: |.=+ . * .        |
[   29.179462] cloud-init[974]: |...  . .         |
[   29.192544] cloud-init[974]: |      .          |
[   29.207058] cloud-init[974]: +----[SHA256]-----+
[   29.221267] cloud-init[974]: Generating public/private ed25519 key pair.
[   29.255954] cloud-init[974]: Your identification has been saved in /etc/ssh/ssh_host_ed25519_key.
[[0;32m  OK  [0m] Started Virtualbox guest utils.
[   29.283500] cloud-init[974]: Your public key has been saved in /etc/ssh/ssh_host_ed25519_key.pub.
[   29.326545] cloud-init[974]: The key fingerprint is:
[   29.396442] cloud-init[974]: SHA256:QUn3n7shDo+29NZgmedSb3eYglQMCbF//0YNwkLya6I root@ubuntu-xenial
[   29.444570] cloud-init[974]: The key's randomart image is:
[   29.482765] cloud-init[974]: +--[ED25519 256]--+
[   29.526434] cloud-init[974]: |       .=+..     |
[   29.544442] cloud-init[974]: |       .oo+.     |
[   29.556958] cloud-init[974]: |        o+ +.    |
[   29.578789] cloud-init[974]: |         oo =... |
[   29.599283] cloud-init[974]: |        S .+.+o..|
[   29.630043] cloud-init[974]: |        . +.=.o.o|
[   29.645428] cloud-init[974]: |       . +oo.*+= |
[   29.662880] cloud-init[974]: |      E  .o*+.=+*|
[   29.688253] cloud-init[974]: |         .oo+o.o+|
[   29.696510] cloud-init[974]: +----[SHA256]-----+
[[0;32m  OK  [0m] Started Snap Daemon.
         Starting Wait until snapd is fully seeded...
[[0;32m  OK  [0m] Started Pollinate to seed the pseudo random number generator.
         Starting OpenBSD Secure Shell server...
[[0;32m  OK  [0m] Started OpenBSD Secure Shell server.
[[0;32m  OK  [0m] Created slice User Slice of vagrant.
         Starting User Manager for UID 1000...
[[0;32m  OK  [0m] Started Session 1 of user vagrant.
[[0;32m  OK  [0m] Started User Manager for UID 1000.
[[0;32m  OK  [0m] Started Wait until snapd is fully seeded.
         Starting Apply the settings specified in cloud-config...
[[0;32m  OK  [0m] Reached target Multi-User System.
[[0;32m  OK  [0m] Reached target Graphical Interface.
         Starting Update UTMP about System Runlevel Changes...
[[0;32m  OK  [0m] Started Update UTMP about System Runlevel Changes.

Ubuntu 16.04.7 LTS ubuntu-xenial ttyS0

ubuntu-xenial login: [   38.056401] cloud-init[1359]: Generating locales (this might take a while)...
[   43.981301] cloud-init[1359]:   en_US.UTF-8... done
[   43.992689] cloud-init[1359]: Generation complete.
[   45.105608] cloud-init[1359]: Cloud-init v. 21.1-19-gbad84ad4-0ubuntu1~16.04.2 running 'modules:config' at Wed, 13 Apr 2022 11:16:54 +0000. Up 37.14 seconds.
ci-info: no authorized SSH keys fingerprints found for user ubuntu.
<14>Apr 13 11:17:05 ec2: 
<14>Apr 13 11:17:05 ec2: #############################################################
<14>Apr 13 11:17:05 ec2: -----BEGIN SSH HOST KEY FINGERPRINTS-----
<14>Apr 13 11:17:05 ec2: 1024 SHA256:KUBJkZ+nMPoljPK20zCUoqSY0N4A8aYbV8/gl5XSLJ8 root@ubuntu-xenial (DSA)
<14>Apr 13 11:17:05 ec2: 256 SHA256:BxYoaBZLX5ZAsMUhJOC+PBQwzrwpz2Lw/ZHZSAt3dT0 root@ubuntu-xenial (ECDSA)
<14>Apr 13 11:17:05 ec2: 256 SHA256:QUn3n7shDo+29NZgmedSb3eYglQMCbF//0YNwkLya6I root@ubuntu-xenial (ED25519)
<14>Apr 13 11:17:05 ec2: 2048 SHA256:hsFJZvqxsGjPAlH7tfA+yDaIM1tBNloMx8YGvFXCC+s root@ubuntu-xenial (RSA)
<14>Apr 13 11:17:05 ec2: -----END SSH HOST KEY FINGERPRINTS-----
<14>Apr 13 11:17:05 ec2: #############################################################
-----BEGIN SSH HOST KEY KEYS-----
ecdsa-sha2-nistp256 AAAAE2VjZHNhLXNoYTItbmlzdHAyNTYAAAAIbmlzdHAyNTYAAABBBJ8XTdJiqeg6/D5oxH6IFnyIcWmwmRtgnZcrZAlIIx8EH4xL93k0izcqEvUzss9e5Bdwm5JY+bRUbCcYNXWmLmk= root@ubuntu-xenial
ssh-ed25519 AAAAC3NzaC1lZDI1NTE5AAAAIMq3ycwNJuOH7V/HZTLEnJ3AsC7IGpvCw4FxhpZhAdLo root@ubuntu-xenial
ssh-rsa AAAAB3NzaC1yc2EAAAADAQABAAABAQC4tq1b8FjxYqzkSsJEJeR4RZLyePV5cjovDM3bKMC0lPP1yttW0k7YgzO75JGaUusQ5/MxJZiRnsYCf0UuTLqYOOGx6DTNnWtwIN2RI6orH9c5xP87sIYZ0OO2JiplGN1FcFXxEQIhmoLKueKP1xPg2gn/xR4qmFoMCR8cGG8rYdDB5XlK4+5jr3FZZ9ZpsTQ2UU0Lz6doN9nGtakPWBgGPrScwC34eTxCvae0mMVrgjX97ReuEEUpUgWye7YLbpX/GvPP0KjbwayzLD/EOrYjlEvKMcX/utdzRKp7DKp2rR2sNJisidY8akNdC4ekUCANfwboHPsoSHJM9Cc581KF root@ubuntu-xenial
-----END SSH HOST KEY KEYS-----
[   47.618394] cloud-init[1600]: Cloud-init v. 21.1-19-gbad84ad4-0ubuntu1~16.04.2 running 'modules:final' at Wed, 13 Apr 2022 11:17:04 +0000. Up 46.75 seconds.
[   47.625685] cloud-init[1600]: ci-info: no authorized SSH keys fingerprints found for user ubuntu.
[   47.632796] cloud-init[1600]: Cloud-init v. 21.1-19-gbad84ad4-0ubuntu1~16.04.2 finished at Wed, 13 Apr 2022 11:17:05 +0000. Datasource DataSourceNoCloud [seed=/dev/sdb][dsmode=net].  Up 47.57 seconds
